Copyright 1986-2019 Xilinx, Inc. All Rights Reserved.
--------------------------------------------------------------------------------------
| Tool Version : Vivado v.2018.3.1 (win64) Build 2489853 Tue Mar 26 04:20:25 MDT 2019
| Date         : Sat Apr 18 16:57:50 2020
| Host         : DESKTOP-I3C7AFS running 64-bit major release  (build 9200)
| Command      : upgrade_ip
| Device       : xc7z020clg484-1
--------------------------------------------------------------------------------------

Upgrade Log for IP 'design_1_pattern_generator_cr_0_0'

1. Summary
----------

SUCCESS in the upgrade of design_1_pattern_generator_cr_0_0 from Ugo:hls:pattern_generator_cross:3.4 (Rev. 2003271603) to Ugo:hls:pattern_generator_cross:3.5 (Rev. 2004181657)






Copyright 1986-2019 Xilinx, Inc. All Rights Reserved.
--------------------------------------------------------------------------------------
| Tool Version : Vivado v.2018.3.1 (win64) Build 2489853 Tue Mar 26 04:20:25 MDT 2019
| Date         : Sat Mar 28 19:03:40 2020
| Host         : DESKTOP-I3C7AFS running 64-bit major release  (build 9200)
| Command      : upgrade_ip
| Device       : xc7z020clg484-1
--------------------------------------------------------------------------------------

Upgrade Log for IP 'design_1_axisTester_0_0'

1. Summary
----------

SUCCESS in the upgrade of design_1_axisTester_0_0 from Ugo:hls:axisTester:1.1 (Rev. 2003271852) to Ugo:hls:axisTester:1.3 (Rev. 2003281901)

