#-----------------------------------------------------------
# Vivado v2018.3.1 (64-bit)
# SW Build 2489853 on Tue Mar 26 04:20:25 MDT 2019
# IP Build 2486929 on Tue Mar 26 06:44:21 MDT 2019
# Start of session at: Sat Mar  7 19:43:14 2020
# Process ID: 5192
# Current directory: C:/Users/ugo/Desktop/baseVideo
# Command line: vivado.exe -gui_launcher_event rodinguilauncherevent4632 C:\Users\ugo\Desktop\baseVideo\baseVideo.xpr
# Log file: C:/Users/ugo/Desktop/baseVideo/vivado.log
# Journal file: C:/Users/ugo/Desktop/baseVideo\vivado.jou
#-----------------------------------------------------------
start_gui
open_project C:/Users/ugo/Desktop/baseVideo/baseVideo.xpr
Scanning sources...
Finished scanning sources
INFO: [IP_Flow 19-234] Refreshing IP repositories
INFO: [IP_Flow 19-1700] Loaded user IP repository 'c:/Users/ugo/Desktop/SmartCamera-master/OV7670_Color/VIVADO_HLS'.
INFO: [IP_Flow 19-1700] Loaded user IP repository 'c:/Users/ugo/Desktop/24_bit_gen'.
INFO: [IP_Flow 19-1700] Loaded user IP repository 'c:/Users/ugo/Desktop/OV7670_GRAYSCALE'.
INFO: [IP_Flow 19-1700] Loaded user IP repository 'c:/Users/ugo/Desktop/Progetti/counter'.
INFO: [IP_Flow 19-1700] Loaded user IP repository 'c:/Users/ugo/Desktop/SmartCamera-master/HLS_COMMON'.
INFO: [IP_Flow 19-2313] Loaded Vivado IP repository 'C:/Xilinx/Vivado/2018.3/data/ip'.
CRITICAL WARNING: [IP_Flow 19-1663] Duplicate IP found for 'xilinx.com:hls:axis_to_ddr_writer:1.0'. The one found in IP location 'c:/Users/ugo/Desktop/SmartCamera-master/HLS_COMMON/DDR/AXIS_TO_DDR_WRITER_VGA64/solution1/impl/ip' will take precedence over the same IP in location c:/Users/ugo/Desktop/SmartCamera-master/HLS_COMMON/DDR/AXIS_TO_DDR_WRITER_AXILITE/solution1/impl/ip
CRITICAL WARNING: [IP_Flow 19-1663] Duplicate IP found for 'xilinx.com:hls:ddr_to_axis_reader:1.0'. The one found in IP location 'c:/Users/ugo/Desktop/SmartCamera-master/HLS_COMMON/DDR/DDR_TO_AXIS_READER_AXILITE/solution1/impl/ip' will take precedence over the same IP in location c:/Users/ugo/Desktop/SmartCamera-master/HLS_COMMON/DDR/DDR_TO_AXIS_READER_VGA64/solution1/impl/ip
WARNING: [IP_Flow 19-4830] Duplicate Interface found for 'xilinx.com:display_processing_system7:fixedio:1.0'. The one found in location 'c:/Users/ugo/Desktop/SmartCamera-master/HLS_COMMON/VIVADO/PATTERN_GENERATOR_TEST/PATTERN_GENERATOR_TEST.srcs/sources_1/bd/design_1/ipshared/xilinx.com/processing_system7_v5_5/fixedio.xml' will take precedence over the same Interface in location 'c:/Xilinx/Vivado/2018.3/data/ip/xilinx/processing_system7_v5_5/fixedio.xml'
WARNING: [IP_Flow 19-4830] Duplicate Interface found for 'xilinx.com:display_processing_system7:hpstatusctrl:1.0'. The one found in location 'c:/Users/ugo/Desktop/SmartCamera-master/HLS_COMMON/VIVADO/PATTERN_GENERATOR_TEST/PATTERN_GENERATOR_TEST.srcs/sources_1/bd/design_1/ipshared/xilinx.com/processing_system7_v5_5/hpstatusctrl.xml' will take precedence over the same Interface in location 'c:/Xilinx/Vivado/2018.3/data/ip/xilinx/processing_system7_v5_5/hpstatusctrl.xml'
WARNING: [IP_Flow 19-4830] Duplicate Interface found for 'xilinx.com:display_processing_system7:usbctrl:1.0'. The one found in location 'c:/Users/ugo/Desktop/SmartCamera-master/HLS_COMMON/VIVADO/PATTERN_GENERATOR_TEST/PATTERN_GENERATOR_TEST.srcs/sources_1/bd/design_1/ipshared/xilinx.com/processing_system7_v5_5/usbctrl.xml' will take precedence over the same Interface in location 'c:/Xilinx/Vivado/2018.3/data/ip/xilinx/processing_system7_v5_5/usbctrl.xml'
open_project: Time (s): cpu = 00:00:35 ; elapsed = 00:00:19 . Memory (MB): peak = 785.191 ; gain = 193.063
update_compile_order -fileset sources_1
open_bd_design {C:/Users/ugo/Desktop/baseVideo/baseVideo.srcs/sources_1/bd/design_1/design_1.bd}
Adding cell -- xilinx.com:ip:processing_system7:5.5 - processing_system7_0
Adding cell -- xilinx.com:ip:proc_sys_reset:5.0 - proc_sys_reset_0
Adding cell -- xilinx.com:ip:clk_wiz:6.0 - clk_wiz_0
Adding cell -- xilinx.com:ip:axi_interconnect:2.1 - axi_interconnect_0
Adding cell -- xilinx.com:ip:axi_crossbar:2.1 - xbar
Adding cell -- xilinx.com:ip:axi_protocol_converter:2.1 - auto_pc
Adding cell -- xilinx.com:ip:v_tpg:8.0 - v_tpg_0
Adding cell -- xilinx.com:ip:v_axi4s_vid_out:4.0 - v_axi4s_vid_out_0
Adding cell -- xilinx.com:ip:v_tc:6.1 - v_tc_0
Adding cell -- xilinx.com:ip:xlconstant:1.1 - constant_1
Adding cell -- xilinx.com:ip:xlslice:1.0 - VGA_R
Adding cell -- xilinx.com:ip:xlslice:1.0 - VGA_B
Adding cell -- xilinx.com:ip:xlslice:1.0 - VGA_G
Adding cell -- xilinx.com:ip:axi_vdma:6.3 - axi_vdma_0
Adding cell -- xilinx.com:ip:axi_interconnect:2.1 - axi_interconnect_1
Adding cell -- xilinx.com:ip:axi_crossbar:2.1 - xbar
Adding cell -- xilinx.com:ip:axi_protocol_converter:2.1 - auto_pc
Adding cell -- xilinx.com:hls:ov7670_interface:1.0 - ov7670_interface_0
Adding cell -- xilinx.com:ip:xlconstant:1.1 - Const_0_0
Adding cell -- xilinx.com:ip:xlconstant:1.1 - Const_1
Adding cell -- xilinx.com:hls:LF_valid_to_AXIS:1.0 - LF_valid_to_AXIS_0
Adding cell -- Ugo:hls:ov7670_grayscale:1.0 - ov7670_grayscale_0
Adding cell -- xilinx.com:ip:xlconstant:1.1 - xlconstant_0
Adding cell -- Ugo:hls:contatore_no_io:1.3 - contatore_no_io_0
Adding cell -- Ugo:hls:pattern_generator_cross:1.4 - pattern_generator_cr_0
Successfully read diagram <design_1> from BD file <C:/Users/ugo/Desktop/baseVideo/baseVideo.srcs/sources_1/bd/design_1/design_1.bd>
open_bd_design: Time (s): cpu = 00:00:16 ; elapsed = 00:00:14 . Memory (MB): peak = 1530.840 ; gain = 14.637
report_ip_status -name ip_status 
reset_run design_1_v_tpg_0_0_synth_1
reset_run synth_1
launch_runs synth_1 -jobs 4
INFO: [BD 41-1662] The design 'design_1.bd' is already validated. Therefore parameter propagation will not be re-run.
Wrote  : <C:/Users/ugo/Desktop/baseVideo/baseVideo.srcs/sources_1/bd/design_1/ui/bd_1f5defd0.ui> 
WARNING: [BD 41-235] Width mismatch when connecting pin: '/axi_interconnect_1/m00_couplers/auto_pc/m_axi_rid'(1) to net 'auto_pc_to_m00_couplers_RID'(6) - Only lower order bits will be connected.
WARNING: [BD 41-235] Width mismatch when connecting pin: '/axi_interconnect_1/m00_couplers/auto_pc/m_axi_bid'(1) to net 'auto_pc_to_m00_couplers_BID'(6) - Only lower order bits will be connected.
WARNING: [BD 41-235] Width mismatch when connecting pin: '/processing_system7_0/S_AXI_HP0_AWID'(6) to net 'axi_interconnect_1_M00_AXI_AWID'(1) - Only lower order bits will be connected.
WARNING: [BD 41-235] Width mismatch when connecting pin: '/processing_system7_0/S_AXI_HP0_ARID'(6) to net 'axi_interconnect_1_M00_AXI_ARID'(1) - Only lower order bits will be connected.
WARNING: [BD 41-235] Width mismatch when connecting pin: '/processing_system7_0/S_AXI_HP0_WID'(6) to net 'axi_interconnect_1_M00_AXI_WID'(1) - Only lower order bits will be connected.
VHDL Output written to : C:/Users/ugo/Desktop/baseVideo/baseVideo.srcs/sources_1/bd/design_1/synth/design_1.vhd
WARNING: [BD 41-235] Width mismatch when connecting pin: '/axi_interconnect_1/m00_couplers/auto_pc/m_axi_rid'(1) to net 'auto_pc_to_m00_couplers_RID'(6) - Only lower order bits will be connected.
WARNING: [BD 41-235] Width mismatch when connecting pin: '/axi_interconnect_1/m00_couplers/auto_pc/m_axi_bid'(1) to net 'auto_pc_to_m00_couplers_BID'(6) - Only lower order bits will be connected.
WARNING: [BD 41-235] Width mismatch when connecting pin: '/processing_system7_0/S_AXI_HP0_AWID'(6) to net 'axi_interconnect_1_M00_AXI_AWID'(1) - Only lower order bits will be connected.
WARNING: [BD 41-235] Width mismatch when connecting pin: '/processing_system7_0/S_AXI_HP0_ARID'(6) to net 'axi_interconnect_1_M00_AXI_ARID'(1) - Only lower order bits will be connected.
WARNING: [BD 41-235] Width mismatch when connecting pin: '/processing_system7_0/S_AXI_HP0_WID'(6) to net 'axi_interconnect_1_M00_AXI_WID'(1) - Only lower order bits will be connected.
VHDL Output written to : C:/Users/ugo/Desktop/baseVideo/baseVideo.srcs/sources_1/bd/design_1/sim/design_1.vhd
VHDL Output written to : C:/Users/ugo/Desktop/baseVideo/baseVideo.srcs/sources_1/bd/design_1/hdl/design_1_wrapper.vhd
INFO: [BD 41-1029] Generation completed for the IP Integrator block processing_system7_0 .
INFO: [BD 41-1029] Generation completed for the IP Integrator block proc_sys_reset_0 .
INFO: [BD 41-1029] Generation completed for the IP Integrator block clk_wiz_0 .
INFO: [BD 41-1029] Generation completed for the IP Integrator block v_tpg_0 .
INFO: [BD 41-1029] Generation completed for the IP Integrator block v_axi4s_vid_out_0 .
INFO: [BD 41-1029] Generation completed for the IP Integrator block v_tc_0 .
INFO: [BD 41-1029] Generation completed for the IP Integrator block constant_1 .
INFO: [BD 41-1029] Generation completed for the IP Integrator block VGA_R .
INFO: [BD 41-1029] Generation completed for the IP Integrator block VGA_B .
INFO: [BD 41-1029] Generation completed for the IP Integrator block VGA_G .
INFO: [BD 41-1029] Generation completed for the IP Integrator block axi_interconnect_0/xbar .
INFO: [BD 41-1029] Generation completed for the IP Integrator block axi_vdma_0 .
INFO: [BD 41-1029] Generation completed for the IP Integrator block axi_interconnect_1/xbar .
INFO: [BD 41-1029] Generation completed for the IP Integrator block ov7670_interface_0 .
INFO: [BD 41-1029] Generation completed for the IP Integrator block Const_0_0 .
INFO: [BD 41-1029] Generation completed for the IP Integrator block Const_1 .
INFO: [BD 41-1029] Generation completed for the IP Integrator block LF_valid_to_AXIS_0 .
INFO: [BD 41-1029] Generation completed for the IP Integrator block ov7670_grayscale_0 .
INFO: [BD 41-1029] Generation completed for the IP Integrator block xlconstant_0 .
INFO: [BD 41-1029] Generation completed for the IP Integrator block contatore_no_io_0 .
INFO: [BD 41-1029] Generation completed for the IP Integrator block pattern_generator_cr_0 .
WARNING: [IP_Flow 19-4994] Overwriting existing constraint file 'c:/Users/ugo/Desktop/baseVideo/baseVideo.srcs/sources_1/bd/design_1/ip/design_1_auto_pc_0/design_1_auto_pc_0_ooc.xdc'
INFO: [BD 41-1029] Generation completed for the IP Integrator block axi_interconnect_0/s00_couplers/auto_pc .
WARNING: [IP_Flow 19-4994] Overwriting existing constraint file 'c:/Users/ugo/Desktop/baseVideo/baseVideo.srcs/sources_1/bd/design_1/ip/design_1_auto_pc_1/design_1_auto_pc_1_ooc.xdc'
INFO: [BD 41-1029] Generation completed for the IP Integrator block axi_interconnect_1/m00_couplers/auto_pc .
Exporting to file C:/Users/ugo/Desktop/baseVideo/baseVideo.srcs/sources_1/bd/design_1/hw_handoff/design_1.hwh
Generated Block Design Tcl file C:/Users/ugo/Desktop/baseVideo/baseVideo.srcs/sources_1/bd/design_1/hw_handoff/design_1_bd.tcl
Generated Hardware Definition File C:/Users/ugo/Desktop/baseVideo/baseVideo.srcs/sources_1/bd/design_1/synth/design_1.hwdef
INFO: [IP_Flow 19-4993] Using cached IP synthesis design for IP design_1_auto_pc_0, cache-ID = 1fdf948c4d3f1c4f; cache size = 71.145 MB.
INFO: [IP_Flow 19-4993] Using cached IP synthesis design for IP design_1_auto_pc_1, cache-ID = 1acbf50f176ac218; cache size = 71.145 MB.
INFO: [IP_Flow 19-4993] Using cached IP synthesis design for IP design_1_v_tpg_0_0, cache-ID = ed130ac5387a37ee; cache size = 71.145 MB.
config_ip_cache: Time (s): cpu = 00:00:06 ; elapsed = 00:00:07 . Memory (MB): peak = 1530.840 ; gain = 0.000
[Sat Mar  7 19:45:11 2020] Launched design_1_v_tpg_0_0_synth_1, design_1_pattern_generator_cr_0_0_synth_1...
Run output will be captured here:
design_1_v_tpg_0_0_synth_1: C:/Users/ugo/Desktop/baseVideo/baseVideo.runs/design_1_v_tpg_0_0_synth_1/runme.log
design_1_pattern_generator_cr_0_0_synth_1: C:/Users/ugo/Desktop/baseVideo/baseVideo.runs/design_1_pattern_generator_cr_0_0_synth_1/runme.log
[Sat Mar  7 19:45:11 2020] Launched synth_1...
Run output will be captured here: C:/Users/ugo/Desktop/baseVideo/baseVideo.runs/synth_1/runme.log
launch_runs: Time (s): cpu = 00:00:24 ; elapsed = 00:00:18 . Memory (MB): peak = 1530.840 ; gain = 0.000
launch_runs impl_1 -jobs 4
INFO: [IP_Flow 19-4993] Using cached IP synthesis design for IP design_1_v_tpg_0_0, cache-ID = ed130ac5387a37ee; cache size = 71.286 MB.
[Sat Mar  7 19:50:54 2020] Launched design_1_v_tpg_0_0_synth_1...
Run output will be captured here: C:/Users/ugo/Desktop/baseVideo/baseVideo.runs/design_1_v_tpg_0_0_synth_1/runme.log
[Sat Mar  7 19:50:54 2020] Launched impl_1...
Run output will be captured here: C:/Users/ugo/Desktop/baseVideo/baseVideo.runs/impl_1/runme.log
reset_run synth_1
launch_runs impl_1 -to_step write_bitstream -jobs 4
INFO: [IP_Flow 19-4993] Using cached IP synthesis design for IP design_1_v_tpg_0_0, cache-ID = ed130ac5387a37ee; cache size = 71.286 MB.
[Sat Mar  7 19:59:30 2020] Launched design_1_v_tpg_0_0_synth_1, synth_1...
Run output will be captured here:
design_1_v_tpg_0_0_synth_1: C:/Users/ugo/Desktop/baseVideo/baseVideo.runs/design_1_v_tpg_0_0_synth_1/runme.log
synth_1: C:/Users/ugo/Desktop/baseVideo/baseVideo.runs/synth_1/runme.log
[Sat Mar  7 19:59:30 2020] Launched impl_1...
Run output will be captured here: C:/Users/ugo/Desktop/baseVideo/baseVideo.runs/impl_1/runme.log
open_run impl_1
INFO: [Netlist 29-17] Analyzing 231 Unisim elements for replacement
INFO: [Netlist 29-28] Unisim Transformation completed in 0 CPU seconds
INFO: [Project 1-479] Netlist was created with Vivado 2018.3.1
INFO: [Device 21-403] Loading part xc7z020clg484-1
INFO: [Project 1-570] Preparing netlist for logic optimization
WARNING: [Constraints 18-550] Could not create 'IBUF_LOW_PWR' constraint because net 'design_1_i/clk_wiz_0/clk_in1' is not directly connected to top level port. Synthesis is ignored for IBUF_LOW_PWR but preserved for implementation.
INFO: [Timing 38-478] Restoring timing data from binary archive.
INFO: [Timing 38-479] Binary timing data restore complete.
INFO: [Project 1-856] Restoring constraints from binary archive.
INFO: [Project 1-853] Binary constraint restore complete.
Reading XDEF placement.
Reading placer database...
Reading XDEF routing.
Read XDEF File: Time (s): cpu = 00:00:01 ; elapsed = 00:00:02 . Memory (MB): peak = 2008.277 ; gain = 0.488
Restored from archive | CPU: 1.000000 secs | Memory: 0.000000 MB |
Finished XDEF File Restore: Time (s): cpu = 00:00:01 ; elapsed = 00:00:02 . Memory (MB): peak = 2008.277 ; gain = 0.488
Netlist sorting complete. Time (s): cpu = 00:00:00 ; elapsed = 00:00:00.007 . Memory (MB): peak = 2008.277 ; gain = 0.000
INFO: [Project 1-111] Unisim Transformation Summary:
  A total of 8 instances were transformed.
  RAM32M => RAM32M (RAMD32, RAMD32, RAMD32, RAMD32, RAMD32, RAMD32, RAMS32, RAMS32): 4 instances
  RAM32X1D => RAM32X1D (RAMD32, RAMD32): 1 instances
  SRLC32E => SRL16E: 3 instances

WARNING: [Designutils 20-3303] unexpected site type 'IOPAD' in HDPYFinalizeIO
WARNING: [Designutils 20-3303] unexpected site type 'IOPAD' in HDPYFinalizeIO
WARNING: [Designutils 20-3303] unexpected site type 'IOPAD' in HDPYFinalizeIO
WARNING: [Designutils 20-3303] unexpected site type 'IOPAD' in HDPYFinalizeIO
WARNING: [Designutils 20-3303] unexpected site type 'IOPAD' in HDPYFinalizeIO
WARNING: [Designutils 20-3303] unexpected site type 'IOPAD' in HDPYFinalizeIO
WARNING: [Designutils 20-3303] unexpected site type 'IOPAD' in HDPYFinalizeIO
WARNING: [Designutils 20-3303] unexpected site type 'IOPAD' in HDPYFinalizeIO
WARNING: [Designutils 20-3303] unexpected site type 'IOPAD' in HDPYFinalizeIO
WARNING: [Designutils 20-3303] unexpected site type 'IOPAD' in HDPYFinalizeIO
WARNING: [Designutils 20-3303] unexpected site type 'IOPAD' in HDPYFinalizeIO
WARNING: [Designutils 20-3303] unexpected site type 'IOPAD' in HDPYFinalizeIO
WARNING: [Designutils 20-3303] unexpected site type 'IOPAD' in HDPYFinalizeIO
WARNING: [Designutils 20-3303] unexpected site type 'IOPAD' in HDPYFinalizeIO
WARNING: [Designutils 20-3303] unexpected site type 'IOPAD' in HDPYFinalizeIO
WARNING: [Designutils 20-3303] unexpected site type 'IOPAD' in HDPYFinalizeIO
WARNING: [Designutils 20-3303] unexpected site type 'IOPAD' in HDPYFinalizeIO
WARNING: [Designutils 20-3303] unexpected site type 'IOPAD' in HDPYFinalizeIO
WARNING: [Designutils 20-3303] unexpected site type 'IOPAD' in HDPYFinalizeIO
WARNING: [Designutils 20-3303] unexpected site type 'IOPAD' in HDPYFinalizeIO
WARNING: [Designutils 20-3303] unexpected site type 'IOPAD' in HDPYFinalizeIO
WARNING: [Designutils 20-3303] unexpected site type 'IOPAD' in HDPYFinalizeIO
WARNING: [Designutils 20-3303] unexpected site type 'IOPAD' in HDPYFinalizeIO
WARNING: [Designutils 20-3303] unexpected site type 'IOPAD' in HDPYFinalizeIO
WARNING: [Designutils 20-3303] unexpected site type 'IOPAD' in HDPYFinalizeIO
WARNING: [Designutils 20-3303] unexpected site type 'IOPAD' in HDPYFinalizeIO
WARNING: [Designutils 20-3303] unexpected site type 'IOPAD' in HDPYFinalizeIO
WARNING: [Designutils 20-3303] unexpected site type 'IOPAD' in HDPYFinalizeIO
WARNING: [Designutils 20-3303] unexpected site type 'IOPAD' in HDPYFinalizeIO
WARNING: [Designutils 20-3303] unexpected site type 'IOPAD' in HDPYFinalizeIO
WARNING: [Designutils 20-3303] unexpected site type 'IOPAD' in HDPYFinalizeIO
WARNING: [Designutils 20-3303] unexpected site type 'IOPAD' in HDPYFinalizeIO
WARNING: [Designutils 20-3303] unexpected site type 'IOPAD' in HDPYFinalizeIO
WARNING: [Designutils 20-3303] unexpected site type 'IOPAD' in HDPYFinalizeIO
WARNING: [Designutils 20-3303] unexpected site type 'IOPAD' in HDPYFinalizeIO
WARNING: [Designutils 20-3303] unexpected site type 'IOPAD' in HDPYFinalizeIO
WARNING: [Designutils 20-3303] unexpected site type 'IOPAD' in HDPYFinalizeIO
WARNING: [Designutils 20-3303] unexpected site type 'IOPAD' in HDPYFinalizeIO
WARNING: [Designutils 20-3303] unexpected site type 'IOPAD' in HDPYFinalizeIO
WARNING: [Designutils 20-3303] unexpected site type 'IOPAD' in HDPYFinalizeIO
WARNING: [Designutils 20-3303] unexpected site type 'IOPAD' in HDPYFinalizeIO
WARNING: [Designutils 20-3303] unexpected site type 'IOPAD' in HDPYFinalizeIO
WARNING: [Designutils 20-3303] unexpected site type 'IOPAD' in HDPYFinalizeIO
WARNING: [Designutils 20-3303] unexpected site type 'IOPAD' in HDPYFinalizeIO
WARNING: [Designutils 20-3303] unexpected site type 'IOPAD' in HDPYFinalizeIO
WARNING: [Designutils 20-3303] unexpected site type 'IOPAD' in HDPYFinalizeIO
WARNING: [Designutils 20-3303] unexpected site type 'IOPAD' in HDPYFinalizeIO
WARNING: [Designutils 20-3303] unexpected site type 'IOPAD' in HDPYFinalizeIO
WARNING: [Designutils 20-3303] unexpected site type 'IOPAD' in HDPYFinalizeIO
WARNING: [Designutils 20-3303] unexpected site type 'IOPAD' in HDPYFinalizeIO
WARNING: [Designutils 20-3303] unexpected site type 'IOPAD' in HDPYFinalizeIO
WARNING: [Designutils 20-3303] unexpected site type 'IOPAD' in HDPYFinalizeIO
WARNING: [Designutils 20-3303] unexpected site type 'IOPAD' in HDPYFinalizeIO
WARNING: [Designutils 20-3303] unexpected site type 'IOPAD' in HDPYFinalizeIO
WARNING: [Designutils 20-3303] unexpected site type 'IOPAD' in HDPYFinalizeIO
WARNING: [Designutils 20-3303] unexpected site type 'IOPAD' in HDPYFinalizeIO
WARNING: [Designutils 20-3303] unexpected site type 'IOPAD' in HDPYFinalizeIO
WARNING: [Designutils 20-3303] unexpected site type 'IOPAD' in HDPYFinalizeIO
WARNING: [Designutils 20-3303] unexpected site type 'IOPAD' in HDPYFinalizeIO
WARNING: [Designutils 20-3303] unexpected site type 'IOPAD' in HDPYFinalizeIO
WARNING: [Designutils 20-3303] unexpected site type 'IOPAD' in HDPYFinalizeIO
WARNING: [Designutils 20-3303] unexpected site type 'IOPAD' in HDPYFinalizeIO
WARNING: [Designutils 20-3303] unexpected site type 'IOPAD' in HDPYFinalizeIO
WARNING: [Designutils 20-3303] unexpected site type 'IOPAD' in HDPYFinalizeIO
WARNING: [Designutils 20-3303] unexpected site type 'IOPAD' in HDPYFinalizeIO
WARNING: [Designutils 20-3303] unexpected site type 'IOPAD' in HDPYFinalizeIO
WARNING: [Designutils 20-3303] unexpected site type 'IOPAD' in HDPYFinalizeIO
WARNING: [Designutils 20-3303] unexpected site type 'IOPAD' in HDPYFinalizeIO
WARNING: [Designutils 20-3303] unexpected site type 'IOPAD' in HDPYFinalizeIO
WARNING: [Designutils 20-3303] unexpected site type 'IOPAD' in HDPYFinalizeIO
WARNING: [Designutils 20-3303] unexpected site type 'IOPAD' in HDPYFinalizeIO
WARNING: [Designutils 20-3303] unexpected site type 'IOPAD' in HDPYFinalizeIO
WARNING: [Designutils 20-3303] unexpected site type 'IOPAD' in HDPYFinalizeIO
WARNING: [Designutils 20-3303] unexpected site type 'IOPAD' in HDPYFinalizeIO
WARNING: [Designutils 20-3303] unexpected site type 'IOPAD' in HDPYFinalizeIO
WARNING: [Designutils 20-3303] unexpected site type 'IOPAD' in HDPYFinalizeIO
WARNING: [Designutils 20-3303] unexpected site type 'IOPAD' in HDPYFinalizeIO
WARNING: [Designutils 20-3303] unexpected site type 'IOPAD' in HDPYFinalizeIO
WARNING: [Designutils 20-3303] unexpected site type 'IOPAD' in HDPYFinalizeIO
WARNING: [Designutils 20-3303] unexpected site type 'IOPAD' in HDPYFinalizeIO
WARNING: [Designutils 20-3303] unexpected site type 'IOPAD' in HDPYFinalizeIO
WARNING: [Designutils 20-3303] unexpected site type 'IOPAD' in HDPYFinalizeIO
WARNING: [Designutils 20-3303] unexpected site type 'IOPAD' in HDPYFinalizeIO
WARNING: [Designutils 20-3303] unexpected site type 'IOPAD' in HDPYFinalizeIO
WARNING: [Designutils 20-3303] unexpected site type 'IOPAD' in HDPYFinalizeIO
WARNING: [Designutils 20-3303] unexpected site type 'IOPAD' in HDPYFinalizeIO
WARNING: [Designutils 20-3303] unexpected site type 'IOPAD' in HDPYFinalizeIO
WARNING: [Designutils 20-3303] unexpected site type 'IOPAD' in HDPYFinalizeIO
WARNING: [Designutils 20-3303] unexpected site type 'IOPAD' in HDPYFinalizeIO
WARNING: [Designutils 20-3303] unexpected site type 'IOPAD' in HDPYFinalizeIO
WARNING: [Designutils 20-3303] unexpected site type 'IOPAD' in HDPYFinalizeIO
WARNING: [Designutils 20-3303] unexpected site type 'IOPAD' in HDPYFinalizeIO
WARNING: [Designutils 20-3303] unexpected site type 'IOPAD' in HDPYFinalizeIO
WARNING: [Designutils 20-3303] unexpected site type 'IOPAD' in HDPYFinalizeIO
WARNING: [Designutils 20-3303] unexpected site type 'IOPAD' in HDPYFinalizeIO
WARNING: [Designutils 20-3303] unexpected site type 'IOPAD' in HDPYFinalizeIO
WARNING: [Designutils 20-3303] unexpected site type 'IOPAD' in HDPYFinalizeIO
WARNING: [Designutils 20-3303] unexpected site type 'IOPAD' in HDPYFinalizeIO
WARNING: [Designutils 20-3303] unexpected site type 'IOPAD' in HDPYFinalizeIO
WARNING: [Designutils 20-3303] unexpected site type 'IOPAD' in HDPYFinalizeIO
INFO: [Common 17-14] Message 'Designutils 20-3303' appears 100 times and further instances of the messages will be disabled. Use the Tcl command set_msg_config to change the current settings.
open_run: Time (s): cpu = 00:00:45 ; elapsed = 00:00:33 . Memory (MB): peak = 2136.105 ; gain = 605.266
open_report: Time (s): cpu = 00:00:12 ; elapsed = 00:00:07 . Memory (MB): peak = 2143.289 ; gain = 4.535
file copy -force C:/Users/ugo/Desktop/baseVideo/baseVideo.runs/impl_1/design_1_wrapper.sysdef C:/Users/ugo/Desktop/baseVideo/baseVideo.sdk/design_1_wrapper.hdf

launch_sdk -workspace C:/Users/ugo/Desktop/baseVideo/baseVideo.sdk -hwspec C:/Users/ugo/Desktop/baseVideo/baseVideo.sdk/design_1_wrapper.hdf
INFO: [Vivado 12-393] Launching SDK...
INFO: [Vivado 12-417] Running xsdk -workspace C:/Users/ugo/Desktop/baseVideo/baseVideo.sdk -hwspec C:/Users/ugo/Desktop/baseVideo/baseVideo.sdk/design_1_wrapper.hdf
INFO: [Vivado 12-3157] SDK launch initiated. Please check console for any further messages.
open_bd_design {C:/Users/ugo/Desktop/baseVideo/baseVideo.srcs/sources_1/bd/design_1/design_1.bd}
exit
INFO: [Common 17-206] Exiting Vivado at Sat Mar  7 20:49:41 2020...
