
*** Running vivado
    with args -log design_1_wrapper.vds -m64 -product Vivado -mode batch -messageDb vivado.pb -notrace -source design_1_wrapper.tcl


****** Vivado v2018.3.1 (64-bit)
  **** SW Build 2489853 on Tue Mar 26 04:20:25 MDT 2019
  **** IP Build 2486929 on Tue Mar 26 06:44:21 MDT 2019
    ** Copyright 1986-2019 Xilinx, Inc. All Rights Reserved.

source design_1_wrapper.tcl -notrace
INFO: [IP_Flow 19-234] Refreshing IP repositories
INFO: [IP_Flow 19-1704] No user IP repositories specified
INFO: [IP_Flow 19-2313] Loaded Vivado IP repository 'C:/Xilinx/Vivado/2018.3/data/ip'.
add_files: Time (s): cpu = 00:00:02 ; elapsed = 00:00:16 . Memory (MB): peak = 273.691 ; gain = 27.207
Command: synth_design -top design_1_wrapper -part xc7z020clg484-1
Starting synth_design
Attempting to get a license for feature 'Synthesis' and/or device 'xc7z020'
INFO: [Common 17-349] Got license for feature 'Synthesis' and/or device 'xc7z020'
INFO: Launching helper process for spawning children vivado processes
INFO: Helper process launched with PID 11576 
---------------------------------------------------------------------------------
Starting RTL Elaboration : Time (s): cpu = 00:00:03 ; elapsed = 00:00:03 . Memory (MB): peak = 380.945 ; gain = 99.188
---------------------------------------------------------------------------------
INFO: [Synth 8-638] synthesizing module 'design_1_wrapper' [C:/Users/ugo/Desktop/baseVideoFinal/instructables/instructables.srcs/sources_1/bd/design_1/hdl/design_1_wrapper.vhd:36]
INFO: [Synth 8-3491] module 'design_1' declared at 'C:/Users/ugo/Desktop/baseVideoFinal/instructables/instructables.srcs/sources_1/bd/design_1/synth/design_1.vhd:14' bound to instance 'design_1_i' of component 'design_1' [C:/Users/ugo/Desktop/baseVideoFinal/instructables/instructables.srcs/sources_1/bd/design_1/hdl/design_1_wrapper.vhd:59]
INFO: [Synth 8-638] synthesizing module 'design_1' [C:/Users/ugo/Desktop/baseVideoFinal/instructables/instructables.srcs/sources_1/bd/design_1/synth/design_1.vhd:40]
INFO: [Synth 8-3491] module 'design_1_blk_mem_gen_0_0' declared at 'C:/Users/ugo/Desktop/baseVideoFinal/instructables/instructables.runs/synth_1/.Xil/Vivado-4628-DESKTOP-I3C7AFS/realtime/design_1_blk_mem_gen_0_0_stub.vhdl:5' bound to instance 'blk_mem_gen_0' of component 'design_1_blk_mem_gen_0_0' [C:/Users/ugo/Desktop/baseVideoFinal/instructables/instructables.srcs/sources_1/bd/design_1/synth/design_1.vhd:149]
INFO: [Synth 8-638] synthesizing module 'design_1_blk_mem_gen_0_0' [C:/Users/ugo/Desktop/baseVideoFinal/instructables/instructables.runs/synth_1/.Xil/Vivado-4628-DESKTOP-I3C7AFS/realtime/design_1_blk_mem_gen_0_0_stub.vhdl:18]
INFO: [Synth 8-3491] module 'design_1_clocking_0_0' declared at 'C:/Users/ugo/Desktop/baseVideoFinal/instructables/instructables.runs/synth_1/.Xil/Vivado-4628-DESKTOP-I3C7AFS/realtime/design_1_clocking_0_0_stub.vhdl:5' bound to instance 'clocking_0' of component 'design_1_clocking_0_0' [C:/Users/ugo/Desktop/baseVideoFinal/instructables/instructables.srcs/sources_1/bd/design_1/synth/design_1.vhd:159]
INFO: [Synth 8-638] synthesizing module 'design_1_clocking_0_0' [C:/Users/ugo/Desktop/baseVideoFinal/instructables/instructables.runs/synth_1/.Xil/Vivado-4628-DESKTOP-I3C7AFS/realtime/design_1_clocking_0_0_stub.vhdl:14]
INFO: [Synth 8-3491] module 'design_1_debounce_0_0' declared at 'C:/Users/ugo/Desktop/baseVideoFinal/instructables/instructables.runs/synth_1/.Xil/Vivado-4628-DESKTOP-I3C7AFS/realtime/design_1_debounce_0_0_stub.vhdl:5' bound to instance 'debounce_0' of component 'design_1_debounce_0_0' [C:/Users/ugo/Desktop/baseVideoFinal/instructables/instructables.srcs/sources_1/bd/design_1/synth/design_1.vhd:165]
INFO: [Synth 8-638] synthesizing module 'design_1_debounce_0_0' [C:/Users/ugo/Desktop/baseVideoFinal/instructables/instructables.runs/synth_1/.Xil/Vivado-4628-DESKTOP-I3C7AFS/realtime/design_1_debounce_0_0_stub.vhdl:14]
INFO: [Synth 8-3491] module 'design_1_ov7670_capture_0_0' declared at 'C:/Users/ugo/Desktop/baseVideoFinal/instructables/instructables.runs/synth_1/.Xil/Vivado-4628-DESKTOP-I3C7AFS/realtime/design_1_ov7670_capture_0_0_stub.vhdl:5' bound to instance 'ov7670_capture_0' of component 'design_1_ov7670_capture_0_0' [C:/Users/ugo/Desktop/baseVideoFinal/instructables/instructables.srcs/sources_1/bd/design_1/synth/design_1.vhd:171]
INFO: [Synth 8-638] synthesizing module 'design_1_ov7670_capture_0_0' [C:/Users/ugo/Desktop/baseVideoFinal/instructables/instructables.runs/synth_1/.Xil/Vivado-4628-DESKTOP-I3C7AFS/realtime/design_1_ov7670_capture_0_0_stub.vhdl:18]
INFO: [Synth 8-3491] module 'design_1_ov7670_controller_0_0' declared at 'C:/Users/ugo/Desktop/baseVideoFinal/instructables/instructables.runs/synth_1/.Xil/Vivado-4628-DESKTOP-I3C7AFS/realtime/design_1_ov7670_controller_0_0_stub.vhdl:5' bound to instance 'ov7670_controller_0' of component 'design_1_ov7670_controller_0_0' [C:/Users/ugo/Desktop/baseVideoFinal/instructables/instructables.srcs/sources_1/bd/design_1/synth/design_1.vhd:181]
INFO: [Synth 8-638] synthesizing module 'design_1_ov7670_controller_0_0' [C:/Users/ugo/Desktop/baseVideoFinal/instructables/instructables.runs/synth_1/.Xil/Vivado-4628-DESKTOP-I3C7AFS/realtime/design_1_ov7670_controller_0_0_stub.vhdl:19]
INFO: [Synth 8-3491] module 'design_1_vga_0_0' declared at 'C:/Users/ugo/Desktop/baseVideoFinal/instructables/instructables.runs/synth_1/.Xil/Vivado-4628-DESKTOP-I3C7AFS/realtime/design_1_vga_0_0_stub.vhdl:5' bound to instance 'vga_0' of component 'design_1_vga_0_0' [C:/Users/ugo/Desktop/baseVideoFinal/instructables/instructables.srcs/sources_1/bd/design_1/synth/design_1.vhd:192]
INFO: [Synth 8-638] synthesizing module 'design_1_vga_0_0' [C:/Users/ugo/Desktop/baseVideoFinal/instructables/instructables.runs/synth_1/.Xil/Vivado-4628-DESKTOP-I3C7AFS/realtime/design_1_vga_0_0_stub.vhdl:19]
INFO: [Synth 8-256] done synthesizing module 'design_1' (1#1) [C:/Users/ugo/Desktop/baseVideoFinal/instructables/instructables.srcs/sources_1/bd/design_1/synth/design_1.vhd:40]
INFO: [Synth 8-256] done synthesizing module 'design_1_wrapper' (2#1) [C:/Users/ugo/Desktop/baseVideoFinal/instructables/instructables.srcs/sources_1/bd/design_1/hdl/design_1_wrapper.vhd:36]
---------------------------------------------------------------------------------
Finished RTL Elaboration : Time (s): cpu = 00:00:04 ; elapsed = 00:00:04 . Memory (MB): peak = 437.281 ; gain = 155.523
---------------------------------------------------------------------------------

Report Check Netlist: 
+------+------------------+-------+---------+-------+------------------+
|      |Item              |Errors |Warnings |Status |Description       |
+------+------------------+-------+---------+-------+------------------+
|1     |multi_driven_nets |      0|        0|Passed |Multi driven nets |
+------+------------------+-------+---------+-------+------------------+
---------------------------------------------------------------------------------
Start Handling Custom Attributes
---------------------------------------------------------------------------------
---------------------------------------------------------------------------------
Finished Handling Custom Attributes : Time (s): cpu = 00:00:05 ; elapsed = 00:00:05 . Memory (MB): peak = 437.281 ; gain = 155.523
---------------------------------------------------------------------------------
---------------------------------------------------------------------------------
Finished RTL Optimization Phase 1 : Time (s): cpu = 00:00:05 ; elapsed = 00:00:05 . Memory (MB): peak = 437.281 ; gain = 155.523
---------------------------------------------------------------------------------
INFO: [Device 21-403] Loading part xc7z020clg484-1
INFO: [Project 1-570] Preparing netlist for logic optimization

Processing XDC Constraints
Initializing timing engine
Parsing XDC File [c:/Users/ugo/Desktop/baseVideoFinal/instructables/instructables.srcs/sources_1/bd/design_1/ip/design_1_debounce_0_0/design_1_debounce_0_0/design_1_debounce_0_0_in_context.xdc] for cell 'design_1_i/debounce_0'
Finished Parsing XDC File [c:/Users/ugo/Desktop/baseVideoFinal/instructables/instructables.srcs/sources_1/bd/design_1/ip/design_1_debounce_0_0/design_1_debounce_0_0/design_1_debounce_0_0_in_context.xdc] for cell 'design_1_i/debounce_0'
Parsing XDC File [c:/Users/ugo/Desktop/baseVideoFinal/instructables/instructables.srcs/sources_1/bd/design_1/ip/design_1_vga_0_0/design_1_vga_0_0/design_1_vga_0_0_in_context.xdc] for cell 'design_1_i/vga_0'
Finished Parsing XDC File [c:/Users/ugo/Desktop/baseVideoFinal/instructables/instructables.srcs/sources_1/bd/design_1/ip/design_1_vga_0_0/design_1_vga_0_0/design_1_vga_0_0_in_context.xdc] for cell 'design_1_i/vga_0'
Parsing XDC File [c:/Users/ugo/Desktop/baseVideoFinal/instructables/instructables.srcs/sources_1/bd/design_1/ip/design_1_ov7670_capture_0_0/design_1_ov7670_capture_0_0/design_1_ov7670_capture_0_0_in_context.xdc] for cell 'design_1_i/ov7670_capture_0'
Finished Parsing XDC File [c:/Users/ugo/Desktop/baseVideoFinal/instructables/instructables.srcs/sources_1/bd/design_1/ip/design_1_ov7670_capture_0_0/design_1_ov7670_capture_0_0/design_1_ov7670_capture_0_0_in_context.xdc] for cell 'design_1_i/ov7670_capture_0'
Parsing XDC File [c:/Users/ugo/Desktop/baseVideoFinal/instructables/instructables.srcs/sources_1/bd/design_1/ip/design_1_ov7670_controller_0_0/design_1_ov7670_controller_0_0/design_1_ov7670_controller_0_0_in_context.xdc] for cell 'design_1_i/ov7670_controller_0'
Finished Parsing XDC File [c:/Users/ugo/Desktop/baseVideoFinal/instructables/instructables.srcs/sources_1/bd/design_1/ip/design_1_ov7670_controller_0_0/design_1_ov7670_controller_0_0/design_1_ov7670_controller_0_0_in_context.xdc] for cell 'design_1_i/ov7670_controller_0'
Parsing XDC File [c:/Users/ugo/Desktop/baseVideoFinal/instructables/instructables.srcs/sources_1/bd/design_1/ip/design_1_clocking_0_0/design_1_clocking_0_0/design_1_clocking_0_0_in_context.xdc] for cell 'design_1_i/clocking_0'
Finished Parsing XDC File [c:/Users/ugo/Desktop/baseVideoFinal/instructables/instructables.srcs/sources_1/bd/design_1/ip/design_1_clocking_0_0/design_1_clocking_0_0/design_1_clocking_0_0_in_context.xdc] for cell 'design_1_i/clocking_0'
Parsing XDC File [c:/Users/ugo/Desktop/baseVideoFinal/instructables/instructables.srcs/sources_1/bd/design_1/ip/design_1_blk_mem_gen_0_0/design_1_blk_mem_gen_0_0/design_1_blk_mem_gen_0_0_in_context.xdc] for cell 'design_1_i/blk_mem_gen_0'
Finished Parsing XDC File [c:/Users/ugo/Desktop/baseVideoFinal/instructables/instructables.srcs/sources_1/bd/design_1/ip/design_1_blk_mem_gen_0_0/design_1_blk_mem_gen_0_0/design_1_blk_mem_gen_0_0_in_context.xdc] for cell 'design_1_i/blk_mem_gen_0'
Parsing XDC File [C:/Users/ugo/Downloads/instructablesFile/zed_board.xdc]
WARNING: [Vivado 12-584] No ports matched 'LED[1]'. [C:/Users/ugo/Downloads/instructablesFile/zed_board.xdc:54]
WARNING: [Vivado 12-584] No ports matched 'LED[2]'. [C:/Users/ugo/Downloads/instructablesFile/zed_board.xdc:55]
WARNING: [Vivado 12-584] No ports matched 'LED[3]'. [C:/Users/ugo/Downloads/instructablesFile/zed_board.xdc:56]
WARNING: [Vivado 12-584] No ports matched 'LED[4]'. [C:/Users/ugo/Downloads/instructablesFile/zed_board.xdc:57]
WARNING: [Vivado 12-584] No ports matched 'LED[5]'. [C:/Users/ugo/Downloads/instructablesFile/zed_board.xdc:58]
WARNING: [Vivado 12-584] No ports matched 'LED[6]'. [C:/Users/ugo/Downloads/instructablesFile/zed_board.xdc:59]
WARNING: [Vivado 12-584] No ports matched 'LED[7]'. [C:/Users/ugo/Downloads/instructablesFile/zed_board.xdc:60]
WARNING: [Vivado 12-507] No nets matched 'OV7670_PCLK_IBUF'. [C:/Users/ugo/Downloads/instructablesFile/zed_board.xdc:86]
Finished Parsing XDC File [C:/Users/ugo/Downloads/instructablesFile/zed_board.xdc]
WARNING: [Project 1-498] One or more constraints failed evaluation while reading constraint file [C:/Users/ugo/Downloads/instructablesFile/zed_board.xdc] and the design contains unresolved black boxes. These constraints will be read post-synthesis (as long as their source constraint file is marked as used_in_implementation) and should be applied correctly then. You should review the constraints listed in the file [.Xil/design_1_wrapper_propImpl.xdc] and check the run log file to verify that these constraints were correctly applied.
INFO: [Project 1-236] Implementation specific constraints were found while reading constraint file [C:/Users/ugo/Downloads/instructablesFile/zed_board.xdc]. These constraints will be ignored for synthesis but will be used in implementation. Impacted constraints are listed in the file [.Xil/design_1_wrapper_propImpl.xdc].
Resolution: To avoid this warning, move constraints listed in [.Xil/design_1_wrapper_propImpl.xdc] to another XDC file and exclude this new file from synthesis with the used_in_synthesis property (File Properties dialog in GUI) and re-run elaboration/synthesis.
Parsing XDC File [C:/Users/ugo/Desktop/baseVideoFinal/instructables/instructables.runs/synth_1/dont_touch.xdc]
Finished Parsing XDC File [C:/Users/ugo/Desktop/baseVideoFinal/instructables/instructables.runs/synth_1/dont_touch.xdc]
Netlist sorting complete. Time (s): cpu = 00:00:00 ; elapsed = 00:00:00 . Memory (MB): peak = 718.750 ; gain = 0.000
Completed Processing XDC Constraints

Netlist sorting complete. Time (s): cpu = 00:00:00 ; elapsed = 00:00:00 . Memory (MB): peak = 718.750 ; gain = 0.000
INFO: [Project 1-111] Unisim Transformation Summary:
No Unisim elements were transformed.

Netlist sorting complete. Time (s): cpu = 00:00:00 ; elapsed = 00:00:00 . Memory (MB): peak = 718.750 ; gain = 0.000
Constraint Validation Runtime : Time (s): cpu = 00:00:00 ; elapsed = 00:00:00.012 . Memory (MB): peak = 718.750 ; gain = 0.000
---------------------------------------------------------------------------------
Finished Constraint Validation : Time (s): cpu = 00:00:14 ; elapsed = 00:00:15 . Memory (MB): peak = 718.750 ; gain = 436.992
---------------------------------------------------------------------------------
---------------------------------------------------------------------------------
Start Loading Part and Timing Information
---------------------------------------------------------------------------------
Loading part: xc7z020clg484-1
---------------------------------------------------------------------------------
Finished Loading Part and Timing Information : Time (s): cpu = 00:00:14 ; elapsed = 00:00:15 . Memory (MB): peak = 718.750 ; gain = 436.992
---------------------------------------------------------------------------------
---------------------------------------------------------------------------------
Start Applying 'set_property' XDC Constraints
---------------------------------------------------------------------------------
Applied set_property IO_BUFFER_TYPE = NONE for CLK_100. (constraint file  c:/Users/ugo/Desktop/baseVideoFinal/instructables/instructables.srcs/sources_1/bd/design_1/ip/design_1_clocking_0_0/design_1_clocking_0_0/design_1_clocking_0_0_in_context.xdc, line 1).
Applied set_property CLOCK_BUFFER_TYPE = NONE for CLK_100. (constraint file  c:/Users/ugo/Desktop/baseVideoFinal/instructables/instructables.srcs/sources_1/bd/design_1/ip/design_1_clocking_0_0/design_1_clocking_0_0/design_1_clocking_0_0_in_context.xdc, line 2).
Applied set_property DONT_TOUCH = true for design_1_i. (constraint file  auto generated constraint, line ).
Applied set_property DONT_TOUCH = true for design_1_i/debounce_0. (constraint file  auto generated constraint, line ).
Applied set_property DONT_TOUCH = true for design_1_i/vga_0. (constraint file  auto generated constraint, line ).
Applied set_property DONT_TOUCH = true for design_1_i/ov7670_capture_0. (constraint file  auto generated constraint, line ).
Applied set_property DONT_TOUCH = true for design_1_i/ov7670_controller_0. (constraint file  auto generated constraint, line ).
Applied set_property DONT_TOUCH = true for design_1_i/clocking_0. (constraint file  auto generated constraint, line ).
Applied set_property DONT_TOUCH = true for design_1_i/blk_mem_gen_0. (constraint file  auto generated constraint, line ).
---------------------------------------------------------------------------------
Finished applying 'set_property' XDC Constraints : Time (s): cpu = 00:00:14 ; elapsed = 00:00:15 . Memory (MB): peak = 718.750 ; gain = 436.992
---------------------------------------------------------------------------------
---------------------------------------------------------------------------------
Finished RTL Optimization Phase 2 : Time (s): cpu = 00:00:14 ; elapsed = 00:00:15 . Memory (MB): peak = 718.750 ; gain = 436.992
---------------------------------------------------------------------------------

Report RTL Partitions: 
+-+--------------+------------+----------+
| |RTL Partition |Replication |Instances |
+-+--------------+------------+----------+
+-+--------------+------------+----------+
---------------------------------------------------------------------------------
Start RTL Component Statistics 
---------------------------------------------------------------------------------
Detailed RTL Component Info : 
---------------------------------------------------------------------------------
Finished RTL Component Statistics 
---------------------------------------------------------------------------------
---------------------------------------------------------------------------------
Start RTL Hierarchical Component Statistics 
---------------------------------------------------------------------------------
Hierarchical RTL Component report 
---------------------------------------------------------------------------------
Finished RTL Hierarchical Component Statistics
---------------------------------------------------------------------------------
---------------------------------------------------------------------------------
Start Part Resource Summary
---------------------------------------------------------------------------------
Part Resources:
DSPs: 220 (col length:60)
BRAMs: 280 (col length: RAMB18 60 RAMB36 30)
---------------------------------------------------------------------------------
Finished Part Resource Summary
---------------------------------------------------------------------------------
---------------------------------------------------------------------------------
Start Cross Boundary and Area Optimization
---------------------------------------------------------------------------------
Warning: Parallel synthesis criteria is not met 
---------------------------------------------------------------------------------
Finished Cross Boundary and Area Optimization : Time (s): cpu = 00:00:15 ; elapsed = 00:00:16 . Memory (MB): peak = 718.750 ; gain = 436.992
---------------------------------------------------------------------------------

Report RTL Partitions: 
+-+--------------+------------+----------+
| |RTL Partition |Replication |Instances |
+-+--------------+------------+----------+
+-+--------------+------------+----------+
---------------------------------------------------------------------------------
Start Applying XDC Timing Constraints
---------------------------------------------------------------------------------
---------------------------------------------------------------------------------
Finished Applying XDC Timing Constraints : Time (s): cpu = 00:00:25 ; elapsed = 00:00:27 . Memory (MB): peak = 772.066 ; gain = 490.309
---------------------------------------------------------------------------------
---------------------------------------------------------------------------------
Start Timing Optimization
---------------------------------------------------------------------------------
---------------------------------------------------------------------------------
Finished Timing Optimization : Time (s): cpu = 00:00:25 ; elapsed = 00:00:27 . Memory (MB): peak = 772.066 ; gain = 490.309
---------------------------------------------------------------------------------

Report RTL Partitions: 
+-+--------------+------------+----------+
| |RTL Partition |Replication |Instances |
+-+--------------+------------+----------+
+-+--------------+------------+----------+
---------------------------------------------------------------------------------
Start Technology Mapping
---------------------------------------------------------------------------------
---------------------------------------------------------------------------------
Finished Technology Mapping : Time (s): cpu = 00:00:25 ; elapsed = 00:00:27 . Memory (MB): peak = 781.719 ; gain = 499.961
---------------------------------------------------------------------------------

Report RTL Partitions: 
+-+--------------+------------+----------+
| |RTL Partition |Replication |Instances |
+-+--------------+------------+----------+
+-+--------------+------------+----------+
---------------------------------------------------------------------------------
Start IO Insertion
---------------------------------------------------------------------------------
---------------------------------------------------------------------------------
Start Flattening Before IO Insertion
---------------------------------------------------------------------------------
---------------------------------------------------------------------------------
Finished Flattening Before IO Insertion
---------------------------------------------------------------------------------
---------------------------------------------------------------------------------
Start Final Netlist Cleanup
---------------------------------------------------------------------------------
---------------------------------------------------------------------------------
Finished Final Netlist Cleanup
---------------------------------------------------------------------------------
---------------------------------------------------------------------------------
Finished IO Insertion : Time (s): cpu = 00:00:27 ; elapsed = 00:00:28 . Memory (MB): peak = 781.719 ; gain = 499.961
---------------------------------------------------------------------------------

Report Check Netlist: 
+------+------------------+-------+---------+-------+------------------+
|      |Item              |Errors |Warnings |Status |Description       |
+------+------------------+-------+---------+-------+------------------+
|1     |multi_driven_nets |      0|        0|Passed |Multi driven nets |
+------+------------------+-------+---------+-------+------------------+
---------------------------------------------------------------------------------
Start Renaming Generated Instances
---------------------------------------------------------------------------------
---------------------------------------------------------------------------------
Finished Renaming Generated Instances : Time (s): cpu = 00:00:27 ; elapsed = 00:00:28 . Memory (MB): peak = 781.719 ; gain = 499.961
---------------------------------------------------------------------------------

Report RTL Partitions: 
+-+--------------+------------+----------+
| |RTL Partition |Replication |Instances |
+-+--------------+------------+----------+
+-+--------------+------------+----------+
---------------------------------------------------------------------------------
Start Rebuilding User Hierarchy
---------------------------------------------------------------------------------
---------------------------------------------------------------------------------
Finished Rebuilding User Hierarchy : Time (s): cpu = 00:00:27 ; elapsed = 00:00:28 . Memory (MB): peak = 781.719 ; gain = 499.961
---------------------------------------------------------------------------------
---------------------------------------------------------------------------------
Start Renaming Generated Ports
---------------------------------------------------------------------------------
---------------------------------------------------------------------------------
Finished Renaming Generated Ports : Time (s): cpu = 00:00:27 ; elapsed = 00:00:28 . Memory (MB): peak = 781.719 ; gain = 499.961
---------------------------------------------------------------------------------
---------------------------------------------------------------------------------
Start Handling Custom Attributes
---------------------------------------------------------------------------------
---------------------------------------------------------------------------------
Finished Handling Custom Attributes : Time (s): cpu = 00:00:27 ; elapsed = 00:00:28 . Memory (MB): peak = 781.719 ; gain = 499.961
---------------------------------------------------------------------------------
---------------------------------------------------------------------------------
Start Renaming Generated Nets
---------------------------------------------------------------------------------
---------------------------------------------------------------------------------
Finished Renaming Generated Nets : Time (s): cpu = 00:00:27 ; elapsed = 00:00:28 . Memory (MB): peak = 781.719 ; gain = 499.961
---------------------------------------------------------------------------------
---------------------------------------------------------------------------------
Start Writing Synthesis Report
---------------------------------------------------------------------------------

Report BlackBoxes: 
+------+-------------------------------+----------+
|      |BlackBox name                  |Instances |
+------+-------------------------------+----------+
|1     |design_1_blk_mem_gen_0_0       |         1|
|2     |design_1_clocking_0_0          |         1|
|3     |design_1_debounce_0_0          |         1|
|4     |design_1_ov7670_capture_0_0    |         1|
|5     |design_1_ov7670_controller_0_0 |         1|
|6     |design_1_vga_0_0               |         1|
+------+-------------------------------+----------+

Report Cell Usage: 
+------+--------------------------------------+------+
|      |Cell                                  |Count |
+------+--------------------------------------+------+
|1     |design_1_blk_mem_gen_0_0_bbox_0       |     1|
|2     |design_1_clocking_0_0_bbox_1          |     1|
|3     |design_1_debounce_0_0_bbox_2          |     1|
|4     |design_1_ov7670_capture_0_0_bbox_3    |     1|
|5     |design_1_ov7670_controller_0_0_bbox_4 |     1|
|6     |design_1_vga_0_0_bbox_5               |     1|
|7     |IBUF                                  |    12|
|8     |OBUF                                  |    19|
+------+--------------------------------------+------+

Report Instance Areas: 
+------+-------------+---------+------+
|      |Instance     |Module   |Cells |
+------+-------------+---------+------+
|1     |top          |         |   116|
|2     |  design_1_i |design_1 |    85|
+------+-------------+---------+------+
---------------------------------------------------------------------------------
Finished Writing Synthesis Report : Time (s): cpu = 00:00:27 ; elapsed = 00:00:28 . Memory (MB): peak = 781.719 ; gain = 499.961
---------------------------------------------------------------------------------
Synthesis finished with 0 errors, 0 critical warnings and 0 warnings.
Synthesis Optimization Runtime : Time (s): cpu = 00:00:16 ; elapsed = 00:00:21 . Memory (MB): peak = 781.719 ; gain = 218.492
Synthesis Optimization Complete : Time (s): cpu = 00:00:27 ; elapsed = 00:00:28 . Memory (MB): peak = 781.719 ; gain = 499.961
INFO: [Project 1-571] Translating synthesized netlist
INFO: [Project 1-570] Preparing netlist for logic optimization
INFO: [Opt 31-138] Pushed 0 inverter(s) to 0 load pin(s).
Netlist sorting complete. Time (s): cpu = 00:00:00 ; elapsed = 00:00:00 . Memory (MB): peak = 794.023 ; gain = 0.000
INFO: [Project 1-111] Unisim Transformation Summary:
No Unisim elements were transformed.

INFO: [Common 17-83] Releasing license: Synthesis
30 Infos, 9 Warnings, 0 Critical Warnings and 0 Errors encountered.
synth_design completed successfully
synth_design: Time (s): cpu = 00:00:29 ; elapsed = 00:00:31 . Memory (MB): peak = 794.055 ; gain = 520.363
Netlist sorting complete. Time (s): cpu = 00:00:00 ; elapsed = 00:00:00 . Memory (MB): peak = 794.055 ; gain = 0.000
WARNING: [Constraints 18-5210] No constraints selected for write.
Resolution: This message can indicate that there are no constraints for the design, or it can indicate that the used_in flags are set such that the constraints are ignored. This later case is used when running synth_design to not write synthesis constraints to the resulting checkpoint. Instead, project constraints are read when the synthesized design is opened.
INFO: [Common 17-1381] The checkpoint 'C:/Users/ugo/Desktop/baseVideoFinal/instructables/instructables.runs/synth_1/design_1_wrapper.dcp' has been generated.
INFO: [runtcl-4] Executing : report_utilization -file design_1_wrapper_utilization_synth.rpt -pb design_1_wrapper_utilization_synth.pb
INFO: [Common 17-206] Exiting Vivado at Fri Apr 24 17:44:59 2020...
