INFO: [XSIM 43-3496] Using init file passed via -initfile option "C:/Xilinx/Vivado/2018.3/data/xsim/ip/xsim_ip.ini".
Vivado Simulator 2018.3
Copyright 1986-1999, 2001-2018 Xilinx, Inc. All Rights Reserved.
Running: C:/Xilinx/Vivado/2018.3/bin/unwrapped/win64.o/xelab.exe xil_defaultlib.apatb_contatore_no_io_top glbl -prj contatore_no_io.prj -L smartconnect_v1_0 -L axi_protocol_checker_v1_1_12 -L axi_protocol_checker_v1_1_13 -L axis_protocol_checker_v1_1_11 -L axis_protocol_checker_v1_1_12 -L xil_defaultlib -L unisims -L xpm --initfile C:/Xilinx/Vivado/2018.3/data/xsim/ip/xsim_ip.ini --lib ieee_proposed=./ieee_proposed -s contatore_no_io -debug wave 
Multi-threading is on. Using 2 slave threads.
Determining compilation order of HDL files.
INFO: [VRFC 10-2263] Analyzing SystemVerilog file "C:/Users/ugo/Desktop/Progetti/counter/solution1/sim/vhdl/glbl.v" into library work
INFO: [VRFC 10-311] analyzing module glbl
INFO: [VRFC 10-163] Analyzing VHDL file "C:/Users/ugo/Desktop/Progetti/counter/solution1/sim/vhdl/AESL_sim_pkg.vhd" into library xil_defaultlib
INFO: [VRFC 10-163] Analyzing VHDL file "C:/Users/ugo/Desktop/Progetti/counter/solution1/sim/vhdl/contatore_no_io.autotb.vhd" into library xil_defaultlib
INFO: [VRFC 10-3107] analyzing entity 'apatb_contatore_no_io_top'
INFO: [VRFC 10-163] Analyzing VHDL file "C:/Users/ugo/Desktop/Progetti/counter/solution1/sim/vhdl/contatore_no_io.vhd" into library xil_defaultlib
INFO: [VRFC 10-3107] analyzing entity 'contatore_no_io'
INFO: [VRFC 10-163] Analyzing VHDL file "C:/Users/ugo/Desktop/Progetti/counter/solution1/sim/vhdl/contatore_no_io_ubkb.vhd" into library xil_defaultlib
INFO: [VRFC 10-3107] analyzing entity 'contatore_no_io_ubkb_div_u'
INFO: [VRFC 10-3107] analyzing entity 'contatore_no_io_ubkb_div'
INFO: [VRFC 10-3107] analyzing entity 'contatore_no_io_ubkb'
Starting static elaboration
Completed static elaboration
Starting simulation data flow analysis
Completed simulation data flow analysis
Time Resolution for simulation is 1ps
Compiling package std.standard
Compiling package std.textio
Compiling package ieee.std_logic_1164
Compiling package ieee.std_logic_arith
Compiling package ieee.std_logic_unsigned
Compiling package ieee.numeric_std
Compiling package ieee.std_logic_textio
Compiling module work.glbl
Compiling architecture rtl of entity xil_defaultlib.contatore_no_io_ubkb_div_u [\contatore_no_io_ubkb_div_u(in1_...]
Compiling architecture rtl of entity xil_defaultlib.contatore_no_io_ubkb_div [\contatore_no_io_ubkb_div(in1_wi...]
Compiling architecture arch of entity xil_defaultlib.contatore_no_io_ubkb [\contatore_no_io_ubkb(id=1,num_s...]
Compiling architecture behav of entity xil_defaultlib.contatore_no_io [contatore_no_io_default]
Compiling architecture behav of entity xil_defaultlib.apatb_contatore_no_io_top
Built simulation snapshot contatore_no_io
