#-----------------------------------------------------------
# xsim v2018.3 (64-bit)
# SW Build 2405991 on Thu Dec  6 23:38:27 MST 2018
# IP Build 2404404 on Fri Dec  7 01:43:56 MST 2018
# Start of session at: Tue Oct 15 12:02:31 2019
# Process ID: 2284
# Current directory: C:/Users/ugo/Desktop/Progetti/counter/solution1/sim/vhdl
# Command line: xsim.exe -mode tcl -source {xsim.dir/contatore_no_io/xsim_script.tcl}
# Log file: C:/Users/ugo/Desktop/Progetti/counter/solution1/sim/vhdl/xsim.log
# Journal file: C:/Users/ugo/Desktop/Progetti/counter/solution1/sim/vhdl\xsim.jou
#-----------------------------------------------------------
source xsim.dir/contatore_no_io/xsim_script.tcl
# xsim {contatore_no_io} -autoloadwcfg -tclbatch {contatore_no_io.tcl}
Vivado Simulator 2018.3
Time resolution is 1 ps
source contatore_no_io.tcl
## log_wave [get_objects -filter {type == in_port || type == out_port || type == inout_port || type == port} /apatb_contatore_no_io_top/AESL_inst_contatore_no_io/*]
## set designtopgroup [add_wave_group "Design Top Signals"]
## set coutputgroup [add_wave_group "C Outputs" -into $designtopgroup]
## set led_output_group [add_wave_group led_output(wire) -into $coutputgroup]
## add_wave /apatb_contatore_no_io_top/AESL_inst_contatore_no_io/led_output_V_ap_vld -into $led_output_group -color #ffff00 -radix hex
## add_wave /apatb_contatore_no_io_top/AESL_inst_contatore_no_io/led_output_V -into $led_output_group -radix hex
## set blocksiggroup [add_wave_group "Block-level IO Handshake" -into $designtopgroup]
## add_wave /apatb_contatore_no_io_top/AESL_inst_contatore_no_io/ap_start -into $blocksiggroup
## add_wave /apatb_contatore_no_io_top/AESL_inst_contatore_no_io/ap_done -into $blocksiggroup
## add_wave /apatb_contatore_no_io_top/AESL_inst_contatore_no_io/ap_idle -into $blocksiggroup
## add_wave /apatb_contatore_no_io_top/AESL_inst_contatore_no_io/ap_ready -into $blocksiggroup
## set resetgroup [add_wave_group "Reset" -into $designtopgroup]
## add_wave /apatb_contatore_no_io_top/AESL_inst_contatore_no_io/ap_rst -into $resetgroup
## set clockgroup [add_wave_group "Clock" -into $designtopgroup]
## add_wave /apatb_contatore_no_io_top/AESL_inst_contatore_no_io/ap_clk -into $clockgroup
## save_wave_config contatore_no_io.wcfg
## run all
Note: simulation done!
Time: 36175 ns  Iteration: 1  Process: /apatb_contatore_no_io_top/generate_sim_done_proc  File: C:/Users/ugo/Desktop/Progetti/counter/solution1/sim/vhdl/contatore_no_io.autotb.vhd
Failure: NORMAL EXIT (note: failure is to force the simulator to stop)
Time: 36175 ns  Iteration: 1  Process: /apatb_contatore_no_io_top/generate_sim_done_proc  File: C:/Users/ugo/Desktop/Progetti/counter/solution1/sim/vhdl/contatore_no_io.autotb.vhd
$finish called at time : 36175 ns
## quit
INFO: [Common 17-206] Exiting xsim at Tue Oct 15 12:02:39 2019...
