

================================================================
== Vivado HLS Report for 'contatore_no_io'
================================================================
* Date:           Sun Mar  1 22:30:47 2020

* Version:        2018.3.1 (Build 2489210 on Tue Mar 26 04:40:43 MDT 2019)
* Project:        counter
* Solution:       solution1
* Product family: zynq
* Target device:  xc7z020clg484-1


================================================================
== Performance Estimates
================================================================
+ Timing (ns): 
    * Summary: 
    +--------+-------+----------+------------+
    |  Clock | Target| Estimated| Uncertainty|
    +--------+-------+----------+------------+
    |ap_clk  |  10.00|     6.794|        1.25|
    +--------+-------+----------+------------+

+ Latency (clock cycles): 
    * Summary: 
    +-----+-----+-----+-----+---------+
    |  Latency  |  Interval | Pipeline|
    | min | max | min | max |   Type  |
    +-----+-----+-----+-----+---------+
    |    0|    0|    0|    0|   none  |
    +-----+-----+-----+-----+---------+

    + Detail: 
        * Instance: 
        N/A

        * Loop: 
        N/A



================================================================
== Utilization Estimates
================================================================
* Summary: 
+-----------------+---------+-------+--------+-------+
|       Name      | BRAM_18K| DSP48E|   FF   |  LUT  |
+-----------------+---------+-------+--------+-------+
|DSP              |        -|      -|       -|      -|
|Expression       |        -|      -|       0|     59|
|FIFO             |        -|      -|       -|      -|
|Instance         |        -|      -|       -|      -|
|Memory           |        -|      -|       -|      -|
|Multiplexer      |        -|      -|       -|     30|
|Register         |        -|      -|      34|      -|
+-----------------+---------+-------+--------+-------+
|Total            |        0|      0|      34|     89|
+-----------------+---------+-------+--------+-------+
|Available        |      280|    220|  106400|  53200|
+-----------------+---------+-------+--------+-------+
|Utilization (%)  |        0|      0|   ~0   |   ~0  |
+-----------------+---------+-------+--------+-------+

+ Detail: 
    * Instance: 
    N/A

    * DSP48: 
    N/A

    * Memory: 
    N/A

    * FIFO: 
    N/A

    * Expression: 
    +-------------------------------+----------+-------+---+----+------------+------------+
    |         Variable Name         | Operation| DSP48E| FF| LUT| Bitwidth P0| Bitwidth P1|
    +-------------------------------+----------+-------+---+----+------------+------------+
    |counter_value_assign_fu_61_p2  |     +    |      0|  0|  39|          32|           1|
    |tmp_fu_68_p2                   |   icmp   |      0|  0|  18|          32|          25|
    |val_assign_fu_79_p2            |    xor   |      0|  0|   2|           1|           2|
    +-------------------------------+----------+-------+---+----+------------+------------+
    |Total                          |          |      0|  0|  59|          65|          28|
    +-------------------------------+----------+-------+---+----+------------+------------+

    * Multiplexer: 
    +-------------------------------------------+----+-----------+-----+-----------+
    |                    Name                   | LUT| Input Size| Bits| Total Bits|
    +-------------------------------------------+----+-----------+-----+-----------+
    |ap_phi_mux_counter_value_new_phi_fu_40_p4  |  15|          3|   32|         96|
    |ap_phi_mux_led_status_V_loc_phi_fu_50_p4   |  15|          3|    1|          3|
    +-------------------------------------------+----+-----------+-----+-----------+
    |Total                                      |  30|          6|   33|         99|
    +-------------------------------------------+----+-----------+-----+-----------+

    * Register: 
    +---------------+----+----+-----+-----------+
    |      Name     | FF | LUT| Bits| Const Bits|
    +---------------+----+----+-----+-----------+
    |ap_CS_fsm      |   1|   0|    1|          0|
    |counter_value  |  32|   0|   32|          0|
    |led_status_V   |   1|   0|    1|          0|
    +---------------+----+----+-----+-----------+
    |Total          |  34|   0|   34|          0|
    +---------------+----+----+-----+-----------+



================================================================
== Interface
================================================================
* Summary: 
+--------------+-----+-----+--------------+-----------------+--------------+
|   RTL Ports  | Dir | Bits|   Protocol   |  Source Object  |    C Type    |
+--------------+-----+-----+--------------+-----------------+--------------+
|ap_clk        |  in |    1| ap_ctrl_none | contatore_no_io | return value |
|ap_rst        |  in |    1| ap_ctrl_none | contatore_no_io | return value |
|led_output_V  | out |    1|    ap_none   |   led_output_V  |    pointer   |
+--------------+-----+-----+--------------+-----------------+--------------+

