

================================================================
== Vivado HLS Report for 'Sobel'
================================================================
* Date:           Sat Feb 29 19:03:49 2020

* Version:        2018.3.1 (Build 2489210 on Tue Mar 26 04:40:43 MDT 2019)
* Project:        sobel
* Solution:       solution1
* Product family: zynq
* Target device:  xc7z020clg484-1


================================================================
== Performance Estimates
================================================================
+ Timing (ns): 
    * Summary: 
    +--------+-------+----------+------------+
    |  Clock | Target| Estimated| Uncertainty|
    +--------+-------+----------+------------+
    |ap_clk  |  13.50|    11.353|        1.69|
    +--------+-------+----------+------------+

+ Latency (clock cycles): 
    * Summary: 
    +--------+--------+--------+--------+---------+
    |     Latency     |     Interval    | Pipeline|
    |   min  |   max  |   min  |   max  |   Type  |
    +--------+--------+--------+--------+---------+
    |  311377|  311377|  311377|  311377|   none  |
    +--------+--------+--------+--------+---------+

    + Detail: 
        * Instance: 
        +--------------------+----------+--------+--------+--------+--------+---------+
        |                    |          |     Latency     |     Interval    | Pipeline|
        |      Instance      |  Module  |   min  |   max  |   min  |   max  |   Type  |
        +--------------------+----------+--------+--------+--------+--------+---------+
        |grp_Filter2D_fu_26  |Filter2D  |  311376|  311376|  311376|  311376|   none  |
        +--------------------+----------+--------+--------+--------+--------+---------+

        * Loop: 
        N/A



================================================================
== Utilization Estimates
================================================================
* Summary: 
+-----------------+---------+-------+--------+-------+
|       Name      | BRAM_18K| DSP48E|   FF   |  LUT  |
+-----------------+---------+-------+--------+-------+
|DSP              |        -|      -|       -|      -|
|Expression       |        -|      -|       0|      2|
|FIFO             |        -|      -|       -|      -|
|Instance         |        9|      -|     570|   1563|
|Memory           |        -|      -|       -|      -|
|Multiplexer      |        -|      -|       -|     87|
|Register         |        -|      -|       5|      -|
+-----------------+---------+-------+--------+-------+
|Total            |        9|      0|     575|   1652|
+-----------------+---------+-------+--------+-------+
|Available        |      280|    220|  106400|  53200|
+-----------------+---------+-------+--------+-------+
|Utilization (%)  |        3|      0|   ~0   |      3|
+-----------------+---------+-------+--------+-------+

+ Detail: 
    * Instance: 
    +--------------------+----------+---------+-------+-----+------+
    |      Instance      |  Module  | BRAM_18K| DSP48E|  FF |  LUT |
    +--------------------+----------+---------+-------+-----+------+
    |grp_Filter2D_fu_26  |Filter2D  |        9|      0|  570|  1563|
    +--------------------+----------+---------+-------+-----+------+
    |Total               |          |        9|      0|  570|  1563|
    +--------------------+----------+---------+-------+-----+------+

    * DSP48: 
    N/A

    * Memory: 
    N/A

    * FIFO: 
    N/A

    * Expression: 
    +-----------------+----------+-------+---+----+------------+------------+
    |  Variable Name  | Operation| DSP48E| FF| LUT| Bitwidth P0| Bitwidth P1|
    +-----------------+----------+-------+---+----+------------+------------+
    |ap_block_state1  |    or    |      0|  0|   2|           1|           1|
    +-----------------+----------+-------+---+----+------------+------------+
    |Total            |          |      0|  0|   2|           1|           1|
    +-----------------+----------+-------+---+----+------------+------------+

    * Multiplexer: 
    +-----------------------------+----+-----------+-----+-----------+
    |             Name            | LUT| Input Size| Bits| Total Bits|
    +-----------------------------+----+-----------+-----+-----------+
    |ap_NS_fsm                    |  15|          3|    1|          3|
    |ap_done                      |   9|          2|    1|          2|
    |p_dst_data_stream_0_V_write  |   9|          2|    1|          2|
    |p_dst_data_stream_1_V_write  |   9|          2|    1|          2|
    |p_dst_data_stream_2_V_write  |   9|          2|    1|          2|
    |p_src_data_stream_0_V_read   |   9|          2|    1|          2|
    |p_src_data_stream_1_V_read   |   9|          2|    1|          2|
    |p_src_data_stream_2_V_read   |   9|          2|    1|          2|
    |real_start                   |   9|          2|    1|          2|
    +-----------------------------+----+-----------+-----+-----------+
    |Total                        |  87|         19|    9|         19|
    +-----------------------------+----+-----------+-----+-----------+

    * Register: 
    +---------------------------------+---+----+-----+-----------+
    |               Name              | FF| LUT| Bits| Const Bits|
    +---------------------------------+---+----+-----+-----------+
    |ap_CS_fsm                        |  2|   0|    2|          0|
    |ap_done_reg                      |  1|   0|    1|          0|
    |grp_Filter2D_fu_26_ap_start_reg  |  1|   0|    1|          0|
    |start_once_reg                   |  1|   0|    1|          0|
    +---------------------------------+---+----+-----+-----------+
    |Total                            |  5|   0|    5|          0|
    +---------------------------------+---+----+-----+-----------+



================================================================
== Interface
================================================================
* Summary: 
+-------------------------------+-----+-----+------------+-----------------------+--------------+
|           RTL Ports           | Dir | Bits|  Protocol  |     Source Object     |    C Type    |
+-------------------------------+-----+-----+------------+-----------------------+--------------+
|ap_clk                         |  in |    1| ap_ctrl_hs |         Sobel         | return value |
|ap_rst                         |  in |    1| ap_ctrl_hs |         Sobel         | return value |
|ap_start                       |  in |    1| ap_ctrl_hs |         Sobel         | return value |
|start_full_n                   |  in |    1| ap_ctrl_hs |         Sobel         | return value |
|ap_done                        | out |    1| ap_ctrl_hs |         Sobel         | return value |
|ap_continue                    |  in |    1| ap_ctrl_hs |         Sobel         | return value |
|ap_idle                        | out |    1| ap_ctrl_hs |         Sobel         | return value |
|ap_ready                       | out |    1| ap_ctrl_hs |         Sobel         | return value |
|start_out                      | out |    1| ap_ctrl_hs |         Sobel         | return value |
|start_write                    | out |    1| ap_ctrl_hs |         Sobel         | return value |
|p_src_data_stream_0_V_dout     |  in |    8|   ap_fifo  | p_src_data_stream_0_V |    pointer   |
|p_src_data_stream_0_V_empty_n  |  in |    1|   ap_fifo  | p_src_data_stream_0_V |    pointer   |
|p_src_data_stream_0_V_read     | out |    1|   ap_fifo  | p_src_data_stream_0_V |    pointer   |
|p_src_data_stream_1_V_dout     |  in |    8|   ap_fifo  | p_src_data_stream_1_V |    pointer   |
|p_src_data_stream_1_V_empty_n  |  in |    1|   ap_fifo  | p_src_data_stream_1_V |    pointer   |
|p_src_data_stream_1_V_read     | out |    1|   ap_fifo  | p_src_data_stream_1_V |    pointer   |
|p_src_data_stream_2_V_dout     |  in |    8|   ap_fifo  | p_src_data_stream_2_V |    pointer   |
|p_src_data_stream_2_V_empty_n  |  in |    1|   ap_fifo  | p_src_data_stream_2_V |    pointer   |
|p_src_data_stream_2_V_read     | out |    1|   ap_fifo  | p_src_data_stream_2_V |    pointer   |
|p_dst_data_stream_0_V_din      | out |    8|   ap_fifo  | p_dst_data_stream_0_V |    pointer   |
|p_dst_data_stream_0_V_full_n   |  in |    1|   ap_fifo  | p_dst_data_stream_0_V |    pointer   |
|p_dst_data_stream_0_V_write    | out |    1|   ap_fifo  | p_dst_data_stream_0_V |    pointer   |
|p_dst_data_stream_1_V_din      | out |    8|   ap_fifo  | p_dst_data_stream_1_V |    pointer   |
|p_dst_data_stream_1_V_full_n   |  in |    1|   ap_fifo  | p_dst_data_stream_1_V |    pointer   |
|p_dst_data_stream_1_V_write    | out |    1|   ap_fifo  | p_dst_data_stream_1_V |    pointer   |
|p_dst_data_stream_2_V_din      | out |    8|   ap_fifo  | p_dst_data_stream_2_V |    pointer   |
|p_dst_data_stream_2_V_full_n   |  in |    1|   ap_fifo  | p_dst_data_stream_2_V |    pointer   |
|p_dst_data_stream_2_V_write    | out |    1|   ap_fifo  | p_dst_data_stream_2_V |    pointer   |
+-------------------------------+-----+-----+------------+-----------------------+--------------+

============================================================
+ Verbose Summary: Synthesis Manager
============================================================
InlineROM: 1
ExposeGlobal: 0
============================================================
+ Verbose Summary: CDFG Model
============================================================
IsTopModel: 0
ResetActiveHigh: 1
IsCombinational: 2
IsDatapathOnly: 0
HasWiredReturn: 1
HasMFsm: 0
HasVarLatency: 1
IsPipeline: 0
IsRtlPipelined: 0
IsInstanceOverlapped: 0
IsDontTouch: 0
HasImplIP: 0
IsGatedGlobalClock: 0


============================================================
+ Verbose Summary: Schedule
============================================================
* Number of FSM states : 2
* Pipeline : 0
* Dataflow Pipeline: 0

* FSM state transitions: 
1 --> 
	2  / true
2 --> 

* FSM state operations: 

State 1 <SV = 0> <Delay = 0.00>
ST_1 : Operation 3 [2/2] (0.00ns)   --->   "call fastcc void @Filter2D(i8* %p_src_data_stream_0_V, i8* %p_src_data_stream_1_V, i8* %p_src_data_stream_2_V, i8* %p_dst_data_stream_0_V, i8* %p_dst_data_stream_1_V, i8* %p_dst_data_stream_2_V)" [C:/Xilinx/Vivado/2018.3/common/technology/autopilot/hls/hls_video_imgproc.h:2619->C:/Xilinx/Vivado/2018.3/common/technology/autopilot/hls/hls_video_imgproc.h:2627]   --->   Operation 3 'call' <Predicate = true> <Delay = 0.00> <CoreType = "Generic">   --->   Core 0 '' <Latency = 0> <II = 1> <Delay = 1.00> <Generic> <Opcode : >

State 2 <SV = 1> <Delay = 0.00>
ST_2 : Operation 4 [1/1] (0.00ns)   --->   "call void (...)* @_ssdm_op_SpecInterface(i8* %p_dst_data_stream_2_V, [8 x i8]* @ap_fifo_str, i32 0, i32 0, [1 x i8]* @p_str, i32 0, i32 0, [1 x i8]* @p_str, [1 x i8]* @p_str, [1 x i8]* @p_str, i32 2, i32 2, i32 16, i32 16, [1 x i8]* @p_str, [1 x i8]* @p_str)"   --->   Operation 4 'specinterface' <Predicate = true> <Delay = 0.00>
ST_2 : Operation 5 [1/1] (0.00ns)   --->   "call void (...)* @_ssdm_op_SpecInterface(i8* %p_dst_data_stream_1_V, [8 x i8]* @ap_fifo_str, i32 0, i32 0, [1 x i8]* @p_str, i32 0, i32 0, [1 x i8]* @p_str, [1 x i8]* @p_str, [1 x i8]* @p_str, i32 2, i32 2, i32 16, i32 16, [1 x i8]* @p_str, [1 x i8]* @p_str)"   --->   Operation 5 'specinterface' <Predicate = true> <Delay = 0.00>
ST_2 : Operation 6 [1/1] (0.00ns)   --->   "call void (...)* @_ssdm_op_SpecInterface(i8* %p_dst_data_stream_0_V, [8 x i8]* @ap_fifo_str, i32 0, i32 0, [1 x i8]* @p_str, i32 0, i32 0, [1 x i8]* @p_str, [1 x i8]* @p_str, [1 x i8]* @p_str, i32 2, i32 2, i32 16, i32 16, [1 x i8]* @p_str, [1 x i8]* @p_str)"   --->   Operation 6 'specinterface' <Predicate = true> <Delay = 0.00>
ST_2 : Operation 7 [1/1] (0.00ns)   --->   "call void (...)* @_ssdm_op_SpecInterface(i8* %p_src_data_stream_2_V, [8 x i8]* @ap_fifo_str, i32 0, i32 0, [1 x i8]* @p_str, i32 0, i32 0, [1 x i8]* @p_str, [1 x i8]* @p_str, [1 x i8]* @p_str, i32 2, i32 2, i32 16, i32 16, [1 x i8]* @p_str, [1 x i8]* @p_str)"   --->   Operation 7 'specinterface' <Predicate = true> <Delay = 0.00>
ST_2 : Operation 8 [1/1] (0.00ns)   --->   "call void (...)* @_ssdm_op_SpecInterface(i8* %p_src_data_stream_1_V, [8 x i8]* @ap_fifo_str, i32 0, i32 0, [1 x i8]* @p_str, i32 0, i32 0, [1 x i8]* @p_str, [1 x i8]* @p_str, [1 x i8]* @p_str, i32 2, i32 2, i32 16, i32 16, [1 x i8]* @p_str, [1 x i8]* @p_str)"   --->   Operation 8 'specinterface' <Predicate = true> <Delay = 0.00>
ST_2 : Operation 9 [1/1] (0.00ns)   --->   "call void (...)* @_ssdm_op_SpecInterface(i8* %p_src_data_stream_0_V, [8 x i8]* @ap_fifo_str, i32 0, i32 0, [1 x i8]* @p_str, i32 0, i32 0, [1 x i8]* @p_str, [1 x i8]* @p_str, [1 x i8]* @p_str, i32 2, i32 2, i32 16, i32 16, [1 x i8]* @p_str, [1 x i8]* @p_str)"   --->   Operation 9 'specinterface' <Predicate = true> <Delay = 0.00>
ST_2 : Operation 10 [1/2] (0.00ns)   --->   "call fastcc void @Filter2D(i8* %p_src_data_stream_0_V, i8* %p_src_data_stream_1_V, i8* %p_src_data_stream_2_V, i8* %p_dst_data_stream_0_V, i8* %p_dst_data_stream_1_V, i8* %p_dst_data_stream_2_V)" [C:/Xilinx/Vivado/2018.3/common/technology/autopilot/hls/hls_video_imgproc.h:2619->C:/Xilinx/Vivado/2018.3/common/technology/autopilot/hls/hls_video_imgproc.h:2627]   --->   Operation 10 'call' <Predicate = true> <Delay = 0.00> <CoreType = "Generic">   --->   Core 0 '' <Latency = 0> <II = 1> <Delay = 1.00> <Generic> <Opcode : >
ST_2 : Operation 11 [1/1] (0.00ns)   --->   "ret void" [C:/Xilinx/Vivado/2018.3/common/technology/autopilot/hls/hls_video_imgproc.h:2628]   --->   Operation 11 'ret' <Predicate = true> <Delay = 0.00>


============================================================
+ Verbose Summary: Binding
============================================================
STG Binding: 
---------------- STG Properties BEGIN ----------------
- Is combinational: 0
- Is one-state seq: 0
- Is datapath-only: 0
- Is pipelined: 0
- Is top level: 0
Port [ Return ] is wired: 1; IO mode=ap_ctrl_hs:ce=0
Port [ p_src_data_stream_0_V]:  wired=1; compound=1; hidden=0; nouse=0; global=0; static=0; extern=0; dir=0; type=3; pingpong=0; private_global=0; IO mode=ap_fifo:ce=0
Port [ p_src_data_stream_1_V]:  wired=1; compound=1; hidden=0; nouse=0; global=0; static=0; extern=0; dir=0; type=3; pingpong=0; private_global=0; IO mode=ap_fifo:ce=0
Port [ p_src_data_stream_2_V]:  wired=1; compound=1; hidden=0; nouse=0; global=0; static=0; extern=0; dir=0; type=3; pingpong=0; private_global=0; IO mode=ap_fifo:ce=0
Port [ p_dst_data_stream_0_V]:  wired=1; compound=1; hidden=0; nouse=0; global=0; static=0; extern=0; dir=1; type=3; pingpong=0; private_global=0; IO mode=ap_fifo:ce=0
Port [ p_dst_data_stream_1_V]:  wired=1; compound=1; hidden=0; nouse=0; global=0; static=0; extern=0; dir=1; type=3; pingpong=0; private_global=0; IO mode=ap_fifo:ce=0
Port [ p_dst_data_stream_2_V]:  wired=1; compound=1; hidden=0; nouse=0; global=0; static=0; extern=0; dir=1; type=3; pingpong=0; private_global=0; IO mode=ap_fifo:ce=0
---------------- STG Properties END ------------------

---------------- Datapath Model BEGIN ----------------

<LifeTime>
<method=bitvector/>
StgValue_4  (specinterface) [ 000]
StgValue_5  (specinterface) [ 000]
StgValue_6  (specinterface) [ 000]
StgValue_7  (specinterface) [ 000]
StgValue_8  (specinterface) [ 000]
StgValue_9  (specinterface) [ 000]
StgValue_10 (call         ) [ 000]
StgValue_11 (ret          ) [ 000]
</LifeTime>

<model>

<comp_list>
<comp id="0" class="1000" name="p_src_data_stream_0_V">
<pin_list>
<pin id="1" dir="1" index="0" bw="1" slack="0"/>
</pin_list>
<bind>
<StgValue><ssdm name="p_src_data_stream_0_V"/></StgValue>
</bind>
</comp>

<comp id="2" class="1000" name="p_src_data_stream_1_V">
<pin_list>
<pin id="3" dir="1" index="0" bw="1" slack="0"/>
</pin_list>
<bind>
<StgValue><ssdm name="p_src_data_stream_1_V"/></StgValue>
</bind>
</comp>

<comp id="4" class="1000" name="p_src_data_stream_2_V">
<pin_list>
<pin id="5" dir="1" index="0" bw="1" slack="0"/>
</pin_list>
<bind>
<StgValue><ssdm name="p_src_data_stream_2_V"/></StgValue>
</bind>
</comp>

<comp id="6" class="1000" name="p_dst_data_stream_0_V">
<pin_list>
<pin id="7" dir="1" index="0" bw="1" slack="0"/>
</pin_list>
<bind>
<StgValue><ssdm name="p_dst_data_stream_0_V"/></StgValue>
</bind>
</comp>

<comp id="8" class="1000" name="p_dst_data_stream_1_V">
<pin_list>
<pin id="9" dir="1" index="0" bw="1" slack="0"/>
</pin_list>
<bind>
<StgValue><ssdm name="p_dst_data_stream_1_V"/></StgValue>
</bind>
</comp>

<comp id="10" class="1000" name="p_dst_data_stream_2_V">
<pin_list>
<pin id="11" dir="1" index="0" bw="1" slack="0"/>
</pin_list>
<bind>
<StgValue><ssdm name="p_dst_data_stream_2_V"/></StgValue>
</bind>
</comp>

<comp id="12" class="1001" name="const_12">
<pin_list>
<pin id="13" dir="1" index="0" bw="1" slack="0"/>
</pin_list>
<bind>
<StgValue><ssdm name="Filter2D"/></StgValue>
</bind>
</comp>

<comp id="14" class="1001" name="const_14">
<pin_list>
<pin id="15" dir="1" index="0" bw="1" slack="2147483647"/>
</pin_list>
<bind>
<StgValue><ssdm name="_ssdm_op_SpecInterface"/></StgValue>
</bind>
</comp>

<comp id="16" class="1001" name="const_16">
<pin_list>
<pin id="17" dir="1" index="0" bw="1" slack="2147483647"/>
</pin_list>
<bind>
<StgValue><ssdm name="ap_fifo_str"/></StgValue>
</bind>
</comp>

<comp id="18" class="1001" name="const_18">
<pin_list>
<pin id="19" dir="1" index="0" bw="1" slack="2147483647"/>
</pin_list>
<bind>
<StgValue><ssdm name=""/></StgValue>
</bind>
</comp>

<comp id="20" class="1001" name="const_20">
<pin_list>
<pin id="21" dir="1" index="0" bw="1" slack="2147483647"/>
</pin_list>
<bind>
<StgValue><ssdm name="p_str"/></StgValue>
</bind>
</comp>

<comp id="22" class="1001" name="const_22">
<pin_list>
<pin id="23" dir="1" index="0" bw="1" slack="2147483647"/>
</pin_list>
<bind>
<StgValue><ssdm name=""/></StgValue>
</bind>
</comp>

<comp id="24" class="1001" name="const_24">
<pin_list>
<pin id="25" dir="1" index="0" bw="1" slack="2147483647"/>
</pin_list>
<bind>
<StgValue><ssdm name=""/></StgValue>
</bind>
</comp>

<comp id="26" class="1004" name="grp_Filter2D_fu_26">
<pin_list>
<pin id="27" dir="0" index="0" bw="0" slack="0"/>
<pin id="28" dir="0" index="1" bw="8" slack="0"/>
<pin id="29" dir="0" index="2" bw="8" slack="0"/>
<pin id="30" dir="0" index="3" bw="8" slack="0"/>
<pin id="31" dir="0" index="4" bw="8" slack="0"/>
<pin id="32" dir="0" index="5" bw="8" slack="0"/>
<pin id="33" dir="0" index="6" bw="8" slack="0"/>
<pin id="34" dir="1" index="7" bw="0" slack="2147483647"/>
</pin_list>
<bind>
<opcode="call(48) " fcode="call"/>
<opset="StgValue_3/1 "/>
</bind>
</comp>

</comp_list>

<net_list>
<net id="35"><net_src comp="12" pin="0"/><net_sink comp="26" pin=0"/></net>

<net id="36"><net_src comp="0" pin="0"/><net_sink comp="26" pin=1"/></net>

<net id="37"><net_src comp="2" pin="0"/><net_sink comp="26" pin=2"/></net>

<net id="38"><net_src comp="4" pin="0"/><net_sink comp="26" pin=3"/></net>

<net id="39"><net_src comp="6" pin="0"/><net_sink comp="26" pin=4"/></net>

<net id="40"><net_src comp="8" pin="0"/><net_sink comp="26" pin=5"/></net>

<net id="41"><net_src comp="10" pin="0"/><net_sink comp="26" pin=6"/></net>

</net_list>

</model> 
---------------- Datapath Model END ------------------

* FSMD analyzer results:
  - Output states:
	Port: p_dst_data_stream_0_V | {1 2 }
	Port: p_dst_data_stream_1_V | {1 2 }
	Port: p_dst_data_stream_2_V | {1 2 }
 - Input state : 
	Port: Sobel : p_src_data_stream_0_V | {1 2 }
	Port: Sobel : p_src_data_stream_1_V | {1 2 }
	Port: Sobel : p_src_data_stream_2_V | {1 2 }
  - Chain level:
	State 1
	State 2


============================================================
+ Verbose Summary: Datapath Resource usage 
============================================================

* Functional unit list:
|----------|--------------------|---------|---------|---------|---------|
| Operation|   Functional Unit  |   BRAM  |  Delay  |    FF   |   LUT   |
|----------|--------------------|---------|---------|---------|---------|
|   call   | grp_Filter2D_fu_26 |    9    |  26.535 |   574   |   1473  |
|----------|--------------------|---------|---------|---------|---------|
|   Total  |                    |    9    |  26.535 |   574   |   1473  |
|----------|--------------------|---------|---------|---------|---------|

Memories:
N/A

* Register list:
N/A

* Multiplexer (MUX) list: 
|--------|------|------|------|--------|
|  Comp  |  Pin | Size |  BW  | S x BW |
|--------|------|------|------|--------|
|  Total |      |      |      |    0   |
|--------|------|------|------|--------|



* Summary:
+-----------+--------+--------+--------+--------+
|           |  BRAM  |  Delay |   FF   |   LUT  |
+-----------+--------+--------+--------+--------+
|  Function |    9   |   26   |   574  |  1473  |
|   Memory  |    -   |    -   |    -   |    -   |
|Multiplexer|    -   |    -   |    -   |    -   |
|  Register |    -   |    -   |    -   |    -   |
+-----------+--------+--------+--------+--------+
|   Total   |    9   |   26   |   574  |  1473  |
+-----------+--------+--------+--------+--------+
