INFO-FLOW: Workspace C:/Users/ugo/Desktop/Progetti/counter/solution1 opened at Sun Mar 01 22:30:20 +0100 2020
Execute     config_clock -quiet -name default -period 10 -default=false 
INFO: [SYN 201-201] Setting up clock 'default' with a period of 10ns.
Execute     open_platform DefaultPlatform 
Execute     import_lib C:/Xilinx/Vivado/2018.3/common/technology/xilinx/zynq/zynq 
Execute       source C:/Xilinx/Vivado/2018.3/common/technology/xilinx/common/xilinx.lib 
Execute         source C:/Xilinx/Vivado/2018.3/common/technology/xilinx/interface/xilinx_interface.lib 
Execute           source C:/Xilinx/Vivado/2018.3/common/technology/xilinx/interface/plb46.lib 
Execute           source C:/Xilinx/Vivado/2018.3/common/technology/xilinx/interface/fsl.lib 
Execute           source C:/Xilinx/Vivado/2018.3/common/technology/xilinx/interface/axi4.lib 
Execute           source C:/Xilinx/Vivado/2018.3/common/technology/xilinx/interface/maxi.lib 
Execute           source C:/Xilinx/Vivado/2018.3/common/technology/xilinx/interface/saxilite.lib 
Execute         source C:/Xilinx/Vivado/2018.3/common/technology/xilinx/common/dsp48.lib 
Execute         source C:/Xilinx/Vivado/2018.3/common/technology/xilinx/ip/dds_compiler.lib 
Execute         source C:/Xilinx/Vivado/2018.3/common/technology/xilinx/ip/xfft.lib 
Execute         source C:/Xilinx/Vivado/2018.3/common/technology/xilinx/ip/xfir.lib 
Execute       source C:/Xilinx/Vivado/2018.3/common/technology/xilinx/common/xilinx_old.lib 
Execute       source C:/Xilinx/Vivado/2018.3/common/technology/xilinx/common/xilinx_vivado.lib 
Execute       source C:/Xilinx/Vivado/2018.3/common/technology/xilinx/common/xilinx.hlp 
Execute         source C:/Xilinx/Vivado/2018.3/common/technology/xilinx/common/target_info.tcl 
Execute         source C:/Xilinx/Vivado/2018.3/common/technology/xilinx/interface/xilinx_interface.hlp 
Execute           source C:/Xilinx/Vivado/2018.3/common/technology/xilinx/interface/maxi.hlp 
Execute           source C:/Xilinx/Vivado/2018.3/common/technology/xilinx/interface/saxilite.hlp 
Execute         source C:/Xilinx/Vivado/2018.3/common/technology/xilinx/common/dsp48.hlp 
Execute       source C:/Xilinx/Vivado/2018.3/common/technology/xilinx/zynq/dsp48e1.hlp 
Execute       get_default_platform 
Execute       config_chip_info -quiet -resource  {SLICE 13300}  {LUT 53200}     {FF 106400} {DSP48E 220}   {BRAM 280}  
Execute       config_chip_info -quiet -speed medium 
Execute       source C:/Xilinx/Vivado/2018.3/common/technology/xilinx/common/xilinx.hlp 
Execute         source C:/Xilinx/Vivado/2018.3/common/technology/xilinx/common/target_info.tcl 
Execute         source C:/Xilinx/Vivado/2018.3/common/technology/xilinx/interface/xilinx_interface.hlp 
Execute           source C:/Xilinx/Vivado/2018.3/common/technology/xilinx/interface/maxi.hlp 
Execute           source C:/Xilinx/Vivado/2018.3/common/technology/xilinx/interface/saxilite.hlp 
Execute         source C:/Xilinx/Vivado/2018.3/common/technology/xilinx/common/dsp48.hlp 
Execute     source C:/Xilinx/Vivado/2018.3/common/technology/xilinx/zynq/zynq.gen 
Execute       source C:/Xilinx/Vivado/2018.3/common/technology/xilinx/common/virtex.gen 
Execute         source C:/Xilinx/Vivado/2018.3/common/technology/xilinx/common/xilinx.gen 
Execute           source C:/Xilinx/Vivado/2018.3/common/technology/xilinx/interface/plb46.gen 
Execute           source C:/Xilinx/Vivado/2018.3/common/technology/xilinx/interface/fsl.gen 
Execute           source C:/Xilinx/Vivado/2018.3/common/technology/xilinx/interface/axi4.gen 
Execute           source C:/Xilinx/Vivado/2018.3/common/technology/xilinx/interface/nativeAXI4.gen 
Execute             source C:/Xilinx/Vivado/2018.3/common/technology/xilinx/interface/saxilite.gen 
Execute             source C:/Xilinx/Vivado/2018.3/common/technology/xilinx/interface/maxi.gen 
Execute           source C:/Xilinx/Vivado/2018.3/common/technology/xilinx/scripts/xilinxcoregen.gen 
Execute           source C:/Xilinx/Vivado/2018.3/common/technology/xilinx/interface/XilEDKCoreGen.gen 
Execute           source C:/Xilinx/Vivado/2018.3/common/technology/xilinx/ip/dds_compiler.gen 
Execute           source C:/Xilinx/Vivado/2018.3/common/technology/xilinx/ip/util.gen 
Execute           source C:/Xilinx/Vivado/2018.3/common/technology/xilinx/ip/xfft.gen 
Command           ap_source done; 0.132 sec.
Execute           source C:/Xilinx/Vivado/2018.3/common/technology/xilinx/ip/xfir.gen 
Command         ap_source done; 0.182 sec.
Execute         source C:/Xilinx/Vivado/2018.3/common/technology/xilinx/common/dsp48.gen 
Command       ap_source done; 0.185 sec.
Command     ap_source done; 0.186 sec.
Execute     open_platform DefaultPlatform 
Execute     import_lib C:/Xilinx/Vivado/2018.3/common/technology/xilinx/zynq/zynq_fpv6 
Execute       source C:/Xilinx/Vivado/2018.3/common/technology/xilinx/common/xilinx_fpv7.lib 
Execute         source C:/Xilinx/Vivado/2018.3/common/technology/xilinx/common/xilinx_hp.lib 
Execute       source C:/Xilinx/Vivado/2018.3/common/technology/xilinx/common/xilinx_fpv.hlp 
Execute         source C:/Xilinx/Vivado/2018.3/common/technology/xilinx/common/xilinx.hlp 
Execute           source C:/Xilinx/Vivado/2018.3/common/technology/xilinx/common/target_info.tcl 
Execute           source C:/Xilinx/Vivado/2018.3/common/technology/xilinx/interface/xilinx_interface.hlp 
Execute             source C:/Xilinx/Vivado/2018.3/common/technology/xilinx/interface/maxi.hlp 
Execute             source C:/Xilinx/Vivado/2018.3/common/technology/xilinx/interface/saxilite.hlp 
Execute           source C:/Xilinx/Vivado/2018.3/common/technology/xilinx/common/dsp48.hlp 
Execute       source C:/Xilinx/Vivado/2018.3/common/technology/xilinx/zynq/zynq_hp.hlp 
Execute     source C:/Xilinx/Vivado/2018.3/common/technology/xilinx/zynq/zynq_fpv6.gen 
Execute       source C:/Xilinx/Vivado/2018.3/common/technology/xilinx/common/xilinx_fpv6.gen 
Execute     set_part xc7z020clg484-1 
Execute       add_library xilinx/zynq/zynq:xc7z020:clg484:-1 
Execute         get_default_platform 
Execute         license_isbetapart xc7z020 
Command         license_isbetapart done; error code: 1; 
Execute         get_default_platform 
Execute         config_chip_info -quiet -resource  {SLICE 13300}  {LUT 53200}     {FF 106400} {DSP48E 220}   {BRAM 280}  
Execute         config_chip_info -quiet -speed slow 
Execute       add_library xilinx/zynq/zynq_fpv6 
Execute         get_default_platform 
INFO: [HLS 200-10] Setting target device to 'xc7z020clg484-1'
Execute       get_default_platform 
Execute     get_default_platform 
Execute     config_chip_info -quiet -resource  {SLICE 13300}  {LUT 53200}     {FF 106400} {DSP48E 220}   {BRAM 280}  
Execute     config_chip_info -quiet -speed slow 
Execute     config_export -description=Fast_c_counter 
Execute     config_export -display_name=ugo_c_counter 
Execute     config_export -format=ip_catalog 
Execute     config_export -rtl=verilog 
Execute     config_export -vendor=Ugo 
Execute     config_export -version=1.2 
Command   open_solution done; 0.376 sec.
Execute   set_part xc7z020clg484-1 -tool vivado 
Execute     add_library xilinx/zynq/zynq:xc7z020:clg484:-1 
Execute       get_default_platform 
Execute       license_isbetapart xc7z020 
Command       license_isbetapart done; error code: 1; 
Execute       get_default_platform 
Execute       config_chip_info -quiet -resource  {SLICE 13300}  {LUT 53200}     {FF 106400} {DSP48E 220}   {BRAM 280}  
Execute       config_chip_info -quiet -speed slow 
Execute     add_library xilinx/zynq/zynq_fpv6 
Execute       get_default_platform 
Execute     get_default_platform 
Execute   create_clock -period 10 -name default 
Execute   config_export -description Fast_c_counter -display_name ugo_c_counter -format ip_catalog -rtl verilog -vendor Ugo -version 1.2 
Execute   csynth_design 
Execute     get_config_compile -effort 
Execute     get_config_compile -enable_clang39 
Execute     get_config_compile -g 
Execute     get_config_compile -lm 
Execute     get_config_compile -ng 
Execute     get_config_compile -opt_fp 
Execute     get_config_compile -skip_cdt 
Execute     get_config_compile -skip_syncheck 
Execute     get_config_compile -skip_transform 
Execute     config_compile -blackbox  
Execute     get_config_compile -keep_printf 
Execute     elaborate -effort=medium -skip_syncheck=0 -keep_printf=0 -lm=0 -skip_cdt=0 -skip_transform=0 -ng=0 -g=0 -opt_fp=0 -from_csynth_design=1 
Execute       get_config_schedule -relax_ii_for_timing 
INFO: [SCHED 204-61] Option 'relax_ii_for_timing' is enabled, will increase II to preserve clock frequency constraints.
Execute       get_config_schedule -suppress_dependence_error_break 
INFO: [HLS 200-10] Analyzing design file 'counter/contatore_axi.cpp' ... 
INFO-FLOW: Compiling one TU...
Execute       is_m_axi_addr64 
INFO-FLOW: Handling counter/contatore_axi.cpp as C++
Execute       get_default_platform 
Execute       is_encrypted counter/contatore_axi.cpp 
Execute       get_default_platform 
INFO-FLOW: Running: GCC PP
INFO-FLOW: Source preprocessing
Execute       clang  -fno-limit-debug-info -gcc-toolchain "C:/Xilinx/Vivado/2018.3/msys" -hls  -fno-exceptions  -D__llvm__  -E "counter/contatore_axi.cpp"     -fno-math-errno -c -emit-llvm -O0  -mllvm -disable-llvm-optzns -fno-threadsafe-statics  -fno-use-cxa-atexit  -fno-threadsafe-statics -fno-use-cxa-atexit -D__CLANG_3_1__ -D__cdecl= -DAESL_SYN -D__SYNTHESIS__ -D__HLS_SYN__ -I "C:/Xilinx/Vivado/2018.3/common/technology/autopilot" -I "C:/Xilinx/Vivado/2018.3/common/technology/autopilot/ap_sysc" -include etc/autopilot_ssdm_op.h -D__DSP48E1__  -o "C:/Users/ugo/Desktop/Progetti/counter/solution1/.autopilot/db/contatore_axi.pp.0.cpp" 
INFO-FLOW: exec C:/Xilinx/Vivado/2018.3/win64/tools/clang/bin/clang -fno-limit-debug-info -gcc-toolchain C:/Xilinx/Vivado/2018.3/msys -hls -fno-exceptions -D__llvm__ -E counter/contatore_axi.cpp -fno-math-errno -c -emit-llvm -O0 -mllvm -disable-llvm-optzns -fno-threadsafe-statics -fno-use-cxa-atexit -fno-threadsafe-statics -fno-use-cxa-atexit -D__CLANG_3_1__ -D__cdecl= -DAESL_SYN -D__SYNTHESIS__ -D__HLS_SYN__ -I C:/Xilinx/Vivado/2018.3/common/technology/autopilot -I C:/Xilinx/Vivado/2018.3/common/technology/autopilot/ap_sysc -include etc/autopilot_ssdm_op.h -D__DSP48E1__ -o C:/Users/ugo/Desktop/Progetti/counter/solution1/.autopilot/db/contatore_axi.pp.0.cpp
Command       clang done; 1.182 sec.
Execute       tidy_31 xilinx-xfmat-array-geometry C:/Users/ugo/Desktop/Progetti/counter/solution1/.autopilot/db/contatore_axi.pp.0.cpp std=gnu++98 
INFO-FLOW: exec C:/Xilinx/Vivado/2018.3/win64/tools/clang-3.9-csynth/bin/tidy-3.1 -header-filter=.* -checks=-*,xilinx-xfmat-array-geometry -quiet -fix C:/Users/ugo/Desktop/Progetti/counter/solution1/.autopilot/db/contatore_axi.pp.0.cpp -- -std=gnu++98 -fhls -ferror-limit=0
Command       tidy_31 done; 0.711 sec.
INFO-FLOW: Syntax Checking before pre-processing...
Execute       clang -syntaxcheck -src C:/Users/ugo/Desktop/Progetti/counter/solution1/.autopilot/db/contatore_axi.pp.0.cpp  -fno-limit-debug-info -gcc-toolchain "C:/Xilinx/Vivado/2018.3/msys" -hls    -fno-math-errno -c -emit-llvm -O0  -mllvm -disable-llvm-optzns -fno-threadsafe-statics  -fno-use-cxa-atexit  -fno-threadsafe-statics -fno-use-cxa-atexit -D__CLANG_3_1__ -D__cdecl= -DAESL_SYN -D__SYNTHESIS__ -D__HLS_SYN__ -I "C:/Xilinx/Vivado/2018.3/common/technology/autopilot" -I "C:/Xilinx/Vivado/2018.3/common/technology/autopilot/ap_sysc" -include etc/autopilot_ssdm_op.h -D__DSP48E1__  "C:/Users/ugo/Desktop/Progetti/counter/solution1/.autopilot/db/contatore_axi.pp.0.cpp"  -o "C:/Users/ugo/Desktop/Progetti/counter/solution1/.autopilot/db/useless.bc"  
INFO-FLOW: exec C:/Xilinx/Vivado/2018.3/win64/tools/clang/bin/clang -fno-limit-debug-info -gcc-toolchain C:/Xilinx/Vivado/2018.3/msys -hls -fno-math-errno -c -emit-llvm -O0 -mllvm -disable-llvm-optzns -fno-threadsafe-statics -fno-use-cxa-atexit -fno-threadsafe-statics -fno-use-cxa-atexit -D__CLANG_3_1__ -D__cdecl= -DAESL_SYN -D__SYNTHESIS__ -D__HLS_SYN__ -I C:/Xilinx/Vivado/2018.3/common/technology/autopilot -I C:/Xilinx/Vivado/2018.3/common/technology/autopilot/ap_sysc -include etc/autopilot_ssdm_op.h -D__DSP48E1__ C:/Users/ugo/Desktop/Progetti/counter/solution1/.autopilot/db/contatore_axi.pp.0.cpp -o C:/Users/ugo/Desktop/Progetti/counter/solution1/.autopilot/db/useless.bc
Command       clang done; 1.767 sec.
INFO-FLOW: Done: GCC PP time: 3.7 seconds per iteration
Execute       list_core -type functional_unit 
Execute       tidy_31 xilinx-systemc-detector C:/Users/ugo/Desktop/Progetti/counter/solution1/.autopilot/db/contatore_axi.pp.0.cpp std=gnu++98 -directive=C:/Users/ugo/Desktop/Progetti/counter/solution1/.autopilot/db/.systemc_flag 
INFO-FLOW: exec C:/Xilinx/Vivado/2018.3/win64/tools/clang-3.9-csynth/bin/tidy-3.1 -header-filter=.* -checks=-*,xilinx-systemc-detector -import-directive=C:/Users/ugo/Desktop/Progetti/counter/solution1/.autopilot/db/.systemc_flag -quiet -fix-errors C:/Users/ugo/Desktop/Progetti/counter/solution1/.autopilot/db/contatore_axi.pp.0.cpp -- -std=gnu++98 -fhls -ferror-limit=0
Command       tidy_31 done; 0.657 sec.
INFO-FLOW: Running: tidy-3.1 CDT preprocess
Execute       tidy_31 xilinx-directive2pragma C:/Users/ugo/Desktop/Progetti/counter/solution1/.autopilot/db/contatore_axi.pp.0.cpp std=gnu++98 -directive=C:/Users/ugo/Desktop/Progetti/counter/solution1/.autopilot/db/all.directive.json 
INFO-FLOW: exec C:/Xilinx/Vivado/2018.3/win64/tools/clang-3.9-csynth/bin/tidy-3.1 -header-filter=.* -checks=-*,xilinx-directive2pragma -import-directive=C:/Users/ugo/Desktop/Progetti/counter/solution1/.autopilot/db/all.directive.json -quiet -fix-errors C:/Users/ugo/Desktop/Progetti/counter/solution1/.autopilot/db/contatore_axi.pp.0.cpp -- -std=gnu++98 -fhls -ferror-limit=0
Command       tidy_31 done; 0.608 sec.
Execute       get_config_dataflow -strict_mode 
Execute       ap_eval exec -ignorestderr C:/Xilinx/Vivado/2018.3/win64/tools/clang-3.9-csynth/bin/xilinx-dataflow-lawyer -export-fixes=C:/Users/ugo/Desktop/Progetti/counter/solution1/.autopilot/db/xilinx-dataflow-lawyer.contatore_axi.pp.0.cpp.diag.yml C:/Users/ugo/Desktop/Progetti/counter/solution1/.autopilot/db/contatore_axi.pp.0.cpp -- -std=gnu++98 -fhls -ferror-limit=0 -fstrict-dataflow > C:/Users/ugo/Desktop/Progetti/counter/solution1/.autopilot/db/xilinx-dataflow-lawyer.contatore_axi.pp.0.cpp.out.log 2> C:/Users/ugo/Desktop/Progetti/counter/solution1/.autopilot/db/xilinx-dataflow-lawyer.contatore_axi.pp.0.cpp.err.log 
Command       ap_eval done; 0.751 sec.
Execute       tidy_31 -errorcheck xilinx-constantarray-param,xilinx-resource-pragma-transformer,xilinx-xfmat-array-geometry C:/Users/ugo/Desktop/Progetti/counter/solution1/.autopilot/db/contatore_axi.pp.0.cpp std=gnu++98 
Execute         ap_eval exec -ignorestderr C:/Xilinx/Vivado/2018.3/win64/tools/clang-3.9-csynth/bin/tidy-3.1 -export-fixes=C:/Users/ugo/Desktop/Progetti/counter/solution1/.autopilot/db/tidy-3.1.contatore_axi.pp.0.cpp.diag.yml -header-filter=.* -checks=-*,xilinx-constantarray-param,xilinx-resource-pragma-transformer,xilinx-xfmat-array-geometry -quiet -fix-errors C:/Users/ugo/Desktop/Progetti/counter/solution1/.autopilot/db/contatore_axi.pp.0.cpp -- -std=gnu++98 -fhls -ferror-limit=0 > C:/Users/ugo/Desktop/Progetti/counter/solution1/.autopilot/db/tidy-3.1.contatore_axi.pp.0.cpp.out.log 2> C:/Users/ugo/Desktop/Progetti/counter/solution1/.autopilot/db/tidy-3.1.contatore_axi.pp.0.cpp.err.log 
Command         ap_eval done; 0.741 sec.
Execute         ap_eval exec -ignorestderr C:/Xilinx/Vivado/2018.3/win64/tools/clang-3.9-csynth/bin/xilinx-legacy-rewriter C:/Users/ugo/Desktop/Progetti/counter/solution1/.autopilot/db/contatore_axi.pp.0.cpp -- -std=gnu++98 -fhls -ferror-limit=0 > C:/Users/ugo/Desktop/Progetti/counter/solution1/.autopilot/db/xilinx-legacy-rewriter.contatore_axi.pp.0.cpp.out.log 2> C:/Users/ugo/Desktop/Progetti/counter/solution1/.autopilot/db/xilinx-legacy-rewriter.contatore_axi.pp.0.cpp.err.log 
Command         ap_eval done; 0.652 sec.
Command       tidy_31 done; 1.399 sec.
INFO-FLOW: Done: tidy-3.1 CDT preprocess time: 2.8 seconds per iteration
INFO-FLOW: Pragma Handling...
Execute       tidy_31 xilinx-ssdm-intrinsics-arguments C:/Users/ugo/Desktop/Progetti/counter/solution1/.autopilot/db/contatore_axi.pragma.1.cpp std=gnu++98 
INFO-FLOW: exec C:/Xilinx/Vivado/2018.3/win64/tools/clang-3.9-csynth/bin/tidy-3.1 -header-filter=.* -checks=-*,xilinx-ssdm-intrinsics-arguments -quiet -fix-errors C:/Users/ugo/Desktop/Progetti/counter/solution1/.autopilot/db/contatore_axi.pragma.1.cpp -- -std=gnu++98 -fhls -ferror-limit=0
Command       tidy_31 done; 1.531 sec.
Execute       get_default_platform 
INFO-FLOW: Processing labels
Execute       clang -src C:/Users/ugo/Desktop/Progetti/counter/solution1/.autopilot/db/contatore_axi.pragma.2.cpp  -fno-limit-debug-info -gcc-toolchain C:/Xilinx/Vivado/2018.3/msys -hls -hls-analyze-label -hls-analyze-pragma -fno-exceptions  -D__llvm__  -w  "C:/Users/ugo/Desktop/Progetti/counter/solution1/.autopilot/db/contatore_axi.pragma.2.cpp"    -fno-math-errno -c -emit-llvm -O0  -mllvm -disable-llvm-optzns -fno-threadsafe-statics  -fno-use-cxa-atexit -DAESL_SYN -D__SYNTHESIS__ -D__HLS_SYN__ -I "C:/Xilinx/Vivado/2018.3/common/technology/autopilot" -I "C:/Xilinx/Vivado/2018.3/common/technology/autopilot/ap_sysc" -include etc/autopilot_ssdm_op.h -D__DSP48E1__ -g -o "C:/Users/ugo/Desktop/Progetti/counter/solution1/.autopilot/db/contatore_axi.bc" 
INFO-FLOW: exec C:/Xilinx/Vivado/2018.3/win64/tools/clang/bin/clang -fno-limit-debug-info -gcc-toolchain C:/Xilinx/Vivado/2018.3/msys -hls -hls-analyze-label -hls-analyze-pragma -fno-exceptions -D__llvm__ -w C:/Users/ugo/Desktop/Progetti/counter/solution1/.autopilot/db/contatore_axi.pragma.2.cpp -fno-math-errno -c -emit-llvm -O0 -mllvm -disable-llvm-optzns -fno-threadsafe-statics -fno-use-cxa-atexit -DAESL_SYN -D__SYNTHESIS__ -D__HLS_SYN__ -I C:/Xilinx/Vivado/2018.3/common/technology/autopilot -I C:/Xilinx/Vivado/2018.3/common/technology/autopilot/ap_sysc -include etc/autopilot_ssdm_op.h -D__DSP48E1__ -g -o C:/Users/ugo/Desktop/Progetti/counter/solution1/.autopilot/db/contatore_axi.bc
Command       clang done; 2.031 sec.
INFO: [HLS 200-10] Analyzing design file 'counter/contatore_no_io.cpp' ... 
INFO-FLOW: Compiling one TU...
Execute       is_m_axi_addr64 
INFO-FLOW: Handling counter/contatore_no_io.cpp as C++
Execute       get_default_platform 
Execute       is_encrypted counter/contatore_no_io.cpp 
Execute       get_default_platform 
INFO-FLOW: Running: GCC PP
INFO-FLOW: Source preprocessing
Execute       clang  -fno-limit-debug-info -gcc-toolchain "C:/Xilinx/Vivado/2018.3/msys" -hls  -fno-exceptions  -D__llvm__  -E "counter/contatore_no_io.cpp"     -fno-math-errno -c -emit-llvm -O0  -mllvm -disable-llvm-optzns -fno-threadsafe-statics  -fno-use-cxa-atexit  -fno-threadsafe-statics -fno-use-cxa-atexit -D__CLANG_3_1__ -D__cdecl= -DAESL_SYN -D__SYNTHESIS__ -D__HLS_SYN__ -I "C:/Xilinx/Vivado/2018.3/common/technology/autopilot" -I "C:/Xilinx/Vivado/2018.3/common/technology/autopilot/ap_sysc" -include etc/autopilot_ssdm_op.h -D__DSP48E1__  -o "C:/Users/ugo/Desktop/Progetti/counter/solution1/.autopilot/db/contatore_no_io.pp.0.cpp" 
INFO-FLOW: exec C:/Xilinx/Vivado/2018.3/win64/tools/clang/bin/clang -fno-limit-debug-info -gcc-toolchain C:/Xilinx/Vivado/2018.3/msys -hls -fno-exceptions -D__llvm__ -E counter/contatore_no_io.cpp -fno-math-errno -c -emit-llvm -O0 -mllvm -disable-llvm-optzns -fno-threadsafe-statics -fno-use-cxa-atexit -fno-threadsafe-statics -fno-use-cxa-atexit -D__CLANG_3_1__ -D__cdecl= -DAESL_SYN -D__SYNTHESIS__ -D__HLS_SYN__ -I C:/Xilinx/Vivado/2018.3/common/technology/autopilot -I C:/Xilinx/Vivado/2018.3/common/technology/autopilot/ap_sysc -include etc/autopilot_ssdm_op.h -D__DSP48E1__ -o C:/Users/ugo/Desktop/Progetti/counter/solution1/.autopilot/db/contatore_no_io.pp.0.cpp
Command       clang done; 1.305 sec.
Execute       tidy_31 xilinx-xfmat-array-geometry C:/Users/ugo/Desktop/Progetti/counter/solution1/.autopilot/db/contatore_no_io.pp.0.cpp std=gnu++98 
INFO-FLOW: exec C:/Xilinx/Vivado/2018.3/win64/tools/clang-3.9-csynth/bin/tidy-3.1 -header-filter=.* -checks=-*,xilinx-xfmat-array-geometry -quiet -fix C:/Users/ugo/Desktop/Progetti/counter/solution1/.autopilot/db/contatore_no_io.pp.0.cpp -- -std=gnu++98 -fhls -ferror-limit=0
Command       tidy_31 done; 0.99 sec.
INFO-FLOW: Syntax Checking before pre-processing...
Execute       clang -syntaxcheck -src C:/Users/ugo/Desktop/Progetti/counter/solution1/.autopilot/db/contatore_no_io.pp.0.cpp  -fno-limit-debug-info -gcc-toolchain "C:/Xilinx/Vivado/2018.3/msys" -hls    -fno-math-errno -c -emit-llvm -O0  -mllvm -disable-llvm-optzns -fno-threadsafe-statics  -fno-use-cxa-atexit  -fno-threadsafe-statics -fno-use-cxa-atexit -D__CLANG_3_1__ -D__cdecl= -DAESL_SYN -D__SYNTHESIS__ -D__HLS_SYN__ -I "C:/Xilinx/Vivado/2018.3/common/technology/autopilot" -I "C:/Xilinx/Vivado/2018.3/common/technology/autopilot/ap_sysc" -include etc/autopilot_ssdm_op.h -D__DSP48E1__  "C:/Users/ugo/Desktop/Progetti/counter/solution1/.autopilot/db/contatore_no_io.pp.0.cpp"  -o "C:/Users/ugo/Desktop/Progetti/counter/solution1/.autopilot/db/useless.bc"  
INFO-FLOW: exec C:/Xilinx/Vivado/2018.3/win64/tools/clang/bin/clang -fno-limit-debug-info -gcc-toolchain C:/Xilinx/Vivado/2018.3/msys -hls -fno-math-errno -c -emit-llvm -O0 -mllvm -disable-llvm-optzns -fno-threadsafe-statics -fno-use-cxa-atexit -fno-threadsafe-statics -fno-use-cxa-atexit -D__CLANG_3_1__ -D__cdecl= -DAESL_SYN -D__SYNTHESIS__ -D__HLS_SYN__ -I C:/Xilinx/Vivado/2018.3/common/technology/autopilot -I C:/Xilinx/Vivado/2018.3/common/technology/autopilot/ap_sysc -include etc/autopilot_ssdm_op.h -D__DSP48E1__ C:/Users/ugo/Desktop/Progetti/counter/solution1/.autopilot/db/contatore_no_io.pp.0.cpp -o C:/Users/ugo/Desktop/Progetti/counter/solution1/.autopilot/db/useless.bc
Command       clang done; 1.849 sec.
INFO-FLOW: Done: GCC PP time: 4.1 seconds per iteration
Execute       list_core -type functional_unit 
Execute       tidy_31 xilinx-systemc-detector C:/Users/ugo/Desktop/Progetti/counter/solution1/.autopilot/db/contatore_no_io.pp.0.cpp std=gnu++98 -directive=C:/Users/ugo/Desktop/Progetti/counter/solution1/.autopilot/db/.systemc_flag 
INFO-FLOW: exec C:/Xilinx/Vivado/2018.3/win64/tools/clang-3.9-csynth/bin/tidy-3.1 -header-filter=.* -checks=-*,xilinx-systemc-detector -import-directive=C:/Users/ugo/Desktop/Progetti/counter/solution1/.autopilot/db/.systemc_flag -quiet -fix-errors C:/Users/ugo/Desktop/Progetti/counter/solution1/.autopilot/db/contatore_no_io.pp.0.cpp -- -std=gnu++98 -fhls -ferror-limit=0
Command       tidy_31 done; 0.761 sec.
INFO-FLOW: Running: tidy-3.1 CDT preprocess
Execute       tidy_31 xilinx-directive2pragma C:/Users/ugo/Desktop/Progetti/counter/solution1/.autopilot/db/contatore_no_io.pp.0.cpp std=gnu++98 -directive=C:/Users/ugo/Desktop/Progetti/counter/solution1/.autopilot/db/all.directive.json 
INFO-FLOW: exec C:/Xilinx/Vivado/2018.3/win64/tools/clang-3.9-csynth/bin/tidy-3.1 -header-filter=.* -checks=-*,xilinx-directive2pragma -import-directive=C:/Users/ugo/Desktop/Progetti/counter/solution1/.autopilot/db/all.directive.json -quiet -fix-errors C:/Users/ugo/Desktop/Progetti/counter/solution1/.autopilot/db/contatore_no_io.pp.0.cpp -- -std=gnu++98 -fhls -ferror-limit=0
Command       tidy_31 done; 0.687 sec.
Execute       get_config_dataflow -strict_mode 
Execute       ap_eval exec -ignorestderr C:/Xilinx/Vivado/2018.3/win64/tools/clang-3.9-csynth/bin/xilinx-dataflow-lawyer -export-fixes=C:/Users/ugo/Desktop/Progetti/counter/solution1/.autopilot/db/xilinx-dataflow-lawyer.contatore_no_io.pp.0.cpp.diag.yml C:/Users/ugo/Desktop/Progetti/counter/solution1/.autopilot/db/contatore_no_io.pp.0.cpp -- -std=gnu++98 -fhls -ferror-limit=0 -fstrict-dataflow > C:/Users/ugo/Desktop/Progetti/counter/solution1/.autopilot/db/xilinx-dataflow-lawyer.contatore_no_io.pp.0.cpp.out.log 2> C:/Users/ugo/Desktop/Progetti/counter/solution1/.autopilot/db/xilinx-dataflow-lawyer.contatore_no_io.pp.0.cpp.err.log 
Command       ap_eval done; 0.589 sec.
Execute       tidy_31 -errorcheck xilinx-constantarray-param,xilinx-resource-pragma-transformer,xilinx-xfmat-array-geometry C:/Users/ugo/Desktop/Progetti/counter/solution1/.autopilot/db/contatore_no_io.pp.0.cpp std=gnu++98 
Execute         ap_eval exec -ignorestderr C:/Xilinx/Vivado/2018.3/win64/tools/clang-3.9-csynth/bin/tidy-3.1 -export-fixes=C:/Users/ugo/Desktop/Progetti/counter/solution1/.autopilot/db/tidy-3.1.contatore_no_io.pp.0.cpp.diag.yml -header-filter=.* -checks=-*,xilinx-constantarray-param,xilinx-resource-pragma-transformer,xilinx-xfmat-array-geometry -quiet -fix-errors C:/Users/ugo/Desktop/Progetti/counter/solution1/.autopilot/db/contatore_no_io.pp.0.cpp -- -std=gnu++98 -fhls -ferror-limit=0 > C:/Users/ugo/Desktop/Progetti/counter/solution1/.autopilot/db/tidy-3.1.contatore_no_io.pp.0.cpp.out.log 2> C:/Users/ugo/Desktop/Progetti/counter/solution1/.autopilot/db/tidy-3.1.contatore_no_io.pp.0.cpp.err.log 
Command         ap_eval done; 0.832 sec.
Execute         ap_eval exec -ignorestderr C:/Xilinx/Vivado/2018.3/win64/tools/clang-3.9-csynth/bin/xilinx-legacy-rewriter C:/Users/ugo/Desktop/Progetti/counter/solution1/.autopilot/db/contatore_no_io.pp.0.cpp -- -std=gnu++98 -fhls -ferror-limit=0 > C:/Users/ugo/Desktop/Progetti/counter/solution1/.autopilot/db/xilinx-legacy-rewriter.contatore_no_io.pp.0.cpp.out.log 2> C:/Users/ugo/Desktop/Progetti/counter/solution1/.autopilot/db/xilinx-legacy-rewriter.contatore_no_io.pp.0.cpp.err.log 
Command         ap_eval done; 0.635 sec.
Command       tidy_31 done; 1.472 sec.
INFO-FLOW: Done: tidy-3.1 CDT preprocess time: 2.8 seconds per iteration
INFO-FLOW: Pragma Handling...
Execute       tidy_31 xilinx-ssdm-intrinsics-arguments C:/Users/ugo/Desktop/Progetti/counter/solution1/.autopilot/db/contatore_no_io.pragma.1.cpp std=gnu++98 
INFO-FLOW: exec C:/Xilinx/Vivado/2018.3/win64/tools/clang-3.9-csynth/bin/tidy-3.1 -header-filter=.* -checks=-*,xilinx-ssdm-intrinsics-arguments -quiet -fix-errors C:/Users/ugo/Desktop/Progetti/counter/solution1/.autopilot/db/contatore_no_io.pragma.1.cpp -- -std=gnu++98 -fhls -ferror-limit=0
Command       tidy_31 done; 1.47 sec.
Execute       get_default_platform 
INFO-FLOW: Processing labels
Execute       clang -src C:/Users/ugo/Desktop/Progetti/counter/solution1/.autopilot/db/contatore_no_io.pragma.2.cpp  -fno-limit-debug-info -gcc-toolchain C:/Xilinx/Vivado/2018.3/msys -hls -hls-analyze-label -hls-analyze-pragma -fno-exceptions  -D__llvm__  -w  "C:/Users/ugo/Desktop/Progetti/counter/solution1/.autopilot/db/contatore_no_io.pragma.2.cpp"    -fno-math-errno -c -emit-llvm -O0  -mllvm -disable-llvm-optzns -fno-threadsafe-statics  -fno-use-cxa-atexit -DAESL_SYN -D__SYNTHESIS__ -D__HLS_SYN__ -I "C:/Xilinx/Vivado/2018.3/common/technology/autopilot" -I "C:/Xilinx/Vivado/2018.3/common/technology/autopilot/ap_sysc" -include etc/autopilot_ssdm_op.h -D__DSP48E1__ -g -o "C:/Users/ugo/Desktop/Progetti/counter/solution1/.autopilot/db/contatore_no_io.bc" 
INFO-FLOW: exec C:/Xilinx/Vivado/2018.3/win64/tools/clang/bin/clang -fno-limit-debug-info -gcc-toolchain C:/Xilinx/Vivado/2018.3/msys -hls -hls-analyze-label -hls-analyze-pragma -fno-exceptions -D__llvm__ -w C:/Users/ugo/Desktop/Progetti/counter/solution1/.autopilot/db/contatore_no_io.pragma.2.cpp -fno-math-errno -c -emit-llvm -O0 -mllvm -disable-llvm-optzns -fno-threadsafe-statics -fno-use-cxa-atexit -DAESL_SYN -D__SYNTHESIS__ -D__HLS_SYN__ -I C:/Xilinx/Vivado/2018.3/common/technology/autopilot -I C:/Xilinx/Vivado/2018.3/common/technology/autopilot/ap_sysc -include etc/autopilot_ssdm_op.h -D__DSP48E1__ -g -o C:/Users/ugo/Desktop/Progetti/counter/solution1/.autopilot/db/contatore_no_io.bc
Command       clang done; 2.247 sec.
INFO-FLOW: Linking Debug ...
Execute       llvm-ld C:/Users/ugo/Desktop/Progetti/counter/solution1/.autopilot/db/contatore_axi.g.bc C:/Users/ugo/Desktop/Progetti/counter/solution1/.autopilot/db/contatore_no_io.g.bc -hls-opt -except-internalize contatore_no_io -LC:/Xilinx/Vivado/2018.3/win64/lib -lhlsm -lhlsmc++ -o C:/Users/ugo/Desktop/Progetti/counter/solution1/.autopilot/db/a.g 
Command       llvm-ld done; 3.229 sec.
INFO: [HLS 200-111] Finished Linking Time (s): cpu = 00:00:01 ; elapsed = 00:00:27 . Memory (MB): peak = 102.613 ; gain = 17.785
INFO: [HLS 200-111] Finished Checking Pragmas Time (s): cpu = 00:00:01 ; elapsed = 00:00:27 . Memory (MB): peak = 102.613 ; gain = 17.785
Execute       get_config_sdx -target 
Execute       opt_and_import_c a -opt_level=2 -skip_syncheck=0 -ng=0 -keep_printf=0 
Execute         cleanup_all_models 
INFO: [HLS 200-10] Starting code transformations ...
Execute         transform -promote-dbg-pointer C:/Users/ugo/Desktop/Progetti/counter/solution1/.autopilot/db/a.pp.bc -o C:/Users/ugo/Desktop/Progetti/counter/solution1/.autopilot/db/a.pp.0.bc -f 
Execute         llvm-ld C:/Users/ugo/Desktop/Progetti/counter/solution1/.autopilot/db/a.pp.0.bc -disable-opt -LC:/Xilinx/Vivado/2018.3/win64/lib -lfloatconversion -o C:/Users/ugo/Desktop/Progetti/counter/solution1/.autopilot/db/a.g.0 
Command         llvm-ld done; 0.543 sec.
INFO-FLOW: Running Standard Transforms...
Execute         transform -hls -share-std-xform -demangle-name -inline-byval-memcpy -always-inline -promote-dbg-pointer -interface-preproc -mem2reg -lower-blackbox -scalarrepl -mem2reg -keep-read-access -instcombine -dce -promote-dbg-pointer -bitop-raise -loop-simplify -indvarspre -indvars -loop-simplify -xunroll -constprop -instcombine -simplifycfg -indvars -simplifycfg -dce -globaldce -basicaa -simplifycfg -mem2reg -globalopt -global-constprop -deadargelim -instcombine -simplifycfg -prune-eh -simplifycfg -scalarrepl -instcombine -reassociate -licm -simplifycfg -loop-simplify -indvars -instcombine -simplifycfg -mem2reg -loop-simplify -indvars -instcombine -gvn -gvn -instcombine -adce -break-crit-edges -simplifycfg -loop-delete -global-array-opt -dce -dse -adce -find-syn-modules -top contatore_no_io -deadargelim -mem2reg -instcombine -dce -presyn-prepare -auto-rom-infer -interface-preproc -syn-check -check-rec-only -find-region -simplifycfg -func-extr -function-inline -globaldce -mem2reg -instcombine -dce -gvn -globaldce -adce -adse -constprop -instcombine -bit-constprop -instcombine -dce -simplifycfg -bitop-raise -simplifycfg -dce -loop-delete -reassociate -globalopt -global-privatize -mem2reg -dce -global-constprop -pointer-simplify -constprop -dce -func-inst -deadargelim -auto-shift-reg-idiom -promote-dbg-pointer -norm-name C:/Users/ugo/Desktop/Progetti/counter/solution1/.autopilot/db/a.g.0.bc -o C:/Users/ugo/Desktop/Progetti/counter/solution1/.autopilot/db/a.g.1.bc -f -phase std-opt 
INFO: [HLS 200-111] Finished Standard Transforms Time (s): cpu = 00:00:01 ; elapsed = 00:00:28 . Memory (MB): peak = 104.758 ; gain = 19.930
INFO: [HLS 200-10] Checking synthesizability ...
INFO-FLOW: Checking Synthesizability 1/2..
Execute         transform -hls -syn-check -check-rec-only -disaggr -scalarrepl -norm-name -dce -mem2reg -instcombine -function-uniquify -directive-preproc -mem2reg -dse -dce -auto-rom-infer -dce -pag -array-normalize -instcombine -dce -warn-fifo-pointer -array-seg-normalize -instcombine -dce -array-flatten -instcombine -dce -array-burst -dce -deadargelim -promote-global-argument -simplifycfg -mem2reg -globaldce -resolve-double-ptr -dce -deadargelim -dce -instcombine -function-inline -globaldce -dce -doublePtrSimplify -doublePtrElim -dce -doublePtrSimplify -promote-dbg-pointer -dce -scalarrepl -dse -adse -instcombine -ptrLegalization -simplifycfg -dce -instcombine -pointer-simplify -ptrArgReplace -dce -instcombine -disaggr -scalarrepl -norm-name -dce -mem2reg -instcombine -ptrLegalization -simplifycfg -deadargelim -instcombine -dce -inst-simplify -function-uniquify -directive-preproc -mem2reg -dse -dce -globaldce -check-dspbuiltin C:/Users/ugo/Desktop/Progetti/counter/solution1/.autopilot/db/a.g.1.bc -o C:/Users/ugo/Desktop/Progetti/counter/solution1/.autopilot/db/a.g.2.prechk.bc -f 
INFO-FLOW: Checking Synthesizability 2/2..
Execute         transform -syn-check C:/Users/ugo/Desktop/Progetti/counter/solution1/.autopilot/db/a.g.2.prechk.bc -o C:/Users/ugo/Desktop/Progetti/counter/solution1/.autopilot/db/a.g.2.bc -f -phase syn-check 
INFO: [HLS 200-111] Finished Checking Synthesizability Time (s): cpu = 00:00:01 ; elapsed = 00:00:28 . Memory (MB): peak = 105.555 ; gain = 20.727
INFO-FLOW: Compiler optimizing ...
INFO-FLOW: Share syncheck's 1.bc for syn flow: copy C:/Users/ugo/Desktop/Progetti/counter/solution1/.autopilot/db/a.g.1.bc to C:/Users/ugo/Desktop/Progetti/counter/solution1/.autopilot/db/a.o.1.bc
INFO-FLOW: Presyn 1...
Execute         transform -hls -tmp C:/Users/ugo/Desktop/Progetti/counter/solution1/.autopilot/db -interface-port-rename -type-info -function-uniquify -directive-preproc -mem2reg -dse -dce -disaggr -scalarrepl -norm-name -deadargelim -mem2reg -instcombine -dce -simplifycfg -auto-rom-infer -dce -function-uniquify -resource-proc -simplifycfg -mem2reg -globaldce -resolve-double-ptr -dce -deadargelim -dce -instcombine -clib-intrinsic-prepare -dce -func-buffer -dce -pag -array-normalize -func-legal -instcombine -gvn -constprop -dce -ptrArgReplace -mem2reg -instcombine -dce -array-seg-normalize -deadargelim -instcombine -dce -pointer-simplify -dce -port-alignment -dce -interface-preproc -data-pack -instcombine -dce -basicaa -aggr-aa -aggrmodref-aa -aggr-aa -gvn -gvn -basicaa -aggr-aa -aggrmodref-aa -aggr-aa -dse -adse -adce -loop-simplify -indvars -instcombine -gvn -loop-simplify -mem2reg -dce -find-region -instcombine -auto-loop-pipeline -inst-simplify -interface-preproc -cfgopt -instcombine -indvars -auto-loop-unroll -loop-simplify -loop-bound -xunroll -constprop -instcombine -simplifycfg -indvars -simplifycfg -dce -globaldce -clean-region -attach-range -gvn -inst-simplify -constprop -simplifycfg -dce -pointer-simplify -dce -globalopt -constprop -dce -array-promote -constprop -instcombine -dce -ptrArgReplace -mem2reg -instcombine -simplifycfg -dce -auto-par -instcombine -dce -array-transform-check -array-reshape -instcombine -simplifycfg -dce -ptrArgReplace -deadargelim -mem2reg -instcombine -simplifycfg -dce -indvars -loop-simplify -loop-bound -xunroll -constprop -instcombine -simplifycfg -indvars -simplifycfg -dce -globaldce -basicaa -aggr-aa -aggrmodref-aa -aggr-aa -dse -duplicate-dataflow-processes -globaldce -instcombine -array-partition -instcombine -simplifycfg -dce -ptrArgReplace -global-constprop -deadargelim -mem2reg -func-legal -instcombine -dce -global-constprop -deadargelim -mem2reg -instcombine -simplifycfg -dce -merge-param -deadargelim -globalopt -constprop -dce -array-promote -constprop -instcombine -dce -ptrArgReplace -mem2reg -instcombine -simplifycfg -dce -mem-intrinsic-preproc -dce -global-internalize -global-privatize -mem2reg -globaldce -promote-global-argument -ptrArgReplace -mem2reg -instcombine -dce -globalopt -mergereturn -simplify-global-access -mem2reg -dce -pointer-simplify -dce -functionattrs -basicaa -aggr-aa -aggrmodref-aa -aggr-aa -gvn -gvn -basicaa -aggr-aa -aggrmodref-aa -aggr-aa -dse -adse -adce -inst-simplify -dce -norm-name -function-inline -globaldce -func-inst -constprop -instcombine -simplifycfg -dce -func-legal -dce -loop-bound -arraycheck -bitwidthmin -on-by-dataflow -loop-delete -instcombine -simplifycfg -globaldce -dce -gvn -deadargelim -dce -loop-simplify -clean-region -simplifycfg -propagate-stable-arguments -loop-stream -instcombine -simplifycfg -dce -globaldce -duplicate-dataflow-processes -stream-intrinsic-preproc -dce -check-ap-stream -loop-simplify -eliminate-keepreads -extract-dataflow-in-loop -loop-simplify -dce -gvn -deadargelim -dse -check-dataflow-syntax -legalize-stream-variable -legalize-global -extract-subproc -dce -dead-channel-elimination -canonicalize-gep -globaldce -dce -gvn -deadargelim -annotate-dataflow-channels -scalar-propagation -deadargelim -globaldce -mem2reg -check-dataflow-channels -function-stream -dce -globaldce -prop-fifo-spec -internal-stream-gen -canonicalize-gep -globaldce -dce -gvn -deadargelim -mergereturn -indvars -loop-simplify -instcombine -array-stream -array-seg-normalize -array-partition -func-legal -instcombine -simplifycfg -dce -bundle-memfifo-ops -deadargelim -function-uniquify -directive-preproc -mem2reg -dse -dce -group-axi-access -licm -simplifycfg -dce -loop-delete -norm-name C:/Users/ugo/Desktop/Progetti/counter/solution1/.autopilot/db/a.o.1.bc -o C:/Users/ugo/Desktop/Progetti/counter/solution1/.autopilot/db/a.o.1.tmp.bc -f 
INFO-FLOW: Presyn 2...
Execute         transform -hls -keep-callgraph -scalarrepl -mem2reg -port-alignment -attach-range -dce -pipe-mux-gen -indvars -loop-bound -inst-simplify -instcombine -dce -merge-array-access -mem2reg -dce -clean-region -mergereturn -if-conv -instcombine -dce -constprop -basicaa -aggr-aa -aggrmodref-aa -aggr-aa -gvn -gvn -basicaa -aggr-aa -aggrmodref-aa -aggr-aa -dse -adse -adce -scalarrepl -mem2reg -global-constprop -deadargelim -deadargelim -instcombine -dce -simplifycfg -ptrArgReplace -mem2reg -function-inline -globaldce -mem2reg -instcombine -dce -expr-balance -instcombine -dce -bitwidthmin -interface-preproc -directive-preproc -inst-rectify -instcombine -dce -functionattrs -constprop -instcombine -bit-constprop -simplify-global-access -globalopt -globaldce -inst-simplify -instcombine -elimdeaddata -dce -loop-delete -simplifycfg -loop-simplify -auto-burst -norm-name C:/Users/ugo/Desktop/Progetti/counter/solution1/.autopilot/db/a.o.1.tmp.bc -o C:/Users/ugo/Desktop/Progetti/counter/solution1/.autopilot/db/a.o.2.bc -f -phase presyn 
INFO: [HLS 200-111] Finished Pre-synthesis Time (s): cpu = 00:00:01 ; elapsed = 00:00:28 . Memory (MB): peak = 127.219 ; gain = 42.391
INFO-FLOW: Building ssdm...
Execute         transform -hls -function-uniquify -auto-function-inline -globaldce -ptrArgReplace -mem2reg -instcombine -dce -reset-lda -loop-simplify -indvars -licm -loop-dep -loop-bound -licm -loop-simplify -flattenloopnest -array-flatten -gvn -instcombine -dce -array-map -dce -func-legal -gvn -adce -instcombine -cfgopt -simplifycfg -loop-simplify -array-burst -promote-global-argument -dce -axi4-lower -array-seg-normalize -basicaa -aggrmodref-aa -globalsmodref-aa -aggr-aa -gvn -gvn -basicaa -aggrmodref-aa -globalsmodref-aa -aggr-aa -dse -adse -adce -licm -inst-simplify -dce -globaldce -instcombine -array-stream -eliminate-keepreads -instcombine -dce -deadargelim -doublePtrSimplify -doublePtrElim -dce -doublePtrSimplify -promote-dbg-pointer -dce -scalarrepl -mem2reg -disaggr -norm-name -mem2reg -instcombine -dse -adse -adce -ptrLegalization -dce -auto-rom-infer -array-flatten -dce -instcombine -check-doubleptr -loop-rot -constprop -cfgopt -simplifycfg -loop-simplify -indvars -pointer-simplify -dce -loop-bound -loop-simplify -loop-preproc -constprop -global-constprop -gvn -mem2reg -instcombine -dce -loop-bound -loop-merge -dce -bitwidthmin -deadargelim -dce -canonicalize-dataflow -dce -scalar-propagation -deadargelim -globaldce -mem2reg -read-loop-dep -interface-preproc -directive-preproc -interface-gen -bram-byte-enable -deadargelim -inst-simplify -dce -gvn -mem2reg -instcombine -dce -adse -loop-bound -instcombine -cfgopt -simplifycfg -loop-simplify -clean-region -io-protocol -find-region -mem2reg -bitop-raise -inst-simplify -inst-rectify -instcombine -adce -deadargelim -loop-simplify -phi-opt -bitop-raise -cfgopt -simplifycfg -strip-dead-prototypes -interface-lower -bitop-lower -intrinsic-lower -auto-function-inline -basicaa -aggrmodref-aa -globalsmodref-aa -aggr-aa -inst-simplify -simplifycfg -loop-simplify -mergereturn -inst-simplify -inst-rectify -dce -load-elim -bitop-lower -loop-rewind -pointer-simplify -dce -cfgopt -dce -bitwidth -loop-bound -loop-dep -read-loop-dep -dce -check-stream -norm-name -legalize -validate-dataflow -inst-clarity -cdfg-build C:/Users/ugo/Desktop/Progetti/counter/solution1/.autopilot/db/a.o.2.bc -o C:/Users/ugo/Desktop/Progetti/counter/solution1/.autopilot/db/a.o.3.bc -f -phase build-ssdm 
INFO: [HLS 200-111] Finished Architecture Synthesis Time (s): cpu = 00:00:01 ; elapsed = 00:00:28 . Memory (MB): peak = 127.219 ; gain = 42.391
INFO-FLOW: Finish building internal data model.
Command       opt_and_import_c done; 1.016 sec.
Command     elaborate done; 26.688 sec.
Execute     autosyn -from_csynth_design=1 
INFO: [HLS 200-10] Starting hardware synthesis ...
INFO-FLOW: Synthesizing C/C++ design ...
INFO: [HLS 200-10] Synthesizing 'contatore_no_io' ...
Execute       ap_set_top_model contatore_no_io 
Execute       get_model_list contatore_no_io -filter all-wo-channel -topdown 
Execute       preproc_iomode -model contatore_no_io 
Execute       get_model_list contatore_no_io -filter all-wo-channel 
INFO-FLOW: Model list for configure: contatore_no_io
INFO-FLOW: Configuring Module : contatore_no_io ...
Execute       set_default_model contatore_no_io 
Execute       apply_spec_resource_limit contatore_no_io 
INFO-FLOW: Model list for preprocess: contatore_no_io
INFO-FLOW: Preprocessing Module: contatore_no_io ...
Execute       set_default_model contatore_no_io 
Execute       cdfg_preprocess -model contatore_no_io 
Execute       rtl_gen_preprocess contatore_no_io 
INFO-FLOW: Model list for synthesis: contatore_no_io
INFO: [HLS 200-10] ----------------------------------------------------------------
INFO: [HLS 200-42] -- Implementing module 'contatore_no_io' 
INFO: [HLS 200-10] ----------------------------------------------------------------
Execute       set_default_model contatore_no_io 
Execute       schedule -model contatore_no_io 
INFO: [SCHED 204-11] Starting scheduling ...
INFO: [SCHED 204-11] Finished scheduling.
INFO: [HLS 200-111]  Elapsed time: 28.073 seconds; current allocated memory: 77.942 MB.
Execute       report -o C:/Users/ugo/Desktop/Progetti/counter/solution1/.autopilot/db/contatore_no_io.verbose.sched.rpt -verbose -f 
Execute       db_write -o C:/Users/ugo/Desktop/Progetti/counter/solution1/.autopilot/db/contatore_no_io.sched.adb -f 
INFO-FLOW: Finish scheduling contatore_no_io.
Execute       set_default_model contatore_no_io 
Execute       bind -model contatore_no_io 
BIND OPTION: fu_weight=[ 0.0 -- 1.0 ]
BIND OPTION: model=contatore_no_io
BIND OPTION: reg_weight=[ 0.0 -- 1.0 ]
INFO: [BIND 205-100] Starting micro-architecture generation ...
INFO: [BIND 205-101] Performing variable lifetime analysis.
INFO: [BIND 205-101] Exploring resource sharing.
INFO: [BIND 205-101] Binding ...
INFO: [BIND 205-100] Finished micro-architecture generation.
INFO: [HLS 200-111]  Elapsed time: 0.1 seconds; current allocated memory: 78.041 MB.
Execute       report -o C:/Users/ugo/Desktop/Progetti/counter/solution1/.autopilot/db/contatore_no_io.verbose.bind.rpt -verbose -f 
Execute       db_write -o C:/Users/ugo/Desktop/Progetti/counter/solution1/.autopilot/db/contatore_no_io.bind.adb -f 
INFO-FLOW: Finish binding contatore_no_io.
Execute       get_model_list contatore_no_io -filter all-wo-channel 
INFO-FLOW: Preprocessing for RTLGen ...
Execute       rtl_gen_preprocess contatore_no_io 
INFO-FLOW: Model list for RTL generation: contatore_no_io
INFO: [HLS 200-10] ----------------------------------------------------------------
INFO: [HLS 200-10] -- Generating RTL for module 'contatore_no_io' 
INFO: [HLS 200-10] ----------------------------------------------------------------
Execute       get_config_rtl -prefix 
Execute       get_config_rtl -auto_prefix 
Execute       create_rtl_model contatore_no_io -vendor xilinx -mg_file C:/Users/ugo/Desktop/Progetti/counter/solution1/.autopilot/db/contatore_no_io.compgen.tcl 
INFO: [RTGEN 206-500] Setting interface mode on port 'contatore_no_io/led_output_V' to 'ap_none'.
WARNING: [RTGEN 206-101] Port 'led_output_V' with mode 'ap_none' may require an associated data valid signal to correctly communicate with other blocks or a test bench; automatic C/RTL co-simulation may not be able to verify such a port.
INFO: [RTGEN 206-500] Setting interface mode on function 'contatore_no_io' to 'ap_ctrl_none'.
WARNING: [RTGEN 206-101] Register 'counter_value' is power-on initialization.
WARNING: [RTGEN 206-101] Register 'led_status_V' is power-on initialization.
INFO: [RTGEN 206-100] Finished creating RTL model for 'contatore_no_io'.
INFO: [HLS 200-111]  Elapsed time: 0.193 seconds; current allocated memory: 78.203 MB.
Execute       source C:/Users/ugo/Desktop/Progetti/counter/solution1/.autopilot/db/contatore_no_io.rtl_wrap.cfg.tcl 
Execute       gen_rtl contatore_no_io -istop -style xilinx -tracefl mytrace -tracefmt vcd -traceopt all -f -lang sc -o C:/Users/ugo/Desktop/Progetti/counter/solution1/syn/systemc/contatore_no_io -synmodules contatore_no_io 
Execute       gen_rtl contatore_no_io -istop -style xilinx -f -lang vhdl -o C:/Users/ugo/Desktop/Progetti/counter/solution1/syn/vhdl/contatore_no_io 
Execute       gen_rtl contatore_no_io -istop -style xilinx -f -lang vlog -o C:/Users/ugo/Desktop/Progetti/counter/solution1/syn/verilog/contatore_no_io 
Execute       export_constraint_db -o C:/Users/ugo/Desktop/Progetti/counter/solution1/.autopilot/db/contatore_no_io.constraint.tcl -f -tool general 
Execute       report -model contatore_no_io -o C:/Users/ugo/Desktop/Progetti/counter/solution1/.autopilot/db/contatore_no_io.design.xml -verbose -f -dv 
Execute       report -model contatore_no_io -o C:/Users/ugo/Desktop/Progetti/counter/solution1/.autopilot/db/contatore_no_io.sdaccel.xml -verbose -f -sdaccel 
Execute       gen_tb_info contatore_no_io -o C:/Users/ugo/Desktop/Progetti/counter/solution1/.autopilot/db/contatore_no_io -p C:/Users/ugo/Desktop/Progetti/counter/solution1/.autopilot/db 
Execute       report -model contatore_no_io -o C:/Users/ugo/Desktop/Progetti/counter/solution1/syn/report/contatore_no_io_csynth.rpt -f 
Execute       report -model contatore_no_io -o C:/Users/ugo/Desktop/Progetti/counter/solution1/syn/report/contatore_no_io_csynth.xml -f -x 
Execute       report -model contatore_no_io -o C:/Users/ugo/Desktop/Progetti/counter/solution1/.autopilot/db/contatore_no_io.verbose.rpt -verbose -f 
Execute       db_write -model contatore_no_io -o C:/Users/ugo/Desktop/Progetti/counter/solution1/.autopilot/db/contatore_no_io.adb -f 
Execute       sc_get_clocks contatore_no_io 
Execute       get_config_export -vivado_clock 
Execute       sc_get_portdomain contatore_no_io 
INFO-FLOW: Model list for RTL component generation: contatore_no_io
INFO-FLOW: Handling components in module [contatore_no_io] ... 
Execute       source C:/Users/ugo/Desktop/Progetti/counter/solution1/.autopilot/db/contatore_no_io.compgen.tcl 
INFO-FLOW: Append model contatore_no_io
INFO-FLOW: Generating RTL model list ...
INFO-FLOW: All models in this session: contatore_no_io
INFO-FLOW: To file: write model contatore_no_io
INFO-FLOW: Finished generating RTL model list.


INFO-FLOW: RTL Generation done.
INFO-FLOW: CAS Generation done.
INFO-FLOW: CBC Generation done.
INFO-FLOW: DBG:CMD: auto_generate_csynth_design
INFO-FLOW: DBG:CMD:     auto_generate --sim-model -phase csynth_design -d C:/Users/ugo/Desktop/Progetti/counter/solution1
Execute       source C:/Users/ugo/Desktop/Progetti/counter/solution1/.autopilot/db/global.setting.tcl 
INFO-FLOW: DBG:CMD: read_platform_lib C:/Users/ugo/Desktop/Progetti/counter/solution1/.autopilot/db/global.setting.tcl
Execute       source C:/Xilinx/Vivado/2018.3/common/technology/generic/autopilot/common.gen 
Execute         source C:/Xilinx/Vivado/2018.3/common/technology/generic/autopilot/APCoreGen.gen 
Execute       source C:/Xilinx/Vivado/2018.3/common/technology/generic/autopilot/op.gen 
Execute       source C:/Xilinx/Vivado/2018.3/common/technology/generic/autopilot/op_simcore.gen 
Execute       source C:/Xilinx/Vivado/2018.3/common/technology/generic/autopilot/interface.gen 
Execute       source C:/Users/ugo/Desktop/Progetti/counter/solution1/.autopilot/db/global.setting.tcl 
Execute       source C:/Xilinx/Vivado/2018.3/common/technology/xilinx/zynq/zynq.gen 
Execute         source C:/Xilinx/Vivado/2018.3/common/technology/xilinx/common/virtex.gen 
Execute           source C:/Xilinx/Vivado/2018.3/common/technology/xilinx/common/xilinx.gen 
Execute             source C:/Xilinx/Vivado/2018.3/common/technology/xilinx/interface/plb46.gen 
Execute             source C:/Xilinx/Vivado/2018.3/common/technology/xilinx/interface/fsl.gen 
Execute             source C:/Xilinx/Vivado/2018.3/common/technology/xilinx/interface/axi4.gen 
Execute             source C:/Xilinx/Vivado/2018.3/common/technology/xilinx/interface/nativeAXI4.gen 
Execute               source C:/Xilinx/Vivado/2018.3/common/technology/xilinx/interface/saxilite.gen 
Execute               source C:/Xilinx/Vivado/2018.3/common/technology/xilinx/interface/maxi.gen 
Execute             source C:/Xilinx/Vivado/2018.3/common/technology/xilinx/scripts/xilinxcoregen.gen 
Execute             source C:/Xilinx/Vivado/2018.3/common/technology/xilinx/interface/XilEDKCoreGen.gen 
Execute             source C:/Xilinx/Vivado/2018.3/common/technology/xilinx/ip/dds_compiler.gen 
Execute             source C:/Xilinx/Vivado/2018.3/common/technology/xilinx/ip/util.gen 
Execute             source C:/Xilinx/Vivado/2018.3/common/technology/xilinx/ip/xfft.gen 
Command             ap_source done; 0.152 sec.
Execute             source C:/Xilinx/Vivado/2018.3/common/technology/xilinx/ip/xfir.gen 
Command           ap_source done; 0.207 sec.
Execute           source C:/Xilinx/Vivado/2018.3/common/technology/xilinx/common/dsp48.gen 
Command         ap_source done; 0.211 sec.
Command       ap_source done; 0.211 sec.
Execute       source C:/Xilinx/Vivado/2018.3/common/technology/xilinx/zynq/zynq_fpv6.gen 
Execute         source C:/Xilinx/Vivado/2018.3/common/technology/xilinx/common/xilinx_fpv6.gen 
INFO-FLOW: DBG:CMD:   using AESL_AUTOCG::g_clock_period=10.000 (was NA)
INFO-FLOW: DBG:CMD:       generate_ip_cores sim=1 export=0 expOnly=0 dstVlogDir=syn/verilog
Execute       source C:/Users/ugo/Desktop/Progetti/counter/solution1/.autopilot/db/global.setting.tcl 
Execute       source C:/Users/ugo/Desktop/Progetti/counter/solution1/.autopilot/db/global.setting.tcl 
Execute       source C:/Users/ugo/Desktop/Progetti/counter/solution1/.autopilot/db/global.setting.tcl 
Execute       source C:/Users/ugo/Desktop/Progetti/counter/solution1/.autopilot/db/contatore_no_io.compgen.tcl 
INFO-FLOW: DBG:CMD:     auto_generate -export -impltomg_flag -rtl both -tool Vivado -pcore_version 1.00.a -phase csynth_design -d C:/Users/ugo/Desktop/Progetti/counter/solution1
Execute       source C:/Users/ugo/Desktop/Progetti/counter/solution1/.autopilot/db/global.setting.tcl 
INFO-FLOW: DBG:CMD: read_platform_lib C:/Users/ugo/Desktop/Progetti/counter/solution1/.autopilot/db/global.setting.tcl
Execute       source C:/Xilinx/Vivado/2018.3/common/technology/generic/autopilot/common.gen 
Execute         source C:/Xilinx/Vivado/2018.3/common/technology/generic/autopilot/APCoreGen.gen 
Execute       source C:/Xilinx/Vivado/2018.3/common/technology/generic/autopilot/op.gen 
Execute       source C:/Xilinx/Vivado/2018.3/common/technology/generic/autopilot/op_simcore.gen 
Execute       source C:/Xilinx/Vivado/2018.3/common/technology/generic/autopilot/interface.gen 
Execute       source C:/Users/ugo/Desktop/Progetti/counter/solution1/.autopilot/db/global.setting.tcl 
Execute       source C:/Xilinx/Vivado/2018.3/common/technology/xilinx/zynq/zynq.gen 
Execute         source C:/Xilinx/Vivado/2018.3/common/technology/xilinx/common/virtex.gen 
Execute           source C:/Xilinx/Vivado/2018.3/common/technology/xilinx/common/xilinx.gen 
Execute             source C:/Xilinx/Vivado/2018.3/common/technology/xilinx/interface/plb46.gen 
Execute             source C:/Xilinx/Vivado/2018.3/common/technology/xilinx/interface/fsl.gen 
Execute             source C:/Xilinx/Vivado/2018.3/common/technology/xilinx/interface/axi4.gen 
Execute             source C:/Xilinx/Vivado/2018.3/common/technology/xilinx/interface/nativeAXI4.gen 
Execute               source C:/Xilinx/Vivado/2018.3/common/technology/xilinx/interface/saxilite.gen 
Execute               source C:/Xilinx/Vivado/2018.3/common/technology/xilinx/interface/maxi.gen 
Execute             source C:/Xilinx/Vivado/2018.3/common/technology/xilinx/scripts/xilinxcoregen.gen 
Execute             source C:/Xilinx/Vivado/2018.3/common/technology/xilinx/interface/XilEDKCoreGen.gen 
Execute             source C:/Xilinx/Vivado/2018.3/common/technology/xilinx/ip/dds_compiler.gen 
Execute             source C:/Xilinx/Vivado/2018.3/common/technology/xilinx/ip/util.gen 
Execute             source C:/Xilinx/Vivado/2018.3/common/technology/xilinx/ip/xfft.gen 
Command             ap_source done; 0.119 sec.
Execute             source C:/Xilinx/Vivado/2018.3/common/technology/xilinx/ip/xfir.gen 
Command           ap_source done; 0.172 sec.
Execute           source C:/Xilinx/Vivado/2018.3/common/technology/xilinx/common/dsp48.gen 
Command         ap_source done; 0.176 sec.
Command       ap_source done; 0.176 sec.
Execute       source C:/Xilinx/Vivado/2018.3/common/technology/xilinx/zynq/zynq_fpv6.gen 
Execute         source C:/Xilinx/Vivado/2018.3/common/technology/xilinx/common/xilinx_fpv6.gen 
INFO-FLOW: DBG:CMD:       initCTypeInfo top_module=contatore_no_io xml_exists=0
Execute       source C:/Users/ugo/Desktop/Progetti/counter/solution1/.autopilot/db/contatore_no_io.rtl_wrap.cfg.tcl 
Execute       source C:/Users/ugo/Desktop/Progetti/counter/solution1/.autopilot/db/contatore_no_io.rtl_wrap.cfg.tcl 
Execute       source C:/Users/ugo/Desktop/Progetti/counter/solution1/.autopilot/db/contatore_no_io.rtl_wrap.cfg.tcl 
Execute       source C:/Users/ugo/Desktop/Progetti/counter/solution1/.autopilot/db/contatore_no_io.tbgen.tcl 
Execute       source C:/Users/ugo/Desktop/Progetti/counter/solution1/.autopilot/db/contatore_no_io.tbgen.tcl 
INFO-FLOW: DBG:CMD:       export_impl_rtl
INFO-FLOW: DBG:CMD:       generate_ip_cores sim=0 export=0 expOnly=0 dstVlogDir=impl/.verilog
Execute       source C:/Users/ugo/Desktop/Progetti/counter/solution1/.autopilot/db/global.setting.tcl 
Execute       source C:/Users/ugo/Desktop/Progetti/counter/solution1/.autopilot/db/contatore_no_io.compgen.tcl 
INFO-FLOW: DBG:CMD:       generate_ip_cores sim=0 export=1 expOnly=1 dstVlogDir=impl/.pcores/verilog
Execute       source C:/Users/ugo/Desktop/Progetti/counter/solution1/.autopilot/db/global.setting.tcl 
Execute       source C:/Users/ugo/Desktop/Progetti/counter/solution1/.autopilot/db/contatore_no_io.compgen.tcl 
INFO-FLOW: DBG:CMD:       generate_ip_cores sim=0 export=0 expOnly=0 dstVlogDir=impl/.pcores/verilog_sim
Execute       source C:/Users/ugo/Desktop/Progetti/counter/solution1/.autopilot/db/global.setting.tcl 
Execute       source C:/Users/ugo/Desktop/Progetti/counter/solution1/.autopilot/db/contatore_no_io.compgen.tcl 
Execute       source C:/Users/ugo/Desktop/Progetti/counter/solution1/.autopilot/db/global.setting.tcl 
Execute       source C:/Users/ugo/Desktop/Progetti/counter/solution1/.autopilot/db/contatore_no_io.constraint.tcl 
Execute       source C:/Users/ugo/Desktop/Progetti/counter/solution1/.autopilot/db/contatore_no_io.tbgen.tcl 
INFO-FLOW: DBG:CMD:       hasPcoreIpAdapter=false #gSsdmPorts=2
INFO-FLOW: DBG:CMD: Skipping loadAnalyze_DB, #g_database=1
INFO-FLOW: DBG:CMD:       generate_json is_phase_csynth=1 g_has_adaptors=false generate_bd_files=0 #modelList=1 #gSsdmPorts=2
Execute       source C:/Users/ugo/Desktop/Progetti/counter/solution1/.autopilot/db/global.setting.tcl 
Execute       source C:/Users/ugo/Desktop/Progetti/counter/solution1/.autopilot/db/global.setting.tcl 
Execute       source C:/Users/ugo/Desktop/Progetti/counter/solution1/.autopilot/db/contatore_no_io.tbgen.tcl 
Execute       source C:/Users/ugo/Desktop/Progetti/counter/solution1/.autopilot/db/global.setting.tcl 
Execute       get_config_sdx -target 
Execute       get_config_export -xo 
Execute       source C:/Users/ugo/Desktop/Progetti/counter/solution1/.autopilot/db/global.setting.tcl 
Execute       source C:/Users/ugo/Desktop/Progetti/counter/solution1/.autopilot/db/contatore_no_io.constraint.tcl 
Execute       sc_get_clocks contatore_no_io 
Execute       source C:/Users/ugo/Desktop/Progetti/counter/solution1/.autopilot/db/global.setting.tcl 
Execute       get_config_sdx -target 
Execute       get_config_sdx -profile 
Execute       ::config_rtl 
INFO-FLOW: DBG:CMD: add_json_sdx_info kernel file does not exist: C:/Users/ugo/Desktop/Progetti/counter/solution1/.autopilot/db/kernel.internal.xml
INFO-FLOW: DBG:CMD:       delete-temp-dirs (skipped for debug)
INFO: [HLS 200-111] Finished generating all RTL models Time (s): cpu = 00:00:02 ; elapsed = 00:00:30 . Memory (MB): peak = 127.219 ; gain = 42.391
INFO: [SYSC 207-301] Generating SystemC RTL for contatore_no_io.
INFO: [VHDL 208-304] Generating VHDL RTL for contatore_no_io.
INFO: [VLOG 209-307] Generating Verilog RTL for contatore_no_io.
Command     autosyn done; 1.702 sec.
Execute     get_part 
Execute     get_config_export -sdx_tcl 
Command   csynth_design done; 28.414 sec.
Command ap_source done; 28.945 sec.
Execute cleanup_all 
INFO-FLOW: Workspace C:/Users/ugo/Desktop/Progetti/counter/solution1 opened at Sun Mar 01 22:31:16 +0100 2020
Execute     config_clock -quiet -name default -period 10 -default=false 
INFO: [SYN 201-201] Setting up clock 'default' with a period of 10ns.
Execute     open_platform DefaultPlatform 
Execute     import_lib C:/Xilinx/Vivado/2018.3/common/technology/xilinx/zynq/zynq 
Execute       source C:/Xilinx/Vivado/2018.3/common/technology/xilinx/common/xilinx.lib 
Execute         source C:/Xilinx/Vivado/2018.3/common/technology/xilinx/interface/xilinx_interface.lib 
Execute           source C:/Xilinx/Vivado/2018.3/common/technology/xilinx/interface/plb46.lib 
Execute           source C:/Xilinx/Vivado/2018.3/common/technology/xilinx/interface/fsl.lib 
Execute           source C:/Xilinx/Vivado/2018.3/common/technology/xilinx/interface/axi4.lib 
Execute           source C:/Xilinx/Vivado/2018.3/common/technology/xilinx/interface/maxi.lib 
Execute           source C:/Xilinx/Vivado/2018.3/common/technology/xilinx/interface/saxilite.lib 
Execute         source C:/Xilinx/Vivado/2018.3/common/technology/xilinx/common/dsp48.lib 
Execute         source C:/Xilinx/Vivado/2018.3/common/technology/xilinx/ip/dds_compiler.lib 
Execute         source C:/Xilinx/Vivado/2018.3/common/technology/xilinx/ip/xfft.lib 
Execute         source C:/Xilinx/Vivado/2018.3/common/technology/xilinx/ip/xfir.lib 
Execute       source C:/Xilinx/Vivado/2018.3/common/technology/xilinx/common/xilinx_old.lib 
Execute       source C:/Xilinx/Vivado/2018.3/common/technology/xilinx/common/xilinx_vivado.lib 
Execute       source C:/Xilinx/Vivado/2018.3/common/technology/xilinx/common/xilinx.hlp 
Execute         source C:/Xilinx/Vivado/2018.3/common/technology/xilinx/common/target_info.tcl 
Execute         source C:/Xilinx/Vivado/2018.3/common/technology/xilinx/interface/xilinx_interface.hlp 
Execute           source C:/Xilinx/Vivado/2018.3/common/technology/xilinx/interface/maxi.hlp 
Execute           source C:/Xilinx/Vivado/2018.3/common/technology/xilinx/interface/saxilite.hlp 
Execute         source C:/Xilinx/Vivado/2018.3/common/technology/xilinx/common/dsp48.hlp 
Execute       source C:/Xilinx/Vivado/2018.3/common/technology/xilinx/zynq/dsp48e1.hlp 
Execute       get_default_platform 
Execute       config_chip_info -quiet -resource  {SLICE 13300}  {LUT 53200}     {FF 106400} {DSP48E 220}   {BRAM 280}  
Execute       config_chip_info -quiet -speed medium 
Execute       source C:/Xilinx/Vivado/2018.3/common/technology/xilinx/common/xilinx.hlp 
Execute         source C:/Xilinx/Vivado/2018.3/common/technology/xilinx/common/target_info.tcl 
Execute         source C:/Xilinx/Vivado/2018.3/common/technology/xilinx/interface/xilinx_interface.hlp 
Execute           source C:/Xilinx/Vivado/2018.3/common/technology/xilinx/interface/maxi.hlp 
Execute           source C:/Xilinx/Vivado/2018.3/common/technology/xilinx/interface/saxilite.hlp 
Execute         source C:/Xilinx/Vivado/2018.3/common/technology/xilinx/common/dsp48.hlp 
Execute     source C:/Xilinx/Vivado/2018.3/common/technology/xilinx/zynq/zynq.gen 
Execute       source C:/Xilinx/Vivado/2018.3/common/technology/xilinx/common/virtex.gen 
Execute         source C:/Xilinx/Vivado/2018.3/common/technology/xilinx/common/xilinx.gen 
Execute           source C:/Xilinx/Vivado/2018.3/common/technology/xilinx/interface/plb46.gen 
Execute           source C:/Xilinx/Vivado/2018.3/common/technology/xilinx/interface/fsl.gen 
Execute           source C:/Xilinx/Vivado/2018.3/common/technology/xilinx/interface/axi4.gen 
Execute           source C:/Xilinx/Vivado/2018.3/common/technology/xilinx/interface/nativeAXI4.gen 
Execute             source C:/Xilinx/Vivado/2018.3/common/technology/xilinx/interface/saxilite.gen 
Execute             source C:/Xilinx/Vivado/2018.3/common/technology/xilinx/interface/maxi.gen 
Execute           source C:/Xilinx/Vivado/2018.3/common/technology/xilinx/scripts/xilinxcoregen.gen 
Execute           source C:/Xilinx/Vivado/2018.3/common/technology/xilinx/interface/XilEDKCoreGen.gen 
Execute           source C:/Xilinx/Vivado/2018.3/common/technology/xilinx/ip/dds_compiler.gen 
Execute           source C:/Xilinx/Vivado/2018.3/common/technology/xilinx/ip/util.gen 
Execute           source C:/Xilinx/Vivado/2018.3/common/technology/xilinx/ip/xfft.gen 
Command           ap_source done; 0.121 sec.
Execute           source C:/Xilinx/Vivado/2018.3/common/technology/xilinx/ip/xfir.gen 
Command         ap_source done; 0.172 sec.
Execute         source C:/Xilinx/Vivado/2018.3/common/technology/xilinx/common/dsp48.gen 
Command       ap_source done; 0.176 sec.
Command     ap_source done; 0.176 sec.
Execute     open_platform DefaultPlatform 
Execute     import_lib C:/Xilinx/Vivado/2018.3/common/technology/xilinx/zynq/zynq_fpv6 
Execute       source C:/Xilinx/Vivado/2018.3/common/technology/xilinx/common/xilinx_fpv7.lib 
Execute         source C:/Xilinx/Vivado/2018.3/common/technology/xilinx/common/xilinx_hp.lib 
Execute       source C:/Xilinx/Vivado/2018.3/common/technology/xilinx/common/xilinx_fpv.hlp 
Execute         source C:/Xilinx/Vivado/2018.3/common/technology/xilinx/common/xilinx.hlp 
Execute           source C:/Xilinx/Vivado/2018.3/common/technology/xilinx/common/target_info.tcl 
Execute           source C:/Xilinx/Vivado/2018.3/common/technology/xilinx/interface/xilinx_interface.hlp 
Execute             source C:/Xilinx/Vivado/2018.3/common/technology/xilinx/interface/maxi.hlp 
Execute             source C:/Xilinx/Vivado/2018.3/common/technology/xilinx/interface/saxilite.hlp 
Execute           source C:/Xilinx/Vivado/2018.3/common/technology/xilinx/common/dsp48.hlp 
Execute       source C:/Xilinx/Vivado/2018.3/common/technology/xilinx/zynq/zynq_hp.hlp 
Execute     source C:/Xilinx/Vivado/2018.3/common/technology/xilinx/zynq/zynq_fpv6.gen 
Execute       source C:/Xilinx/Vivado/2018.3/common/technology/xilinx/common/xilinx_fpv6.gen 
Execute     set_part xc7z020clg484-1 
Execute       add_library xilinx/zynq/zynq:xc7z020:clg484:-1 
Execute         get_default_platform 
Execute         license_isbetapart xc7z020 
Command         license_isbetapart done; error code: 1; 
Execute         get_default_platform 
Execute         config_chip_info -quiet -resource  {SLICE 13300}  {LUT 53200}     {FF 106400} {DSP48E 220}   {BRAM 280}  
Execute         config_chip_info -quiet -speed slow 
Execute       add_library xilinx/zynq/zynq_fpv6 
Execute         get_default_platform 
INFO: [HLS 200-10] Setting target device to 'xc7z020clg484-1'
Execute       get_default_platform 
Execute     get_default_platform 
Execute     config_chip_info -quiet -resource  {SLICE 13300}  {LUT 53200}     {FF 106400} {DSP48E 220}   {BRAM 280}  
Execute     config_chip_info -quiet -speed slow 
Execute     config_export -description=Fast_c_counter 
Execute     config_export -display_name=ugo_c_counter 
Execute     config_export -format=ip_catalog 
Execute     config_export -rtl=verilog 
Execute     config_export -vendor=Ugo 
Execute     config_export -version=1.2 
Command   open_solution done; 0.351 sec.
Execute   export_design -flow impl -rtl verilog -format ip_catalog -description Fast_c_counter -vendor Ugo -version 1.3 -display_name ugo_c_counter 
Execute     get_config_export -acc 
Execute     get_config_export -clock_margin 
Execute     get_config_export -custom_script 
Execute     get_config_export -driver_input_dir 
Execute     get_config_export -ipname 
Execute     get_config_export -kernel_drc 
Execute     get_config_export -library 
Execute     get_config_export -qor_test 
Execute     get_config_export -sdaccel 
Execute     get_config_export -sim 
Execute     get_config_export -taxonomy 
Execute     get_config_export -use_ip 
Execute     get_config_export -use_netlist 
Execute     get_config_export -xo 
Execute     config_export -description=Fast_c_counter -display_name=ugo_c_counter -format=ip_catalog -rtl=verilog -vendor=Ugo -version=1.3 
INFO-FLOW: DBG:CMD: export_design_wrap: -format ip_catalog -flow impl -rtl verilog -vendor Ugo -version 1.3 -description Fast_c_counter -display_name ugo_c_counter
Execute     source C:/Users/ugo/Desktop/Progetti/counter/solution1/.autopilot/db/global.setting.tcl 
Execute     get_config_export -vivado_clock 
Execute     get_top 
Execute     get_config_sdx -target 
Execute     get_config_rtl -auto_prefix 
Execute     get_config_sdx -target 
INFO-FLOW: DBG:CMD:   auto_impl: pack: -export -tool vivado -rtl verilog -sdx-target none
Execute     source C:/Users/ugo/Desktop/Progetti/counter/solution1/.autopilot/db/global.setting.tcl 
INFO-FLOW: DBG:CMD: read_platform_lib C:/Users/ugo/Desktop/Progetti/counter/solution1/.autopilot/db/global.setting.tcl
Execute     source C:/Xilinx/Vivado/2018.3/common/technology/generic/autopilot/common.gen 
Execute       source C:/Xilinx/Vivado/2018.3/common/technology/generic/autopilot/APCoreGen.gen 
Execute     source C:/Xilinx/Vivado/2018.3/common/technology/generic/autopilot/op.gen 
Execute     source C:/Xilinx/Vivado/2018.3/common/technology/generic/autopilot/op_simcore.gen 
Execute     source C:/Xilinx/Vivado/2018.3/common/technology/generic/autopilot/interface.gen 
Execute     source C:/Users/ugo/Desktop/Progetti/counter/solution1/.autopilot/db/global.setting.tcl 
Execute     source C:/Xilinx/Vivado/2018.3/common/technology/xilinx/zynq/zynq.gen 
Execute       source C:/Xilinx/Vivado/2018.3/common/technology/xilinx/common/virtex.gen 
Execute         source C:/Xilinx/Vivado/2018.3/common/technology/xilinx/common/xilinx.gen 
Execute           source C:/Xilinx/Vivado/2018.3/common/technology/xilinx/interface/plb46.gen 
Execute           source C:/Xilinx/Vivado/2018.3/common/technology/xilinx/interface/fsl.gen 
Execute           source C:/Xilinx/Vivado/2018.3/common/technology/xilinx/interface/axi4.gen 
Execute           source C:/Xilinx/Vivado/2018.3/common/technology/xilinx/interface/nativeAXI4.gen 
Execute             source C:/Xilinx/Vivado/2018.3/common/technology/xilinx/interface/saxilite.gen 
Execute             source C:/Xilinx/Vivado/2018.3/common/technology/xilinx/interface/maxi.gen 
Execute           source C:/Xilinx/Vivado/2018.3/common/technology/xilinx/scripts/xilinxcoregen.gen 
Execute           source C:/Xilinx/Vivado/2018.3/common/technology/xilinx/interface/XilEDKCoreGen.gen 
Execute           source C:/Xilinx/Vivado/2018.3/common/technology/xilinx/ip/dds_compiler.gen 
Execute           source C:/Xilinx/Vivado/2018.3/common/technology/xilinx/ip/util.gen 
Execute           source C:/Xilinx/Vivado/2018.3/common/technology/xilinx/ip/xfft.gen 
Command           ap_source done; 0.129 sec.
Execute           source C:/Xilinx/Vivado/2018.3/common/technology/xilinx/ip/xfir.gen 
Command         ap_source done; 0.182 sec.
Execute         source C:/Xilinx/Vivado/2018.3/common/technology/xilinx/common/dsp48.gen 
Command       ap_source done; 0.186 sec.
Command     ap_source done; 0.186 sec.
Execute     source C:/Xilinx/Vivado/2018.3/common/technology/xilinx/zynq/zynq_fpv6.gen 
Execute       source C:/Xilinx/Vivado/2018.3/common/technology/xilinx/common/xilinx_fpv6.gen 
INFO-FLOW: DBG:CMD:   using AESL_AUTOCG::g_clock_period=10.000 (was NA)
Execute     source C:/Users/ugo/Desktop/Progetti/counter/solution1/.autopilot/db/global.setting.tcl 
INFO: [IMPL 213-8] Exporting RTL as a Vivado IP.
Execute     source C:/Users/ugo/Desktop/Progetti/counter/solution1/.autopilot/db/global.setting.tcl 
INFO-FLOW: DBG:CMD: automg_wrap -export -pcore_version 1.00.a -rtl vlog -sdx-target none -tool Vivado -impltomg_flag
INFO-FLOW: DBG:CMD:     auto_generate -export -pcore_version 1.00.a -rtl vlog -sdx-target none -tool Vivado -impltomg_flag
Execute     source C:/Users/ugo/Desktop/Progetti/counter/solution1/.autopilot/db/global.setting.tcl 
INFO-FLOW: DBG:CMD: read_platform_lib C:/Users/ugo/Desktop/Progetti/counter/solution1/.autopilot/db/global.setting.tcl
Execute     source C:/Xilinx/Vivado/2018.3/common/technology/generic/autopilot/common.gen 
Execute       source C:/Xilinx/Vivado/2018.3/common/technology/generic/autopilot/APCoreGen.gen 
Execute     source C:/Xilinx/Vivado/2018.3/common/technology/generic/autopilot/op.gen 
Execute     source C:/Xilinx/Vivado/2018.3/common/technology/generic/autopilot/op_simcore.gen 
Execute     source C:/Xilinx/Vivado/2018.3/common/technology/generic/autopilot/interface.gen 
Execute     source C:/Users/ugo/Desktop/Progetti/counter/solution1/.autopilot/db/global.setting.tcl 
Execute     source C:/Xilinx/Vivado/2018.3/common/technology/xilinx/zynq/zynq.gen 
Execute       source C:/Xilinx/Vivado/2018.3/common/technology/xilinx/common/virtex.gen 
Execute         source C:/Xilinx/Vivado/2018.3/common/technology/xilinx/common/xilinx.gen 
Execute           source C:/Xilinx/Vivado/2018.3/common/technology/xilinx/interface/plb46.gen 
Execute           source C:/Xilinx/Vivado/2018.3/common/technology/xilinx/interface/fsl.gen 
Execute           source C:/Xilinx/Vivado/2018.3/common/technology/xilinx/interface/axi4.gen 
Execute           source C:/Xilinx/Vivado/2018.3/common/technology/xilinx/interface/nativeAXI4.gen 
Execute             source C:/Xilinx/Vivado/2018.3/common/technology/xilinx/interface/saxilite.gen 
Execute             source C:/Xilinx/Vivado/2018.3/common/technology/xilinx/interface/maxi.gen 
Execute           source C:/Xilinx/Vivado/2018.3/common/technology/xilinx/scripts/xilinxcoregen.gen 
Execute           source C:/Xilinx/Vivado/2018.3/common/technology/xilinx/interface/XilEDKCoreGen.gen 
Execute           source C:/Xilinx/Vivado/2018.3/common/technology/xilinx/ip/dds_compiler.gen 
Execute           source C:/Xilinx/Vivado/2018.3/common/technology/xilinx/ip/util.gen 
Execute           source C:/Xilinx/Vivado/2018.3/common/technology/xilinx/ip/xfft.gen 
Command           ap_source done; 0.118 sec.
Execute           source C:/Xilinx/Vivado/2018.3/common/technology/xilinx/ip/xfir.gen 
Command         ap_source done; 0.184 sec.
Execute         source C:/Xilinx/Vivado/2018.3/common/technology/xilinx/common/dsp48.gen 
Command       ap_source done; 0.187 sec.
Command     ap_source done; 0.187 sec.
Execute     source C:/Xilinx/Vivado/2018.3/common/technology/xilinx/zynq/zynq_fpv6.gen 
Execute       source C:/Xilinx/Vivado/2018.3/common/technology/xilinx/common/xilinx_fpv6.gen 
INFO-FLOW: DBG:CMD:       initCTypeInfo top_module=contatore_no_io xml_exists=1
Execute     source C:/Users/ugo/Desktop/Progetti/counter/solution1/.autopilot/db/contatore_no_io.rtl_wrap.cfg.tcl 
Execute     source C:/Users/ugo/Desktop/Progetti/counter/solution1/.autopilot/db/contatore_no_io.rtl_wrap.cfg.tcl 
Execute     source C:/Users/ugo/Desktop/Progetti/counter/solution1/.autopilot/db/contatore_no_io.rtl_wrap.cfg.tcl 
Execute     source C:/Users/ugo/Desktop/Progetti/counter/solution1/.autopilot/db/contatore_no_io.tbgen.tcl 
Execute     source C:/Users/ugo/Desktop/Progetti/counter/solution1/.autopilot/db/contatore_no_io.tbgen.tcl 
INFO-FLOW: DBG:CMD:       export_impl_rtl
INFO-FLOW: DBG:CMD:       generate_ip_cores sim=0 export=0 expOnly=0 dstVlogDir=impl/.verilog
Execute     source C:/Users/ugo/Desktop/Progetti/counter/solution1/.autopilot/db/global.setting.tcl 
Execute     source C:/Users/ugo/Desktop/Progetti/counter/solution1/.autopilot/db/contatore_no_io.compgen.tcl 
INFO-FLOW: DBG:CMD:       generate_ip_cores sim=0 export=1 expOnly=1 dstVlogDir=impl/.pcores/verilog
Execute     source C:/Users/ugo/Desktop/Progetti/counter/solution1/.autopilot/db/global.setting.tcl 
Execute     source C:/Users/ugo/Desktop/Progetti/counter/solution1/.autopilot/db/contatore_no_io.compgen.tcl 
INFO-FLOW: DBG:CMD:       generate_ip_cores sim=0 export=0 expOnly=0 dstVlogDir=impl/.pcores/verilog_sim
Execute     source C:/Users/ugo/Desktop/Progetti/counter/solution1/.autopilot/db/global.setting.tcl 
Execute     source C:/Users/ugo/Desktop/Progetti/counter/solution1/.autopilot/db/contatore_no_io.compgen.tcl 
Execute     source C:/Users/ugo/Desktop/Progetti/counter/solution1/.autopilot/db/global.setting.tcl 
Execute     source C:/Users/ugo/Desktop/Progetti/counter/solution1/.autopilot/db/contatore_no_io.constraint.tcl 
Execute     source C:/Users/ugo/Desktop/Progetti/counter/solution1/.autopilot/db/contatore_no_io.tbgen.tcl 
INFO-FLOW: DBG:CMD:       hasPcoreIpAdapter=false #gSsdmPorts=2
INFO-FLOW: DBG:CMD: Skipping loadAnalyze_DB, #g_database=1
INFO-FLOW: DBG:CMD:       generate_json is_phase_csynth=0 g_has_adaptors=false generate_bd_files=0 #modelList=1 #gSsdmPorts=2
Execute     source C:/Users/ugo/Desktop/Progetti/counter/solution1/.autopilot/db/global.setting.tcl 
Execute     source C:/Users/ugo/Desktop/Progetti/counter/solution1/.autopilot/db/global.setting.tcl 
Execute     source C:/Users/ugo/Desktop/Progetti/counter/solution1/.autopilot/db/contatore_no_io.tbgen.tcl 
Execute     source C:/Users/ugo/Desktop/Progetti/counter/solution1/.autopilot/db/global.setting.tcl 
Execute     get_config_sdx -target 
Execute     get_config_export -xo 
Execute     source C:/Users/ugo/Desktop/Progetti/counter/solution1/.autopilot/db/global.setting.tcl 
Execute     source C:/Users/ugo/Desktop/Progetti/counter/solution1/.autopilot/db/contatore_no_io.constraint.tcl 
Execute     sc_get_clocks contatore_no_io 
Execute     source C:/Users/ugo/Desktop/Progetti/counter/solution1/.autopilot/db/global.setting.tcl 
Execute     get_config_sdx -target 
Execute     get_config_sdx -profile 
Execute     ::config_rtl 
INFO-FLOW: DBG:CMD: add_json_sdx_info kernel file does not exist: C:/Users/ugo/Desktop/Progetti/counter/solution1/.autopilot/db/kernel.internal.xml
INFO-FLOW: DBG:CMD:       generate_ip_script #gSsdmPorts=2
Execute     source C:/Users/ugo/Desktop/Progetti/counter/solution1/.autopilot/db/contatore_no_io.tbgen.tcl 
Execute     source C:/Users/ugo/Desktop/Progetti/counter/solution1/.autopilot/db/global.setting.tcl 
Execute     get_config_sdx -target 
INFO-FLOW: DBG:CMD:       generate_ip_auxiliary
Execute     source C:/Users/ugo/Desktop/Progetti/counter/solution1/.autopilot/db/global.setting.tcl 
INFO-FLOW: DBG:CMD:       prepArgInfo -> loadAnalyze_DB top_module=contatore_no_io
Execute     source C:/Users/ugo/Desktop/Progetti/counter/solution1/.autopilot/db/contatore_no_io.rtl_wrap.cfg.tcl 
Execute     source C:/Users/ugo/Desktop/Progetti/counter/solution1/.autopilot/db/contatore_no_io.rtl_wrap.cfg.tcl 
Execute     source C:/Users/ugo/Desktop/Progetti/counter/solution1/.autopilot/db/contatore_no_io.rtl_wrap.cfg.tcl 
Execute     source C:/Users/ugo/Desktop/Progetti/counter/solution1/.autopilot/db/contatore_no_io.tbgen.tcl 
Execute     source C:/Users/ugo/Desktop/Progetti/counter/solution1/.autopilot/db/contatore_no_io.tbgen.tcl 
Execute     source C:/Users/ugo/Desktop/Progetti/counter/solution1/.autopilot/db/contatore_no_io.tbgen.tcl 
INFO-FLOW: DBG:CMD:       generate_top_info
INFO-FLOW: DBG:CMD:       prepArgInfo -> loadAnalyze_DB top_module=contatore_no_io
Execute     source C:/Users/ugo/Desktop/Progetti/counter/solution1/.autopilot/db/contatore_no_io.rtl_wrap.cfg.tcl 
Execute     source C:/Users/ugo/Desktop/Progetti/counter/solution1/.autopilot/db/contatore_no_io.rtl_wrap.cfg.tcl 
Execute     source C:/Users/ugo/Desktop/Progetti/counter/solution1/.autopilot/db/contatore_no_io.rtl_wrap.cfg.tcl 
Execute     source C:/Users/ugo/Desktop/Progetti/counter/solution1/.autopilot/db/contatore_no_io.tbgen.tcl 
Execute     source C:/Users/ugo/Desktop/Progetti/counter/solution1/.autopilot/db/contatore_no_io.tbgen.tcl 
Execute     source C:/Users/ugo/Desktop/Progetti/counter/solution1/.autopilot/db/contatore_no_io.tbgen.tcl 
Execute     source C:/Users/ugo/Desktop/Progetti/counter/solution1/.autopilot/db/global.setting.tcl 
Execute     source C:/Users/ugo/Desktop/Progetti/counter/solution1/.autopilot/db/contatore_no_io.constraint.tcl 
INFO-FLOW: DBG:CMD:       generate_ipi_example_script
INFO-FLOW: DBG:CMD:       generate_syn_sh
Execute     source C:/Users/ugo/Desktop/Progetti/counter/solution1/.autopilot/db/global.setting.tcl 
Execute     source C:/Users/ugo/Desktop/Progetti/counter/solution1/.autopilot/db/global.setting.tcl 
INFO-FLOW: DBG:CMD:       generate_imp_constraints
Execute     source C:/Users/ugo/Desktop/Progetti/counter/solution1/.autopilot/db/contatore_no_io.constraint.tcl 
Execute     source C:/Users/ugo/Desktop/Progetti/counter/solution1/.autopilot/db/contatore_no_io.tbgen.tcl 
Execute     source C:/Users/ugo/Desktop/Progetti/counter/solution1/.autopilot/db/contatore_no_io.constraint.tcl 
Execute     source C:/Users/ugo/Desktop/Progetti/counter/solution1/.autopilot/db/contatore_no_io.tbgen.tcl 
INFO-FLOW: DBG:CMD:       copy-tb-rtl-files
INFO-FLOW: DBG:CMD:       copy-tb-data-files
INFO-FLOW: DBG:CMD:       delete-temp-dirs (skipped for debug)
INFO-FLOW: DBG:CMD: read_platform_lib C:/Users/ugo/Desktop/Progetti/counter/solution1/.autopilot/db/global.setting.tcl
Execute     source C:/Xilinx/Vivado/2018.3/common/technology/generic/autopilot/common.gen 
Execute       source C:/Xilinx/Vivado/2018.3/common/technology/generic/autopilot/APCoreGen.gen 
Execute     source C:/Xilinx/Vivado/2018.3/common/technology/generic/autopilot/op.gen 
Execute     source C:/Xilinx/Vivado/2018.3/common/technology/generic/autopilot/op_simcore.gen 
Execute     source C:/Xilinx/Vivado/2018.3/common/technology/generic/autopilot/interface.gen 
Execute     source C:/Users/ugo/Desktop/Progetti/counter/solution1/.autopilot/db/global.setting.tcl 
Execute     source C:/Xilinx/Vivado/2018.3/common/technology/xilinx/zynq/zynq.gen 
Execute       source C:/Xilinx/Vivado/2018.3/common/technology/xilinx/common/virtex.gen 
Execute         source C:/Xilinx/Vivado/2018.3/common/technology/xilinx/common/xilinx.gen 
Execute           source C:/Xilinx/Vivado/2018.3/common/technology/xilinx/interface/plb46.gen 
Execute           source C:/Xilinx/Vivado/2018.3/common/technology/xilinx/interface/fsl.gen 
Execute           source C:/Xilinx/Vivado/2018.3/common/technology/xilinx/interface/axi4.gen 
Execute           source C:/Xilinx/Vivado/2018.3/common/technology/xilinx/interface/nativeAXI4.gen 
Execute             source C:/Xilinx/Vivado/2018.3/common/technology/xilinx/interface/saxilite.gen 
Execute             source C:/Xilinx/Vivado/2018.3/common/technology/xilinx/interface/maxi.gen 
Execute           source C:/Xilinx/Vivado/2018.3/common/technology/xilinx/scripts/xilinxcoregen.gen 
Execute           source C:/Xilinx/Vivado/2018.3/common/technology/xilinx/interface/XilEDKCoreGen.gen 
Execute           source C:/Xilinx/Vivado/2018.3/common/technology/xilinx/ip/dds_compiler.gen 
Execute           source C:/Xilinx/Vivado/2018.3/common/technology/xilinx/ip/util.gen 
Execute           source C:/Xilinx/Vivado/2018.3/common/technology/xilinx/ip/xfft.gen 
Command           ap_source done; 0.134 sec.
Execute           source C:/Xilinx/Vivado/2018.3/common/technology/xilinx/ip/xfir.gen 
Command         ap_source done; 0.185 sec.
Execute         source C:/Xilinx/Vivado/2018.3/common/technology/xilinx/common/dsp48.gen 
Command       ap_source done; 0.188 sec.
Command     ap_source done; 0.188 sec.
Execute     source C:/Xilinx/Vivado/2018.3/common/technology/xilinx/zynq/zynq_fpv6.gen 
Execute       source C:/Xilinx/Vivado/2018.3/common/technology/xilinx/common/xilinx_fpv6.gen 
INFO-FLOW: DBG:CMD:     exec C:/Users/ugo/Desktop/Progetti/counter/solution1/impl/ip/pack.bat
INFO-FLOW: DBG:CMD:   auto_impl: eval: -tool vivado -flow impl -rtl verilog
Execute     source C:/Users/ugo/Desktop/Progetti/counter/solution1/.autopilot/db/global.setting.tcl 
INFO-FLOW: DBG:CMD: read_platform_lib C:/Users/ugo/Desktop/Progetti/counter/solution1/.autopilot/db/global.setting.tcl
Execute     source C:/Xilinx/Vivado/2018.3/common/technology/generic/autopilot/common.gen 
Execute       source C:/Xilinx/Vivado/2018.3/common/technology/generic/autopilot/APCoreGen.gen 
Execute     source C:/Xilinx/Vivado/2018.3/common/technology/generic/autopilot/op.gen 
Execute     source C:/Xilinx/Vivado/2018.3/common/technology/generic/autopilot/op_simcore.gen 
Execute     source C:/Xilinx/Vivado/2018.3/common/technology/generic/autopilot/interface.gen 
Execute     source C:/Users/ugo/Desktop/Progetti/counter/solution1/.autopilot/db/global.setting.tcl 
Execute     source C:/Xilinx/Vivado/2018.3/common/technology/xilinx/zynq/zynq.gen 
Execute       source C:/Xilinx/Vivado/2018.3/common/technology/xilinx/common/virtex.gen 
Execute         source C:/Xilinx/Vivado/2018.3/common/technology/xilinx/common/xilinx.gen 
Execute           source C:/Xilinx/Vivado/2018.3/common/technology/xilinx/interface/plb46.gen 
Execute           source C:/Xilinx/Vivado/2018.3/common/technology/xilinx/interface/fsl.gen 
Execute           source C:/Xilinx/Vivado/2018.3/common/technology/xilinx/interface/axi4.gen 
Execute           source C:/Xilinx/Vivado/2018.3/common/technology/xilinx/interface/nativeAXI4.gen 
Execute             source C:/Xilinx/Vivado/2018.3/common/technology/xilinx/interface/saxilite.gen 
Execute             source C:/Xilinx/Vivado/2018.3/common/technology/xilinx/interface/maxi.gen 
Execute           source C:/Xilinx/Vivado/2018.3/common/technology/xilinx/scripts/xilinxcoregen.gen 
Execute           source C:/Xilinx/Vivado/2018.3/common/technology/xilinx/interface/XilEDKCoreGen.gen 
Execute           source C:/Xilinx/Vivado/2018.3/common/technology/xilinx/ip/dds_compiler.gen 
Execute           source C:/Xilinx/Vivado/2018.3/common/technology/xilinx/ip/util.gen 
Execute           source C:/Xilinx/Vivado/2018.3/common/technology/xilinx/ip/xfft.gen 
Command           ap_source done; 0.115 sec.
Execute           source C:/Xilinx/Vivado/2018.3/common/technology/xilinx/ip/xfir.gen 
Command         ap_source done; 0.165 sec.
Execute         source C:/Xilinx/Vivado/2018.3/common/technology/xilinx/common/dsp48.gen 
Command       ap_source done; 0.168 sec.
Command     ap_source done; 0.168 sec.
Execute     source C:/Xilinx/Vivado/2018.3/common/technology/xilinx/zynq/zynq_fpv6.gen 
Execute       source C:/Xilinx/Vivado/2018.3/common/technology/xilinx/common/xilinx_fpv6.gen 
Execute     source C:/Users/ugo/Desktop/Progetti/counter/solution1/.autopilot/db/global.setting.tcl 
INFO: [IMPL 213-8] Starting RTL evaluation using Vivado ...
Execute     source C:/Users/ugo/Desktop/Progetti/counter/solution1/.autopilot/db/global.setting.tcl 
INFO-FLOW: DBG:CMD: automg_wrap -rtl vlog -tool Vivado -impltomg_flag
INFO-FLOW: DBG:CMD:     auto_generate -rtl vlog -tool Vivado -impltomg_flag
Execute     source C:/Users/ugo/Desktop/Progetti/counter/solution1/.autopilot/db/global.setting.tcl 
INFO-FLOW: DBG:CMD: read_platform_lib C:/Users/ugo/Desktop/Progetti/counter/solution1/.autopilot/db/global.setting.tcl
Execute     source C:/Xilinx/Vivado/2018.3/common/technology/generic/autopilot/common.gen 
Execute       source C:/Xilinx/Vivado/2018.3/common/technology/generic/autopilot/APCoreGen.gen 
Execute     source C:/Xilinx/Vivado/2018.3/common/technology/generic/autopilot/op.gen 
Execute     source C:/Xilinx/Vivado/2018.3/common/technology/generic/autopilot/op_simcore.gen 
Execute     source C:/Xilinx/Vivado/2018.3/common/technology/generic/autopilot/interface.gen 
Execute     source C:/Users/ugo/Desktop/Progetti/counter/solution1/.autopilot/db/global.setting.tcl 
Execute     source C:/Xilinx/Vivado/2018.3/common/technology/xilinx/zynq/zynq.gen 
Execute       source C:/Xilinx/Vivado/2018.3/common/technology/xilinx/common/virtex.gen 
Execute         source C:/Xilinx/Vivado/2018.3/common/technology/xilinx/common/xilinx.gen 
Execute           source C:/Xilinx/Vivado/2018.3/common/technology/xilinx/interface/plb46.gen 
Execute           source C:/Xilinx/Vivado/2018.3/common/technology/xilinx/interface/fsl.gen 
Execute           source C:/Xilinx/Vivado/2018.3/common/technology/xilinx/interface/axi4.gen 
Execute           source C:/Xilinx/Vivado/2018.3/common/technology/xilinx/interface/nativeAXI4.gen 
Execute             source C:/Xilinx/Vivado/2018.3/common/technology/xilinx/interface/saxilite.gen 
Execute             source C:/Xilinx/Vivado/2018.3/common/technology/xilinx/interface/maxi.gen 
Execute           source C:/Xilinx/Vivado/2018.3/common/technology/xilinx/scripts/xilinxcoregen.gen 
Execute           source C:/Xilinx/Vivado/2018.3/common/technology/xilinx/interface/XilEDKCoreGen.gen 
Execute           source C:/Xilinx/Vivado/2018.3/common/technology/xilinx/ip/dds_compiler.gen 
Execute           source C:/Xilinx/Vivado/2018.3/common/technology/xilinx/ip/util.gen 
Execute           source C:/Xilinx/Vivado/2018.3/common/technology/xilinx/ip/xfft.gen 
Command           ap_source done; 0.129 sec.
Execute           source C:/Xilinx/Vivado/2018.3/common/technology/xilinx/ip/xfir.gen 
Command         ap_source done; 0.179 sec.
Execute         source C:/Xilinx/Vivado/2018.3/common/technology/xilinx/common/dsp48.gen 
Command       ap_source done; 0.182 sec.
Command     ap_source done; 0.182 sec.
Execute     source C:/Xilinx/Vivado/2018.3/common/technology/xilinx/zynq/zynq_fpv6.gen 
Execute       source C:/Xilinx/Vivado/2018.3/common/technology/xilinx/common/xilinx_fpv6.gen 
INFO-FLOW: DBG:CMD:       generate_ip_cores sim=0 export=0 expOnly=0 dstVlogDir=impl/verilog
Execute     source C:/Users/ugo/Desktop/Progetti/counter/solution1/.autopilot/db/global.setting.tcl 
Execute     source C:/Users/ugo/Desktop/Progetti/counter/solution1/.autopilot/db/contatore_no_io.compgen.tcl 
INFO-FLOW: DBG:CMD:       generate_syn_sh
Execute     source C:/Users/ugo/Desktop/Progetti/counter/solution1/.autopilot/db/global.setting.tcl 
INFO-FLOW: DBG:CMD:       generate_imp_constraints
Execute     source C:/Users/ugo/Desktop/Progetti/counter/solution1/.autopilot/db/contatore_no_io.constraint.tcl 
Execute     source C:/Users/ugo/Desktop/Progetti/counter/solution1/.autopilot/db/contatore_no_io.tbgen.tcl 
INFO-FLOW: DBG:CMD:       copy-tb-rtl-files
INFO-FLOW: DBG:CMD:       copy-tb-data-files
INFO-FLOW: DBG:CMD:       delete-temp-dirs (skipped for debug)
INFO-FLOW: DBG:CMD: read_platform_lib C:/Users/ugo/Desktop/Progetti/counter/solution1/.autopilot/db/global.setting.tcl
Execute     source C:/Xilinx/Vivado/2018.3/common/technology/generic/autopilot/common.gen 
Execute       source C:/Xilinx/Vivado/2018.3/common/technology/generic/autopilot/APCoreGen.gen 
Execute     source C:/Xilinx/Vivado/2018.3/common/technology/generic/autopilot/op.gen 
Execute     source C:/Xilinx/Vivado/2018.3/common/technology/generic/autopilot/op_simcore.gen 
Execute     source C:/Xilinx/Vivado/2018.3/common/technology/generic/autopilot/interface.gen 
Execute     source C:/Users/ugo/Desktop/Progetti/counter/solution1/.autopilot/db/global.setting.tcl 
Execute     source C:/Xilinx/Vivado/2018.3/common/technology/xilinx/zynq/zynq.gen 
Execute       source C:/Xilinx/Vivado/2018.3/common/technology/xilinx/common/virtex.gen 
Execute         source C:/Xilinx/Vivado/2018.3/common/technology/xilinx/common/xilinx.gen 
Execute           source C:/Xilinx/Vivado/2018.3/common/technology/xilinx/interface/plb46.gen 
Execute           source C:/Xilinx/Vivado/2018.3/common/technology/xilinx/interface/fsl.gen 
Execute           source C:/Xilinx/Vivado/2018.3/common/technology/xilinx/interface/axi4.gen 
Execute           source C:/Xilinx/Vivado/2018.3/common/technology/xilinx/interface/nativeAXI4.gen 
Execute             source C:/Xilinx/Vivado/2018.3/common/technology/xilinx/interface/saxilite.gen 
Execute             source C:/Xilinx/Vivado/2018.3/common/technology/xilinx/interface/maxi.gen 
Execute           source C:/Xilinx/Vivado/2018.3/common/technology/xilinx/scripts/xilinxcoregen.gen 
Execute           source C:/Xilinx/Vivado/2018.3/common/technology/xilinx/interface/XilEDKCoreGen.gen 
Execute           source C:/Xilinx/Vivado/2018.3/common/technology/xilinx/ip/dds_compiler.gen 
Execute           source C:/Xilinx/Vivado/2018.3/common/technology/xilinx/ip/util.gen 
Execute           source C:/Xilinx/Vivado/2018.3/common/technology/xilinx/ip/xfft.gen 
Command           ap_source done; 0.115 sec.
Execute           source C:/Xilinx/Vivado/2018.3/common/technology/xilinx/ip/xfir.gen 
Command         ap_source done; 0.164 sec.
Execute         source C:/Xilinx/Vivado/2018.3/common/technology/xilinx/common/dsp48.gen 
Command       ap_source done; 0.167 sec.
Command     ap_source done; 0.167 sec.
Execute     source C:/Xilinx/Vivado/2018.3/common/technology/xilinx/zynq/zynq_fpv6.gen 
Execute       source C:/Xilinx/Vivado/2018.3/common/technology/xilinx/common/xilinx_fpv6.gen 
Execute     get_config_export -vivado_report_level 
Execute     get_config_export -vivado_ip_cache 
Execute     get_config_export -vivado_enable_slr_assignment 
Execute     get_config_export -vivado_bd_cell_properties 
Execute     get_config_export -vivado_synth_design_args 
Execute     source C:/Users/ugo/Desktop/Progetti/counter/solution1/.autopilot/db/global.setting.tcl 
Execute     get_config_export -vivado_synth_strategy 
Execute     get_config_export -vivado_synth_run_properties 
Execute     get_config_export -vivado_impl_run_properties 
Execute     get_config_export -vivado_enable_pblock 
Execute     get_config_export -vivado_impl_strategy 
Execute     get_config_export -vivado_phys_opt 
INFO-FLOW: DBG:CMD: auto_impl: vlog exec C:/Users/ugo/Desktop/Progetti/counter/solution1/impl/verilog/impl.bat
Command   export_design done; 220.21 sec.
Command ap_source done; 220.573 sec.
Execute cleanup_all 
